[0.702s] Invoking command in '/root/ros2_ws/build/rbe500_example_py': PYTHONPATH=/root/ros2_ws/build/rbe500_example_py/prefix_override:/usr/lib/python3/dist-packages/colcon_core/task/python/colcon_distutils_commands:/root/ros2_ws/install/rbe500_example_py/lib/python3.10/site-packages:${PYTHONPATH} /usr/bin/python3 -W ignore:setup.py install is deprecated -W ignore:easy_install command is deprecated setup.py develop --editable --build-directory /root/ros2_ws/build/rbe500_example_py/build --no-deps symlink_data
[0.924s] running develop
[1.018s] running egg_info
[1.018s] creating rbe500_example_py.egg-info
[1.018s] writing rbe500_example_py.egg-info/PKG-INFO
[1.018s] writing dependency_links to rbe500_example_py.egg-info/dependency_links.txt
[1.018s] writing entry points to rbe500_example_py.egg-info/entry_points.txt
[1.018s] writing requirements to rbe500_example_py.egg-info/requires.txt
[1.018s] writing top-level names to rbe500_example_py.egg-info/top_level.txt
[1.018s] writing manifest file 'rbe500_example_py.egg-info/SOURCES.txt'
[1.020s] reading manifest file 'rbe500_example_py.egg-info/SOURCES.txt'
[1.020s] writing manifest file 'rbe500_example_py.egg-info/SOURCES.txt'
[1.021s] running build_ext
[1.022s] Creating /root/ros2_ws/install/rbe500_example_py/lib/python3.10/site-packages/rbe500-example-py.egg-link (link to .)
[1.022s] Installing basic_robot_control script to /root/ros2_ws/install/rbe500_example_py/lib/rbe500_example_py
[1.022s] 
[1.023s] Installed /root/ros2_ws/build/rbe500_example_py
[1.023s] running symlink_data
[1.023s] creating /root/ros2_ws/install/rbe500_example_py/share/ament_index
[1.023s] creating /root/ros2_ws/install/rbe500_example_py/share/ament_index/resource_index
[1.023s] creating /root/ros2_ws/install/rbe500_example_py/share/ament_index/resource_index/packages
[1.023s] symbolically linking /root/ros2_ws/build/rbe500_example_py/resource/rbe500_example_py -> /root/ros2_ws/install/rbe500_example_py/share/ament_index/resource_index/packages
[1.023s] symbolically linking /root/ros2_ws/build/rbe500_example_py/package.xml -> /root/ros2_ws/install/rbe500_example_py/share/rbe500_example_py
[1.050s] Invoked command in '/root/ros2_ws/build/rbe500_example_py' returned '0': PYTHONPATH=/root/ros2_ws/build/rbe500_example_py/prefix_override:/usr/lib/python3/dist-packages/colcon_core/task/python/colcon_distutils_commands:/root/ros2_ws/install/rbe500_example_py/lib/python3.10/site-packages:${PYTHONPATH} /usr/bin/python3 -W ignore:setup.py install is deprecated -W ignore:easy_install command is deprecated setup.py develop --editable --build-directory /root/ros2_ws/build/rbe500_example_py/build --no-deps symlink_data
