[0.012s] Invoking command in '/root/ros2_ws/build/rbe500-example': AMENT_PREFIX_PATH=/root/ros2_ws/install/open_manipulator_msgs:${AMENT_PREFIX_PATH} CMAKE_PREFIX_PATH=/root/ros2_ws/install/open_manipulator_msgs:/opt/ros/humble LD_LIBRARY_PATH=/root/ros2_ws/install/open_manipulator_msgs/lib:${LD_LIBRARY_PATH} PYTHONPATH=/root/ros2_ws/install/open_manipulator_msgs/local/lib/python3.10/dist-packages:${PYTHONPATH} /usr/bin/cmake /root/ros2_ws/src/rbe500-example -DAMENT_CMAKE_SYMLINK_INSTALL=1 -DCMAKE_INSTALL_PREFIX=/root/ros2_ws/install/rbe500-example
[0.082s] -- The C compiler identification is GNU 11.4.0
[0.155s] -- The CXX compiler identification is GNU 11.4.0
[0.164s] -- Detecting C compiler ABI info
[0.253s] -- Detecting C compiler ABI info - done
[0.259s] -- Check for working C compiler: /usr/bin/cc - skipped
[0.259s] -- Detecting C compile features
[0.260s] -- Detecting C compile features - done
[0.262s] -- Detecting CXX compiler ABI info
[0.361s] -- Detecting CXX compiler ABI info - done
[0.370s] -- Check for working CXX compiler: /usr/bin/c++ - skipped
[0.370s] -- Detecting CXX compile features
[0.371s] -- Detecting CXX compile features - done
[0.376s] -- Found ament_cmake: 1.3.12 (/opt/ros/humble/share/ament_cmake/cmake)
[0.585s] -- Found Python3: /usr/bin/python3 (found version "3.10.12") found components: Interpreter 
[0.672s] -- Override CMake install command with custom implementation using symlinks instead of copying resources
[0.728s] -- Found rclcpp: 16.0.15 (/opt/ros/humble/share/rclcpp/cmake)
[0.797s] -- Found rosidl_generator_c: 3.1.7 (/opt/ros/humble/share/rosidl_generator_c/cmake)
[0.806s] -- Found rosidl_adapter: 3.1.7 (/opt/ros/humble/share/rosidl_adapter/cmake)
[0.820s] -- Found rosidl_generator_cpp: 3.1.7 (/opt/ros/humble/share/rosidl_generator_cpp/cmake)
[0.838s] -- Using all available rosidl_typesupport_c: rosidl_typesupport_fastrtps_c;rosidl_typesupport_introspection_c
[0.857s] -- Using all available rosidl_typesupport_cpp: rosidl_typesupport_fastrtps_cpp;rosidl_typesupport_introspection_cpp
[0.902s] -- Found rmw_implementation_cmake: 6.1.2 (/opt/ros/humble/share/rmw_implementation_cmake/cmake)
[0.904s] -- Found rmw_fastrtps_cpp: 6.2.8 (/opt/ros/humble/share/rmw_fastrtps_cpp/cmake)
[1.006s] -- Found OpenSSL: /usr/lib/x86_64-linux-gnu/libcrypto.so (found version "3.0.2")  
[1.054s] -- Found FastRTPS: /opt/ros/humble/include  
[1.130s] -- Using RMW implementation 'rmw_fastrtps_cpp' as default
[1.148s] -- Looking for pthread.h
[1.239s] -- Looking for pthread.h - found
[1.239s] -- Performing Test CMAKE_HAVE_LIBC_PTHREAD
[1.335s] -- Performing Test CMAKE_HAVE_LIBC_PTHREAD - Success
[1.337s] -- Found Threads: TRUE  
[1.413s] -- Found example_interfaces: 0.9.3 (/opt/ros/humble/share/example_interfaces/cmake)
[1.476s] -- Found open_manipulator_msgs: 2.2.0 (/root/ros2_ws/install/open_manipulator_msgs/share/open_manipulator_msgs/cmake)
[1.519s] -- Found ament_lint_auto: 0.12.14 (/opt/ros/humble/share/ament_lint_auto/cmake)
[1.632s] -- Added test 'cppcheck' to perform static code analysis on C / C++ code
[1.632s] -- Configured cppcheck include dirs: $<BUILD_INTERFACE:/root/ros2_ws/src/rbe500-example/include>;/root/ros2_ws/src/rbe500-example/open_manipulator_msgs/srv
[1.632s] -- Configured cppcheck exclude dirs and/or files: 
[1.633s] -- Added test 'lint_cmake' to check CMake code style
[1.633s] -- Added test 'uncrustify' to check C / C++ code style
[1.634s] -- Configured uncrustify additional arguments: 
[1.634s] -- Added test 'xmllint' to check XML markup files
[1.636s] -- Configuring done
[1.649s] -- Generating done
[1.655s] -- Build files have been written to: /root/ros2_ws/build/rbe500-example
[1.667s] Invoked command in '/root/ros2_ws/build/rbe500-example' returned '0': AMENT_PREFIX_PATH=/root/ros2_ws/install/open_manipulator_msgs:${AMENT_PREFIX_PATH} CMAKE_PREFIX_PATH=/root/ros2_ws/install/open_manipulator_msgs:/opt/ros/humble LD_LIBRARY_PATH=/root/ros2_ws/install/open_manipulator_msgs/lib:${LD_LIBRARY_PATH} PYTHONPATH=/root/ros2_ws/install/open_manipulator_msgs/local/lib/python3.10/dist-packages:${PYTHONPATH} /usr/bin/cmake /root/ros2_ws/src/rbe500-example -DAMENT_CMAKE_SYMLINK_INSTALL=1 -DCMAKE_INSTALL_PREFIX=/root/ros2_ws/install/rbe500-example
[1.669s] Invoking command in '/root/ros2_ws/build/rbe500-example': AMENT_PREFIX_PATH=/root/ros2_ws/install/open_manipulator_msgs:${AMENT_PREFIX_PATH} CMAKE_PREFIX_PATH=/root/ros2_ws/install/open_manipulator_msgs:/opt/ros/humble LD_LIBRARY_PATH=/root/ros2_ws/install/open_manipulator_msgs/lib:${LD_LIBRARY_PATH} PYTHONPATH=/root/ros2_ws/install/open_manipulator_msgs/local/lib/python3.10/dist-packages:${PYTHONPATH} /usr/bin/cmake --build /root/ros2_ws/build/rbe500-example -- -j24 -l24
[1.731s] [ 50%] [32mBuilding CXX object CMakeFiles/basic_robot_control.dir/src/basic_robot_control.cpp.o[0m
[4.831s] [100%] [32m[1mLinking CXX executable basic_robot_control[0m
[5.012s] [100%] Built target basic_robot_control
[5.027s] Invoked command in '/root/ros2_ws/build/rbe500-example' returned '0': AMENT_PREFIX_PATH=/root/ros2_ws/install/open_manipulator_msgs:${AMENT_PREFIX_PATH} CMAKE_PREFIX_PATH=/root/ros2_ws/install/open_manipulator_msgs:/opt/ros/humble LD_LIBRARY_PATH=/root/ros2_ws/install/open_manipulator_msgs/lib:${LD_LIBRARY_PATH} PYTHONPATH=/root/ros2_ws/install/open_manipulator_msgs/local/lib/python3.10/dist-packages:${PYTHONPATH} /usr/bin/cmake --build /root/ros2_ws/build/rbe500-example -- -j24 -l24
[5.030s] Invoking command in '/root/ros2_ws/build/rbe500-example': AMENT_PREFIX_PATH=/root/ros2_ws/install/open_manipulator_msgs:${AMENT_PREFIX_PATH} CMAKE_PREFIX_PATH=/root/ros2_ws/install/open_manipulator_msgs:/opt/ros/humble LD_LIBRARY_PATH=/root/ros2_ws/install/open_manipulator_msgs/lib:${LD_LIBRARY_PATH} PYTHONPATH=/root/ros2_ws/install/open_manipulator_msgs/local/lib/python3.10/dist-packages:${PYTHONPATH} /usr/bin/cmake --install /root/ros2_ws/build/rbe500-example
[5.039s] -- Install configuration: ""
[5.040s] -- Execute custom install script
[5.040s] -- Symlinking: /root/ros2_ws/install/rbe500-example/lib/rbe500-example/basic_robot_control
[5.052s] -- Symlinking: /root/ros2_ws/install/rbe500-example/share/ament_index/resource_index/package_run_dependencies/rbe500-example
[5.063s] -- Symlinking: /root/ros2_ws/install/rbe500-example/share/ament_index/resource_index/parent_prefix_path/rbe500-example
[5.074s] -- Symlinking: /root/ros2_ws/install/rbe500-example/share/rbe500-example/environment/ament_prefix_path.sh
[5.085s] -- Symlinking: /root/ros2_ws/install/rbe500-example/share/rbe500-example/environment/ament_prefix_path.dsv
[5.095s] -- Symlinking: /root/ros2_ws/install/rbe500-example/share/rbe500-example/environment/path.sh
[5.106s] -- Symlinking: /root/ros2_ws/install/rbe500-example/share/rbe500-example/environment/path.dsv
[5.116s] -- Symlinking: /root/ros2_ws/install/rbe500-example/share/rbe500-example/local_setup.bash
[5.127s] -- Symlinking: /root/ros2_ws/install/rbe500-example/share/rbe500-example/local_setup.sh
[5.137s] -- Symlinking: /root/ros2_ws/install/rbe500-example/share/rbe500-example/local_setup.zsh
[5.147s] -- Symlinking: /root/ros2_ws/install/rbe500-example/share/rbe500-example/local_setup.dsv
[5.157s] -- Symlinking: /root/ros2_ws/install/rbe500-example/share/rbe500-example/package.dsv
[5.168s] -- Symlinking: /root/ros2_ws/install/rbe500-example/share/ament_index/resource_index/packages/rbe500-example
[5.178s] -- Symlinking: /root/ros2_ws/install/rbe500-example/share/rbe500-example/cmake/rbe500-exampleConfig.cmake
[5.189s] -- Symlinking: /root/ros2_ws/install/rbe500-example/share/rbe500-example/cmake/rbe500-exampleConfig-version.cmake
[5.199s] -- Symlinking: /root/ros2_ws/install/rbe500-example/share/rbe500-example/package.xml
[5.212s] Invoked command in '/root/ros2_ws/build/rbe500-example' returned '0': AMENT_PREFIX_PATH=/root/ros2_ws/install/open_manipulator_msgs:${AMENT_PREFIX_PATH} CMAKE_PREFIX_PATH=/root/ros2_ws/install/open_manipulator_msgs:/opt/ros/humble LD_LIBRARY_PATH=/root/ros2_ws/install/open_manipulator_msgs/lib:${LD_LIBRARY_PATH} PYTHONPATH=/root/ros2_ws/install/open_manipulator_msgs/local/lib/python3.10/dist-packages:${PYTHONPATH} /usr/bin/cmake --install /root/ros2_ws/build/rbe500-example
