[0.030s] Invoking command in '/root/ros2_ws/build/open_manipulator_msgs': CMAKE_PREFIX_PATH=/opt/ros/humble /usr/bin/cmake /root/ros2_ws/src/open_manipulator_msgs -DAMENT_CMAKE_SYMLINK_INSTALL=1 -DCMAKE_INSTALL_PREFIX=/root/ros2_ws/install/open_manipulator_msgs
[0.130s] -- The C compiler identification is GNU 11.4.0
[0.213s] -- The CXX compiler identification is GNU 11.4.0
[0.225s] -- Detecting C compiler ABI info
[0.311s] -- Detecting C compiler ABI info - done
[0.319s] -- Check for working C compiler: /usr/bin/cc - skipped
[0.320s] -- Detecting C compile features
[0.320s] -- Detecting C compile features - done
[0.324s] -- Detecting CXX compiler ABI info
[0.420s] -- Detecting CXX compiler ABI info - done
[0.428s] -- Check for working CXX compiler: /usr/bin/c++ - skipped
[0.428s] -- Detecting CXX compile features
[0.428s] -- Detecting CXX compile features - done
[0.438s] -- Found ament_cmake: 1.3.12 (/opt/ros/humble/share/ament_cmake/cmake)
[0.639s] -- Found Python3: /usr/bin/python3 (found version "3.10.12") found components: Interpreter 
[0.734s] -- Override CMake install command with custom implementation using symlinks instead of copying resources
[0.812s] -- Found geometry_msgs: 4.9.0 (/opt/ros/humble/share/geometry_msgs/cmake)
[0.877s] -- Found rosidl_generator_c: 3.1.7 (/opt/ros/humble/share/rosidl_generator_c/cmake)
[0.887s] -- Found rosidl_adapter: 3.1.7 (/opt/ros/humble/share/rosidl_adapter/cmake)
[0.905s] -- Found rosidl_generator_cpp: 3.1.7 (/opt/ros/humble/share/rosidl_generator_cpp/cmake)
[0.927s] -- Using all available rosidl_typesupport_c: rosidl_typesupport_fastrtps_c;rosidl_typesupport_introspection_c
[0.957s] -- Using all available rosidl_typesupport_cpp: rosidl_typesupport_fastrtps_cpp;rosidl_typesupport_introspection_cpp
[1.008s] -- Found rosidl_default_generators: 1.2.0 (/opt/ros/humble/share/rosidl_default_generators/cmake)
[1.457s] -- Found ament_cmake_cppcheck: 0.12.14 (/opt/ros/humble/share/ament_cmake_cppcheck/cmake)
[1.462s] -- Found ament_cmake_cpplint: 0.12.14 (/opt/ros/humble/share/ament_cmake_cpplint/cmake)
[1.467s] -- Found ament_cmake_uncrustify: 0.12.14 (/opt/ros/humble/share/ament_cmake_uncrustify/cmake)
[1.471s] -- Found ament_cmake_ros: 0.10.0 (/opt/ros/humble/share/ament_cmake_ros/cmake)
[2.015s] -- Using all available rosidl_typesupport_c: rosidl_typesupport_fastrtps_c;rosidl_typesupport_introspection_c
[2.221s] -- Using all available rosidl_typesupport_cpp: rosidl_typesupport_fastrtps_cpp;rosidl_typesupport_introspection_cpp
[2.252s] -- Found PythonInterp: /usr/bin/python3 (found suitable version "3.10.12", minimum required is "3.6") 
[2.256s] -- Found python_cmake_module: 0.10.0 (/opt/ros/humble/share/python_cmake_module/cmake)
[2.288s] -- Found PythonLibs: /usr/lib/x86_64-linux-gnu/libpython3.10.so (found suitable version "3.10.12", minimum required is "3.5") 
[2.288s] -- Using PYTHON_EXECUTABLE: /usr/bin/python3
[2.288s] -- Using PYTHON_INCLUDE_DIRS: /usr/include/python3.10
[2.288s] -- Using PYTHON_LIBRARIES: /usr/lib/x86_64-linux-gnu/libpython3.10.so
[2.315s] -- Found PythonExtra: .so  
[2.396s] -- Found ament_cmake_flake8: 0.12.14 (/opt/ros/humble/share/ament_cmake_flake8/cmake)
[2.401s] -- Found ament_cmake_pep257: 0.12.14 (/opt/ros/humble/share/ament_cmake_pep257/cmake)
[2.417s] -- Configuring done
[2.478s] -- Generating done
[2.493s] -- Build files have been written to: /root/ros2_ws/build/open_manipulator_msgs
[2.507s] Invoked command in '/root/ros2_ws/build/open_manipulator_msgs' returned '0': CMAKE_PREFIX_PATH=/opt/ros/humble /usr/bin/cmake /root/ros2_ws/src/open_manipulator_msgs -DAMENT_CMAKE_SYMLINK_INSTALL=1 -DCMAKE_INSTALL_PREFIX=/root/ros2_ws/install/open_manipulator_msgs
[2.507s] Invoking command in '/root/ros2_ws/build/open_manipulator_msgs': CMAKE_PREFIX_PATH=/opt/ros/humble /usr/bin/cmake --build /root/ros2_ws/build/open_manipulator_msgs -- -j24 -l24
[2.564s] [  1%] [34m[1mGenerating C code for ROS interfaces[0m
[2.578s] [  2%] [34m[1mGenerating C++ code for ROS interfaces[0m
[2.587s] [  2%] Built target ament_cmake_python_symlink_open_manipulator_msgs
[2.819s] running egg_info
[2.819s] creating open_manipulator_msgs.egg-info
[2.819s] writing open_manipulator_msgs.egg-info/PKG-INFO
[2.819s] writing dependency_links to open_manipulator_msgs.egg-info/dependency_links.txt
[2.819s] writing top-level names to open_manipulator_msgs.egg-info/top_level.txt
[2.819s] writing manifest file 'open_manipulator_msgs.egg-info/SOURCES.txt'
[2.821s] reading manifest file 'open_manipulator_msgs.egg-info/SOURCES.txt'
[2.821s] writing manifest file 'open_manipulator_msgs.egg-info/SOURCES.txt'
[2.852s] [  2%] Built target ament_cmake_python_build_open_manipulator_msgs_egg
[3.260s] [  3%] [32mBuilding C object CMakeFiles/open_manipulator_msgs__rosidl_generator_c.dir/rosidl_generator_c/open_manipulator_msgs/msg/detail/joint_position__functions.c.o[0m
[3.260s] [  4%] [32mBuilding C object CMakeFiles/open_manipulator_msgs__rosidl_generator_c.dir/rosidl_generator_c/open_manipulator_msgs/msg/detail/kinematics_pose__functions.c.o[0m
[3.263s] [  5%] [32mBuilding C object CMakeFiles/open_manipulator_msgs__rosidl_generator_c.dir/rosidl_generator_c/open_manipulator_msgs/msg/detail/open_manipulator_state__functions.c.o[0m
[3.263s] [  6%] [32mBuilding C object CMakeFiles/open_manipulator_msgs__rosidl_generator_c.dir/rosidl_generator_c/open_manipulator_msgs/srv/detail/get_kinematics_pose__functions.c.o[0m
[3.264s] [  7%] [32mBuilding C object CMakeFiles/open_manipulator_msgs__rosidl_generator_c.dir/rosidl_generator_c/open_manipulator_msgs/srv/detail/set_joint_position__functions.c.o[0m
[3.264s] [  8%] [32mBuilding C object CMakeFiles/open_manipulator_msgs__rosidl_generator_c.dir/rosidl_generator_c/open_manipulator_msgs/srv/detail/get_joint_position__functions.c.o[0m
[3.269s] [  9%] [32mBuilding C object CMakeFiles/open_manipulator_msgs__rosidl_generator_c.dir/rosidl_generator_c/open_manipulator_msgs/srv/detail/set_actuator_state__functions.c.o[0m
[3.269s] [ 10%] [32mBuilding C object CMakeFiles/open_manipulator_msgs__rosidl_generator_c.dir/rosidl_generator_c/open_manipulator_msgs/srv/detail/set_kinematics_pose__functions.c.o[0m
[3.273s] [ 11%] [32mBuilding C object CMakeFiles/open_manipulator_msgs__rosidl_generator_c.dir/rosidl_generator_c/open_manipulator_msgs/srv/detail/set_drawing_trajectory__functions.c.o[0m
[3.314s] [ 11%] Built target open_manipulator_msgs__cpp
[3.329s] [ 14%] [34m[1mGenerating C++ type support for eProsima Fast-RTPS[0m
[3.330s] [ 14%] [34m[1mGenerating C++ type support dispatch for ROS interfaces[0m
[3.330s] [ 14%] [34m[1mGenerating C++ introspection for ROS interfaces[0m
[3.355s] [ 15%] [32m[1mLinking C shared library libopen_manipulator_msgs__rosidl_generator_c.so[0m
[3.409s] [ 15%] Built target open_manipulator_msgs__rosidl_generator_c
[3.423s] [ 18%] [34m[1mGenerating C type support for eProsima Fast-RTPS[0m
[3.424s] [ 18%] [34m[1mGenerating C introspection for ROS interfaces[0m
[3.424s] [ 18%] [34m[1mGenerating C type support dispatch for ROS interfaces[0m
[3.761s] [ 22%] [32mBuilding CXX object CMakeFiles/open_manipulator_msgs__rosidl_typesupport_cpp.dir/rosidl_typesupport_cpp/open_manipulator_msgs/msg/kinematics_pose__type_support.cpp.o[0m
[3.761s] [ 22%] [32mBuilding CXX object CMakeFiles/open_manipulator_msgs__rosidl_typesupport_cpp.dir/rosidl_typesupport_cpp/open_manipulator_msgs/msg/joint_position__type_support.cpp.o[0m
[3.761s] [ 22%] [32mBuilding CXX object CMakeFiles/open_manipulator_msgs__rosidl_typesupport_cpp.dir/rosidl_typesupport_cpp/open_manipulator_msgs/msg/open_manipulator_state__type_support.cpp.o[0m
[3.761s] [ 24%] [32mBuilding CXX object CMakeFiles/open_manipulator_msgs__rosidl_typesupport_cpp.dir/rosidl_typesupport_cpp/open_manipulator_msgs/srv/get_joint_position__type_support.cpp.o[0m
[3.761s] [ 24%] [32mBuilding CXX object CMakeFiles/open_manipulator_msgs__rosidl_typesupport_cpp.dir/rosidl_typesupport_cpp/open_manipulator_msgs/srv/get_kinematics_pose__type_support.cpp.o[0m
[3.761s] [ 25%] [32mBuilding CXX object CMakeFiles/open_manipulator_msgs__rosidl_typesupport_cpp.dir/rosidl_typesupport_cpp/open_manipulator_msgs/srv/set_joint_position__type_support.cpp.o[0m
[3.761s] [ 26%] [32mBuilding CXX object CMakeFiles/open_manipulator_msgs__rosidl_typesupport_cpp.dir/rosidl_typesupport_cpp/open_manipulator_msgs/srv/set_kinematics_pose__type_support.cpp.o[0m
[3.762s] [ 27%] [32mBuilding CXX object CMakeFiles/open_manipulator_msgs__rosidl_typesupport_cpp.dir/rosidl_typesupport_cpp/open_manipulator_msgs/srv/set_drawing_trajectory__type_support.cpp.o[0m
[3.762s] [ 28%] [32mBuilding CXX object CMakeFiles/open_manipulator_msgs__rosidl_typesupport_cpp.dir/rosidl_typesupport_cpp/open_manipulator_msgs/srv/set_actuator_state__type_support.cpp.o[0m
[3.874s] [ 29%] [32mBuilding CXX object CMakeFiles/open_manipulator_msgs__rosidl_typesupport_introspection_cpp.dir/rosidl_typesupport_introspection_cpp/open_manipulator_msgs/srv/detail/set_joint_position__type_support.cpp.o[0m
[3.874s] [ 30%] [32mBuilding CXX object CMakeFiles/open_manipulator_msgs__rosidl_typesupport_introspection_cpp.dir/rosidl_typesupport_introspection_cpp/open_manipulator_msgs/msg/detail/kinematics_pose__type_support.cpp.o[0m
[3.875s] [ 31%] [32mBuilding CXX object CMakeFiles/open_manipulator_msgs__rosidl_typesupport_introspection_cpp.dir/rosidl_typesupport_introspection_cpp/open_manipulator_msgs/msg/detail/open_manipulator_state__type_support.cpp.o[0m
[3.875s] [ 32%] [32mBuilding CXX object CMakeFiles/open_manipulator_msgs__rosidl_typesupport_introspection_cpp.dir/rosidl_typesupport_introspection_cpp/open_manipulator_msgs/msg/detail/joint_position__type_support.cpp.o[0m
[3.876s] [ 33%] [32mBuilding CXX object CMakeFiles/open_manipulator_msgs__rosidl_typesupport_introspection_cpp.dir/rosidl_typesupport_introspection_cpp/open_manipulator_msgs/srv/detail/get_joint_position__type_support.cpp.o[0m
[3.878s] [ 34%] [32mBuilding CXX object CMakeFiles/open_manipulator_msgs__rosidl_typesupport_introspection_cpp.dir/rosidl_typesupport_introspection_cpp/open_manipulator_msgs/srv/detail/get_kinematics_pose__type_support.cpp.o[0m
[3.878s] [ 35%] [32mBuilding CXX object CMakeFiles/open_manipulator_msgs__rosidl_typesupport_introspection_cpp.dir/rosidl_typesupport_introspection_cpp/open_manipulator_msgs/srv/detail/set_kinematics_pose__type_support.cpp.o[0m
[3.880s] [ 36%] [32mBuilding CXX object CMakeFiles/open_manipulator_msgs__rosidl_typesupport_introspection_cpp.dir/rosidl_typesupport_introspection_cpp/open_manipulator_msgs/srv/detail/set_drawing_trajectory__type_support.cpp.o[0m
[3.882s] [ 37%] [32mBuilding CXX object CMakeFiles/open_manipulator_msgs__rosidl_typesupport_introspection_cpp.dir/rosidl_typesupport_introspection_cpp/open_manipulator_msgs/srv/detail/set_actuator_state__type_support.cpp.o[0m
[4.073s] [ 38%] [32mBuilding CXX object CMakeFiles/open_manipulator_msgs__rosidl_typesupport_fastrtps_cpp.dir/rosidl_typesupport_fastrtps_cpp/open_manipulator_msgs/msg/detail/dds_fastrtps/joint_position__type_support.cpp.o[0m
[4.085s] [ 40%] [32mBuilding CXX object CMakeFiles/open_manipulator_msgs__rosidl_typesupport_fastrtps_cpp.dir/rosidl_typesupport_fastrtps_cpp/open_manipulator_msgs/msg/detail/dds_fastrtps/open_manipulator_state__type_support.cpp.o[0m
[4.092s] [ 41%] [32mBuilding CXX object CMakeFiles/open_manipulator_msgs__rosidl_typesupport_fastrtps_cpp.dir/rosidl_typesupport_fastrtps_cpp/open_manipulator_msgs/msg/detail/dds_fastrtps/kinematics_pose__type_support.cpp.o[0m
[4.119s] [ 42%] [32mBuilding CXX object CMakeFiles/open_manipulator_msgs__rosidl_typesupport_fastrtps_cpp.dir/rosidl_typesupport_fastrtps_cpp/open_manipulator_msgs/srv/detail/dds_fastrtps/get_joint_position__type_support.cpp.o[0m
[4.125s] [ 43%] [32mBuilding CXX object CMakeFiles/open_manipulator_msgs__rosidl_typesupport_c.dir/rosidl_typesupport_c/open_manipulator_msgs/msg/joint_position__type_support.cpp.o[0m
[4.130s] [ 44%] [32mBuilding CXX object CMakeFiles/open_manipulator_msgs__rosidl_typesupport_fastrtps_cpp.dir/rosidl_typesupport_fastrtps_cpp/open_manipulator_msgs/srv/detail/dds_fastrtps/get_kinematics_pose__type_support.cpp.o[0m
[4.140s] [ 45%] [32mBuilding CXX object CMakeFiles/open_manipulator_msgs__rosidl_typesupport_fastrtps_cpp.dir/rosidl_typesupport_fastrtps_cpp/open_manipulator_msgs/srv/detail/dds_fastrtps/set_joint_position__type_support.cpp.o[0m
[4.144s] [ 46%] [32mBuilding CXX object CMakeFiles/open_manipulator_msgs__rosidl_typesupport_fastrtps_cpp.dir/rosidl_typesupport_fastrtps_cpp/open_manipulator_msgs/srv/detail/dds_fastrtps/set_kinematics_pose__type_support.cpp.o[0m
[4.145s] [ 47%] [32mBuilding CXX object CMakeFiles/open_manipulator_msgs__rosidl_typesupport_c.dir/rosidl_typesupport_c/open_manipulator_msgs/msg/kinematics_pose__type_support.cpp.o[0m
[4.147s] [ 48%] [32mBuilding CXX object CMakeFiles/open_manipulator_msgs__rosidl_typesupport_fastrtps_cpp.dir/rosidl_typesupport_fastrtps_cpp/open_manipulator_msgs/srv/detail/dds_fastrtps/set_drawing_trajectory__type_support.cpp.o[0m
[4.186s] [ 49%] [32mBuilding CXX object CMakeFiles/open_manipulator_msgs__rosidl_typesupport_c.dir/rosidl_typesupport_c/open_manipulator_msgs/msg/open_manipulator_state__type_support.cpp.o[0m
[4.188s] [ 50%] [32mBuilding CXX object CMakeFiles/open_manipulator_msgs__rosidl_typesupport_fastrtps_cpp.dir/rosidl_typesupport_fastrtps_cpp/open_manipulator_msgs/srv/detail/dds_fastrtps/set_actuator_state__type_support.cpp.o[0m
[4.245s] [ 51%] [32mBuilding CXX object CMakeFiles/open_manipulator_msgs__rosidl_typesupport_c.dir/rosidl_typesupport_c/open_manipulator_msgs/srv/get_joint_position__type_support.cpp.o[0m
[4.249s] [ 52%] [32mBuilding CXX object CMakeFiles/open_manipulator_msgs__rosidl_typesupport_fastrtps_c.dir/rosidl_typesupport_fastrtps_c/open_manipulator_msgs/msg/detail/joint_position__type_support_c.cpp.o[0m
[4.253s] [ 53%] [32mBuilding CXX object CMakeFiles/open_manipulator_msgs__rosidl_typesupport_fastrtps_c.dir/rosidl_typesupport_fastrtps_c/open_manipulator_msgs/msg/detail/kinematics_pose__type_support_c.cpp.o[0m
[4.285s] [ 54%] [32mBuilding CXX object CMakeFiles/open_manipulator_msgs__rosidl_typesupport_c.dir/rosidl_typesupport_c/open_manipulator_msgs/srv/get_kinematics_pose__type_support.cpp.o[0m
[4.305s] [ 55%] [32mBuilding CXX object CMakeFiles/open_manipulator_msgs__rosidl_typesupport_c.dir/rosidl_typesupport_c/open_manipulator_msgs/srv/set_joint_position__type_support.cpp.o[0m
[4.319s] [ 56%] [32mBuilding C object CMakeFiles/open_manipulator_msgs__rosidl_typesupport_introspection_c.dir/rosidl_typesupport_introspection_c/open_manipulator_msgs/msg/detail/joint_position__type_support.c.o[0m
[4.339s] [ 57%] [32m[1mLinking CXX shared library libopen_manipulator_msgs__rosidl_typesupport_cpp.so[0m
[4.351s] [ 58%] [32mBuilding C object CMakeFiles/open_manipulator_msgs__rosidl_typesupport_introspection_c.dir/rosidl_typesupport_introspection_c/open_manipulator_msgs/msg/detail/kinematics_pose__type_support.c.o[0m
[4.377s] [ 60%] [32mBuilding CXX object CMakeFiles/open_manipulator_msgs__rosidl_typesupport_c.dir/rosidl_typesupport_c/open_manipulator_msgs/srv/set_kinematics_pose__type_support.cpp.o[0m
[4.406s] [ 61%] [32mBuilding C object CMakeFiles/open_manipulator_msgs__rosidl_typesupport_introspection_c.dir/rosidl_typesupport_introspection_c/open_manipulator_msgs/msg/detail/open_manipulator_state__type_support.c.o[0m
[4.431s] [ 62%] [32mBuilding C object CMakeFiles/open_manipulator_msgs__rosidl_typesupport_introspection_c.dir/rosidl_typesupport_introspection_c/open_manipulator_msgs/srv/detail/get_joint_position__type_support.c.o[0m
[4.451s] [ 62%] Built target open_manipulator_msgs__rosidl_typesupport_cpp
[4.464s] [ 63%] [32mBuilding CXX object CMakeFiles/open_manipulator_msgs__rosidl_typesupport_c.dir/rosidl_typesupport_c/open_manipulator_msgs/srv/set_drawing_trajectory__type_support.cpp.o[0m
[4.464s] [ 64%] [32mBuilding C object CMakeFiles/open_manipulator_msgs__rosidl_typesupport_introspection_c.dir/rosidl_typesupport_introspection_c/open_manipulator_msgs/srv/detail/get_kinematics_pose__type_support.c.o[0m
[4.482s] [ 65%] [32mBuilding CXX object CMakeFiles/open_manipulator_msgs__rosidl_typesupport_fastrtps_c.dir/rosidl_typesupport_fastrtps_c/open_manipulator_msgs/msg/detail/open_manipulator_state__type_support_c.cpp.o[0m
[4.486s] [ 66%] [32mBuilding C object CMakeFiles/open_manipulator_msgs__rosidl_typesupport_introspection_c.dir/rosidl_typesupport_introspection_c/open_manipulator_msgs/srv/detail/set_joint_position__type_support.c.o[0m
[4.509s] [ 67%] [32mBuilding CXX object CMakeFiles/open_manipulator_msgs__rosidl_typesupport_c.dir/rosidl_typesupport_c/open_manipulator_msgs/srv/set_actuator_state__type_support.cpp.o[0m
[4.511s] [ 68%] [32mBuilding CXX object CMakeFiles/open_manipulator_msgs__rosidl_typesupport_fastrtps_c.dir/rosidl_typesupport_fastrtps_c/open_manipulator_msgs/srv/detail/get_joint_position__type_support_c.cpp.o[0m
[4.521s] [ 69%] [32mBuilding C object CMakeFiles/open_manipulator_msgs__rosidl_typesupport_introspection_c.dir/rosidl_typesupport_introspection_c/open_manipulator_msgs/srv/detail/set_drawing_trajectory__type_support.c.o[0m
[4.521s] [ 70%] [32mBuilding C object CMakeFiles/open_manipulator_msgs__rosidl_typesupport_introspection_c.dir/rosidl_typesupport_introspection_c/open_manipulator_msgs/srv/detail/set_kinematics_pose__type_support.c.o[0m
[4.527s] [ 71%] [32mBuilding CXX object CMakeFiles/open_manipulator_msgs__rosidl_typesupport_fastrtps_c.dir/rosidl_typesupport_fastrtps_c/open_manipulator_msgs/srv/detail/set_joint_position__type_support_c.cpp.o[0m
[4.527s] [ 72%] [32mBuilding CXX object CMakeFiles/open_manipulator_msgs__rosidl_typesupport_fastrtps_c.dir/rosidl_typesupport_fastrtps_c/open_manipulator_msgs/srv/detail/get_kinematics_pose__type_support_c.cpp.o[0m
[4.539s] [ 73%] [32mBuilding CXX object CMakeFiles/open_manipulator_msgs__rosidl_typesupport_fastrtps_c.dir/rosidl_typesupport_fastrtps_c/open_manipulator_msgs/srv/detail/set_drawing_trajectory__type_support_c.cpp.o[0m
[4.542s] [ 74%] [32mBuilding C object CMakeFiles/open_manipulator_msgs__rosidl_typesupport_introspection_c.dir/rosidl_typesupport_introspection_c/open_manipulator_msgs/srv/detail/set_actuator_state__type_support.c.o[0m
[4.548s] [ 75%] [32mBuilding CXX object CMakeFiles/open_manipulator_msgs__rosidl_typesupport_fastrtps_c.dir/rosidl_typesupport_fastrtps_c/open_manipulator_msgs/srv/detail/set_actuator_state__type_support_c.cpp.o[0m
[4.549s] [ 76%] [32m[1mLinking CXX shared library libopen_manipulator_msgs__rosidl_typesupport_c.so[0m
[4.550s] [ 77%] [32mBuilding CXX object CMakeFiles/open_manipulator_msgs__rosidl_typesupport_fastrtps_c.dir/rosidl_typesupport_fastrtps_c/open_manipulator_msgs/srv/detail/set_kinematics_pose__type_support_c.cpp.o[0m
[4.577s] [ 78%] [32m[1mLinking C shared library libopen_manipulator_msgs__rosidl_typesupport_introspection_c.so[0m
[4.591s] [ 80%] [32m[1mLinking CXX shared library libopen_manipulator_msgs__rosidl_typesupport_introspection_cpp.so[0m
[4.611s] [ 80%] Built target open_manipulator_msgs__rosidl_typesupport_introspection_c
[4.612s] [ 80%] Built target open_manipulator_msgs__rosidl_typesupport_c
[4.671s] [ 80%] Built target open_manipulator_msgs__rosidl_typesupport_introspection_cpp
[4.885s] [ 81%] [32m[1mLinking CXX shared library libopen_manipulator_msgs__rosidl_typesupport_fastrtps_cpp.so[0m
[4.960s] [ 82%] [32m[1mLinking CXX shared library libopen_manipulator_msgs__rosidl_typesupport_fastrtps_c.so[0m
[4.991s] [ 82%] Built target open_manipulator_msgs__rosidl_typesupport_fastrtps_cpp
[5.063s] [ 82%] Built target open_manipulator_msgs__rosidl_typesupport_fastrtps_c
[5.090s] [ 82%] Built target open_manipulator_msgs
[5.114s] [ 83%] [34m[1mGenerating Python code for ROS interfaces[0m
[6.153s] [ 83%] Built target open_manipulator_msgs__py
[6.181s] [ 86%] [32mBuilding C object CMakeFiles/open_manipulator_msgs__rosidl_generator_py.dir/rosidl_generator_py/open_manipulator_msgs/msg/_open_manipulator_state_s.c.o[0m
[6.181s] [ 86%] [32mBuilding C object CMakeFiles/open_manipulator_msgs__rosidl_generator_py.dir/rosidl_generator_py/open_manipulator_msgs/msg/_joint_position_s.c.o[0m
[6.181s] [ 86%] [32mBuilding C object CMakeFiles/open_manipulator_msgs__rosidl_generator_py.dir/rosidl_generator_py/open_manipulator_msgs/msg/_kinematics_pose_s.c.o[0m
[6.181s] [ 87%] [32mBuilding C object CMakeFiles/open_manipulator_msgs__rosidl_generator_py.dir/rosidl_generator_py/open_manipulator_msgs/srv/_get_joint_position_s.c.o[0m
[6.181s] [ 88%] [32mBuilding C object CMakeFiles/open_manipulator_msgs__rosidl_generator_py.dir/rosidl_generator_py/open_manipulator_msgs/srv/_get_kinematics_pose_s.c.o[0m
[6.181s] [ 90%] [32mBuilding C object CMakeFiles/open_manipulator_msgs__rosidl_generator_py.dir/rosidl_generator_py/open_manipulator_msgs/srv/_set_kinematics_pose_s.c.o[0m
[6.181s] [ 90%] [32mBuilding C object CMakeFiles/open_manipulator_msgs__rosidl_generator_py.dir/rosidl_generator_py/open_manipulator_msgs/srv/_set_joint_position_s.c.o[0m
[6.182s] [ 92%] [32mBuilding C object CMakeFiles/open_manipulator_msgs__rosidl_generator_py.dir/rosidl_generator_py/open_manipulator_msgs/srv/_set_actuator_state_s.c.o[0m
[6.182s] [ 91%] [32mBuilding C object CMakeFiles/open_manipulator_msgs__rosidl_generator_py.dir/rosidl_generator_py/open_manipulator_msgs/srv/_set_drawing_trajectory_s.c.o[0m
[6.329s] [ 93%] [32m[1mLinking C shared library rosidl_generator_py/open_manipulator_msgs/libopen_manipulator_msgs__rosidl_generator_py.so[0m
[6.386s] [ 93%] Built target open_manipulator_msgs__rosidl_generator_py
[6.412s] [ 96%] [32mBuilding C object CMakeFiles/open_manipulator_msgs__rosidl_typesupport_fastrtps_c__pyext.dir/rosidl_generator_py/open_manipulator_msgs/_open_manipulator_msgs_s.ep.rosidl_typesupport_fastrtps_c.c.o[0m
[6.412s] [ 96%] [32mBuilding C object CMakeFiles/open_manipulator_msgs__rosidl_typesupport_introspection_c__pyext.dir/rosidl_generator_py/open_manipulator_msgs/_open_manipulator_msgs_s.ep.rosidl_typesupport_introspection_c.c.o[0m
[6.412s] [ 96%] [32mBuilding C object CMakeFiles/open_manipulator_msgs__rosidl_typesupport_c__pyext.dir/rosidl_generator_py/open_manipulator_msgs/_open_manipulator_msgs_s.ep.rosidl_typesupport_c.c.o[0m
[6.561s] [ 97%] [32m[1mLinking C shared library rosidl_generator_py/open_manipulator_msgs/open_manipulator_msgs_s__rosidl_typesupport_fastrtps_c.cpython-310-x86_64-linux-gnu.so[0m
[6.562s] [ 98%] [32m[1mLinking C shared library rosidl_generator_py/open_manipulator_msgs/open_manipulator_msgs_s__rosidl_typesupport_c.cpython-310-x86_64-linux-gnu.so[0m
[6.570s] [100%] [32m[1mLinking C shared library rosidl_generator_py/open_manipulator_msgs/open_manipulator_msgs_s__rosidl_typesupport_introspection_c.cpython-310-x86_64-linux-gnu.so[0m
[6.614s] [100%] Built target open_manipulator_msgs__rosidl_typesupport_c__pyext
[6.614s] [100%] Built target open_manipulator_msgs__rosidl_typesupport_fastrtps_c__pyext
[6.619s] [100%] Built target open_manipulator_msgs__rosidl_typesupport_introspection_c__pyext
[6.634s] Invoked command in '/root/ros2_ws/build/open_manipulator_msgs' returned '0': CMAKE_PREFIX_PATH=/opt/ros/humble /usr/bin/cmake --build /root/ros2_ws/build/open_manipulator_msgs -- -j24 -l24
[6.636s] Invoking command in '/root/ros2_ws/build/open_manipulator_msgs': CMAKE_PREFIX_PATH=/opt/ros/humble /usr/bin/cmake --install /root/ros2_ws/build/open_manipulator_msgs
[6.645s] -- Install configuration: ""
[6.646s] -- Execute custom install script
[6.646s] -- Symlinking: /root/ros2_ws/install/open_manipulator_msgs/share/ament_index/resource_index/rosidl_interfaces/open_manipulator_msgs
[6.657s] -- Symlinking: /root/ros2_ws/install/open_manipulator_msgs/include/open_manipulator_msgs/open_manipulator_msgs/msg/detail/joint_position__functions.h
[6.666s] -- Symlinking: /root/ros2_ws/install/open_manipulator_msgs/include/open_manipulator_msgs/open_manipulator_msgs/msg/detail/joint_position__struct.h
[6.675s] -- Symlinking: /root/ros2_ws/install/open_manipulator_msgs/include/open_manipulator_msgs/open_manipulator_msgs/msg/detail/joint_position__type_support.h
[6.684s] -- Symlinking: /root/ros2_ws/install/open_manipulator_msgs/include/open_manipulator_msgs/open_manipulator_msgs/msg/detail/kinematics_pose__functions.h
[6.693s] -- Symlinking: /root/ros2_ws/install/open_manipulator_msgs/include/open_manipulator_msgs/open_manipulator_msgs/msg/detail/kinematics_pose__struct.h
[6.703s] -- Symlinking: /root/ros2_ws/install/open_manipulator_msgs/include/open_manipulator_msgs/open_manipulator_msgs/msg/detail/kinematics_pose__type_support.h
[6.712s] -- Symlinking: /root/ros2_ws/install/open_manipulator_msgs/include/open_manipulator_msgs/open_manipulator_msgs/msg/detail/open_manipulator_state__functions.h
[6.721s] -- Symlinking: /root/ros2_ws/install/open_manipulator_msgs/include/open_manipulator_msgs/open_manipulator_msgs/msg/detail/open_manipulator_state__struct.h
[6.730s] -- Symlinking: /root/ros2_ws/install/open_manipulator_msgs/include/open_manipulator_msgs/open_manipulator_msgs/msg/detail/open_manipulator_state__type_support.h
[6.739s] -- Symlinking: /root/ros2_ws/install/open_manipulator_msgs/include/open_manipulator_msgs/open_manipulator_msgs/msg/joint_position.h
[6.748s] -- Symlinking: /root/ros2_ws/install/open_manipulator_msgs/include/open_manipulator_msgs/open_manipulator_msgs/msg/kinematics_pose.h
[6.756s] -- Symlinking: /root/ros2_ws/install/open_manipulator_msgs/include/open_manipulator_msgs/open_manipulator_msgs/msg/open_manipulator_state.h
[6.766s] -- Symlinking: /root/ros2_ws/install/open_manipulator_msgs/include/open_manipulator_msgs/open_manipulator_msgs/msg/rosidl_generator_c__visibility_control.h
[6.775s] -- Symlinking: /root/ros2_ws/install/open_manipulator_msgs/include/open_manipulator_msgs/open_manipulator_msgs/srv/detail/get_joint_position__functions.h
[6.784s] -- Symlinking: /root/ros2_ws/install/open_manipulator_msgs/include/open_manipulator_msgs/open_manipulator_msgs/srv/detail/get_joint_position__struct.h
[6.793s] -- Symlinking: /root/ros2_ws/install/open_manipulator_msgs/include/open_manipulator_msgs/open_manipulator_msgs/srv/detail/get_joint_position__type_support.h
[6.802s] -- Symlinking: /root/ros2_ws/install/open_manipulator_msgs/include/open_manipulator_msgs/open_manipulator_msgs/srv/detail/get_kinematics_pose__functions.h
[6.812s] -- Symlinking: /root/ros2_ws/install/open_manipulator_msgs/include/open_manipulator_msgs/open_manipulator_msgs/srv/detail/get_kinematics_pose__struct.h
[6.822s] -- Symlinking: /root/ros2_ws/install/open_manipulator_msgs/include/open_manipulator_msgs/open_manipulator_msgs/srv/detail/get_kinematics_pose__type_support.h
[6.831s] -- Symlinking: /root/ros2_ws/install/open_manipulator_msgs/include/open_manipulator_msgs/open_manipulator_msgs/srv/detail/set_actuator_state__functions.h
[6.841s] -- Symlinking: /root/ros2_ws/install/open_manipulator_msgs/include/open_manipulator_msgs/open_manipulator_msgs/srv/detail/set_actuator_state__struct.h
[6.850s] -- Symlinking: /root/ros2_ws/install/open_manipulator_msgs/include/open_manipulator_msgs/open_manipulator_msgs/srv/detail/set_actuator_state__type_support.h
[6.860s] -- Symlinking: /root/ros2_ws/install/open_manipulator_msgs/include/open_manipulator_msgs/open_manipulator_msgs/srv/detail/set_drawing_trajectory__functions.h
[6.869s] -- Symlinking: /root/ros2_ws/install/open_manipulator_msgs/include/open_manipulator_msgs/open_manipulator_msgs/srv/detail/set_drawing_trajectory__struct.h
[6.878s] -- Symlinking: /root/ros2_ws/install/open_manipulator_msgs/include/open_manipulator_msgs/open_manipulator_msgs/srv/detail/set_drawing_trajectory__type_support.h
[6.888s] -- Symlinking: /root/ros2_ws/install/open_manipulator_msgs/include/open_manipulator_msgs/open_manipulator_msgs/srv/detail/set_joint_position__functions.h
[6.897s] -- Symlinking: /root/ros2_ws/install/open_manipulator_msgs/include/open_manipulator_msgs/open_manipulator_msgs/srv/detail/set_joint_position__struct.h
[6.907s] -- Symlinking: /root/ros2_ws/install/open_manipulator_msgs/include/open_manipulator_msgs/open_manipulator_msgs/srv/detail/set_joint_position__type_support.h
[6.917s] -- Symlinking: /root/ros2_ws/install/open_manipulator_msgs/include/open_manipulator_msgs/open_manipulator_msgs/srv/detail/set_kinematics_pose__functions.h
[6.928s] -- Symlinking: /root/ros2_ws/install/open_manipulator_msgs/include/open_manipulator_msgs/open_manipulator_msgs/srv/detail/set_kinematics_pose__struct.h
[6.938s] -- Symlinking: /root/ros2_ws/install/open_manipulator_msgs/include/open_manipulator_msgs/open_manipulator_msgs/srv/detail/set_kinematics_pose__type_support.h
[6.948s] -- Symlinking: /root/ros2_ws/install/open_manipulator_msgs/include/open_manipulator_msgs/open_manipulator_msgs/srv/get_joint_position.h
[6.958s] -- Symlinking: /root/ros2_ws/install/open_manipulator_msgs/include/open_manipulator_msgs/open_manipulator_msgs/srv/get_kinematics_pose.h
[6.969s] -- Symlinking: /root/ros2_ws/install/open_manipulator_msgs/include/open_manipulator_msgs/open_manipulator_msgs/srv/set_actuator_state.h
[6.978s] -- Symlinking: /root/ros2_ws/install/open_manipulator_msgs/include/open_manipulator_msgs/open_manipulator_msgs/srv/set_drawing_trajectory.h
[6.989s] -- Symlinking: /root/ros2_ws/install/open_manipulator_msgs/include/open_manipulator_msgs/open_manipulator_msgs/srv/set_joint_position.h
[6.999s] -- Symlinking: /root/ros2_ws/install/open_manipulator_msgs/include/open_manipulator_msgs/open_manipulator_msgs/srv/set_kinematics_pose.h
[7.009s] -- Symlinking: /root/ros2_ws/install/open_manipulator_msgs/share/open_manipulator_msgs/environment/library_path.sh
[7.020s] -- Symlinking: /root/ros2_ws/install/open_manipulator_msgs/share/open_manipulator_msgs/environment/library_path.dsv
[7.030s] -- Symlinking: /root/ros2_ws/install/open_manipulator_msgs/include/open_manipulator_msgs/open_manipulator_msgs/msg/detail/joint_position__rosidl_typesupport_fastrtps_c.h
[7.040s] -- Symlinking: /root/ros2_ws/install/open_manipulator_msgs/include/open_manipulator_msgs/open_manipulator_msgs/msg/detail/kinematics_pose__rosidl_typesupport_fastrtps_c.h
[7.050s] -- Symlinking: /root/ros2_ws/install/open_manipulator_msgs/include/open_manipulator_msgs/open_manipulator_msgs/msg/detail/open_manipulator_state__rosidl_typesupport_fastrtps_c.h
[7.059s] -- Symlinking: /root/ros2_ws/install/open_manipulator_msgs/include/open_manipulator_msgs/open_manipulator_msgs/msg/rosidl_typesupport_fastrtps_c__visibility_control.h
[7.069s] -- Symlinking: /root/ros2_ws/install/open_manipulator_msgs/include/open_manipulator_msgs/open_manipulator_msgs/srv/detail/get_joint_position__rosidl_typesupport_fastrtps_c.h
[7.078s] -- Symlinking: /root/ros2_ws/install/open_manipulator_msgs/include/open_manipulator_msgs/open_manipulator_msgs/srv/detail/get_kinematics_pose__rosidl_typesupport_fastrtps_c.h
[7.087s] -- Symlinking: /root/ros2_ws/install/open_manipulator_msgs/include/open_manipulator_msgs/open_manipulator_msgs/srv/detail/set_actuator_state__rosidl_typesupport_fastrtps_c.h
[7.097s] -- Symlinking: /root/ros2_ws/install/open_manipulator_msgs/include/open_manipulator_msgs/open_manipulator_msgs/srv/detail/set_drawing_trajectory__rosidl_typesupport_fastrtps_c.h
[7.106s] -- Symlinking: /root/ros2_ws/install/open_manipulator_msgs/include/open_manipulator_msgs/open_manipulator_msgs/srv/detail/set_joint_position__rosidl_typesupport_fastrtps_c.h
[7.115s] -- Symlinking: /root/ros2_ws/install/open_manipulator_msgs/include/open_manipulator_msgs/open_manipulator_msgs/srv/detail/set_kinematics_pose__rosidl_typesupport_fastrtps_c.h
[7.126s] -- Symlinking: /root/ros2_ws/install/open_manipulator_msgs/include/open_manipulator_msgs/open_manipulator_msgs/msg/detail/joint_position__builder.hpp
[7.135s] -- Symlinking: /root/ros2_ws/install/open_manipulator_msgs/include/open_manipulator_msgs/open_manipulator_msgs/msg/detail/joint_position__struct.hpp
[7.145s] -- Symlinking: /root/ros2_ws/install/open_manipulator_msgs/include/open_manipulator_msgs/open_manipulator_msgs/msg/detail/joint_position__traits.hpp
[7.154s] -- Symlinking: /root/ros2_ws/install/open_manipulator_msgs/include/open_manipulator_msgs/open_manipulator_msgs/msg/detail/joint_position__type_support.hpp
[7.163s] -- Symlinking: /root/ros2_ws/install/open_manipulator_msgs/include/open_manipulator_msgs/open_manipulator_msgs/msg/detail/kinematics_pose__builder.hpp
[7.173s] -- Symlinking: /root/ros2_ws/install/open_manipulator_msgs/include/open_manipulator_msgs/open_manipulator_msgs/msg/detail/kinematics_pose__struct.hpp
[7.182s] -- Symlinking: /root/ros2_ws/install/open_manipulator_msgs/include/open_manipulator_msgs/open_manipulator_msgs/msg/detail/kinematics_pose__traits.hpp
[7.192s] -- Symlinking: /root/ros2_ws/install/open_manipulator_msgs/include/open_manipulator_msgs/open_manipulator_msgs/msg/detail/kinematics_pose__type_support.hpp
[7.202s] -- Symlinking: /root/ros2_ws/install/open_manipulator_msgs/include/open_manipulator_msgs/open_manipulator_msgs/msg/detail/open_manipulator_state__builder.hpp
[7.211s] -- Symlinking: /root/ros2_ws/install/open_manipulator_msgs/include/open_manipulator_msgs/open_manipulator_msgs/msg/detail/open_manipulator_state__struct.hpp
[7.221s] -- Symlinking: /root/ros2_ws/install/open_manipulator_msgs/include/open_manipulator_msgs/open_manipulator_msgs/msg/detail/open_manipulator_state__traits.hpp
[7.230s] -- Symlinking: /root/ros2_ws/install/open_manipulator_msgs/include/open_manipulator_msgs/open_manipulator_msgs/msg/detail/open_manipulator_state__type_support.hpp
[7.239s] -- Symlinking: /root/ros2_ws/install/open_manipulator_msgs/include/open_manipulator_msgs/open_manipulator_msgs/msg/joint_position.hpp
[7.248s] -- Symlinking: /root/ros2_ws/install/open_manipulator_msgs/include/open_manipulator_msgs/open_manipulator_msgs/msg/kinematics_pose.hpp
[7.257s] -- Symlinking: /root/ros2_ws/install/open_manipulator_msgs/include/open_manipulator_msgs/open_manipulator_msgs/msg/open_manipulator_state.hpp
[7.266s] -- Symlinking: /root/ros2_ws/install/open_manipulator_msgs/include/open_manipulator_msgs/open_manipulator_msgs/msg/rosidl_generator_cpp__visibility_control.hpp
[7.275s] -- Symlinking: /root/ros2_ws/install/open_manipulator_msgs/include/open_manipulator_msgs/open_manipulator_msgs/srv/detail/get_joint_position__builder.hpp
[7.284s] -- Symlinking: /root/ros2_ws/install/open_manipulator_msgs/include/open_manipulator_msgs/open_manipulator_msgs/srv/detail/get_joint_position__struct.hpp
[7.293s] -- Symlinking: /root/ros2_ws/install/open_manipulator_msgs/include/open_manipulator_msgs/open_manipulator_msgs/srv/detail/get_joint_position__traits.hpp
[7.302s] -- Symlinking: /root/ros2_ws/install/open_manipulator_msgs/include/open_manipulator_msgs/open_manipulator_msgs/srv/detail/get_joint_position__type_support.hpp
[7.311s] -- Symlinking: /root/ros2_ws/install/open_manipulator_msgs/include/open_manipulator_msgs/open_manipulator_msgs/srv/detail/get_kinematics_pose__builder.hpp
[7.320s] -- Symlinking: /root/ros2_ws/install/open_manipulator_msgs/include/open_manipulator_msgs/open_manipulator_msgs/srv/detail/get_kinematics_pose__struct.hpp
[7.329s] -- Symlinking: /root/ros2_ws/install/open_manipulator_msgs/include/open_manipulator_msgs/open_manipulator_msgs/srv/detail/get_kinematics_pose__traits.hpp
[7.338s] -- Symlinking: /root/ros2_ws/install/open_manipulator_msgs/include/open_manipulator_msgs/open_manipulator_msgs/srv/detail/get_kinematics_pose__type_support.hpp
[7.347s] -- Symlinking: /root/ros2_ws/install/open_manipulator_msgs/include/open_manipulator_msgs/open_manipulator_msgs/srv/detail/set_actuator_state__builder.hpp
[7.356s] -- Symlinking: /root/ros2_ws/install/open_manipulator_msgs/include/open_manipulator_msgs/open_manipulator_msgs/srv/detail/set_actuator_state__struct.hpp
[7.365s] -- Symlinking: /root/ros2_ws/install/open_manipulator_msgs/include/open_manipulator_msgs/open_manipulator_msgs/srv/detail/set_actuator_state__traits.hpp
[7.374s] -- Symlinking: /root/ros2_ws/install/open_manipulator_msgs/include/open_manipulator_msgs/open_manipulator_msgs/srv/detail/set_actuator_state__type_support.hpp
[7.383s] -- Symlinking: /root/ros2_ws/install/open_manipulator_msgs/include/open_manipulator_msgs/open_manipulator_msgs/srv/detail/set_drawing_trajectory__builder.hpp
[7.392s] -- Symlinking: /root/ros2_ws/install/open_manipulator_msgs/include/open_manipulator_msgs/open_manipulator_msgs/srv/detail/set_drawing_trajectory__struct.hpp
[7.402s] -- Symlinking: /root/ros2_ws/install/open_manipulator_msgs/include/open_manipulator_msgs/open_manipulator_msgs/srv/detail/set_drawing_trajectory__traits.hpp
[7.411s] -- Symlinking: /root/ros2_ws/install/open_manipulator_msgs/include/open_manipulator_msgs/open_manipulator_msgs/srv/detail/set_drawing_trajectory__type_support.hpp
[7.420s] -- Symlinking: /root/ros2_ws/install/open_manipulator_msgs/include/open_manipulator_msgs/open_manipulator_msgs/srv/detail/set_joint_position__builder.hpp
[7.430s] -- Symlinking: /root/ros2_ws/install/open_manipulator_msgs/include/open_manipulator_msgs/open_manipulator_msgs/srv/detail/set_joint_position__struct.hpp
[7.438s] -- Symlinking: /root/ros2_ws/install/open_manipulator_msgs/include/open_manipulator_msgs/open_manipulator_msgs/srv/detail/set_joint_position__traits.hpp
[7.447s] -- Symlinking: /root/ros2_ws/install/open_manipulator_msgs/include/open_manipulator_msgs/open_manipulator_msgs/srv/detail/set_joint_position__type_support.hpp
[7.456s] -- Symlinking: /root/ros2_ws/install/open_manipulator_msgs/include/open_manipulator_msgs/open_manipulator_msgs/srv/detail/set_kinematics_pose__builder.hpp
[7.465s] -- Symlinking: /root/ros2_ws/install/open_manipulator_msgs/include/open_manipulator_msgs/open_manipulator_msgs/srv/detail/set_kinematics_pose__struct.hpp
[7.474s] -- Symlinking: /root/ros2_ws/install/open_manipulator_msgs/include/open_manipulator_msgs/open_manipulator_msgs/srv/detail/set_kinematics_pose__traits.hpp
[7.484s] -- Symlinking: /root/ros2_ws/install/open_manipulator_msgs/include/open_manipulator_msgs/open_manipulator_msgs/srv/detail/set_kinematics_pose__type_support.hpp
[7.492s] -- Symlinking: /root/ros2_ws/install/open_manipulator_msgs/include/open_manipulator_msgs/open_manipulator_msgs/srv/get_joint_position.hpp
[7.502s] -- Symlinking: /root/ros2_ws/install/open_manipulator_msgs/include/open_manipulator_msgs/open_manipulator_msgs/srv/get_kinematics_pose.hpp
[7.511s] -- Symlinking: /root/ros2_ws/install/open_manipulator_msgs/include/open_manipulator_msgs/open_manipulator_msgs/srv/set_actuator_state.hpp
[7.521s] -- Symlinking: /root/ros2_ws/install/open_manipulator_msgs/include/open_manipulator_msgs/open_manipulator_msgs/srv/set_drawing_trajectory.hpp
[7.529s] -- Symlinking: /root/ros2_ws/install/open_manipulator_msgs/include/open_manipulator_msgs/open_manipulator_msgs/srv/set_joint_position.hpp
[7.538s] -- Symlinking: /root/ros2_ws/install/open_manipulator_msgs/include/open_manipulator_msgs/open_manipulator_msgs/srv/set_kinematics_pose.hpp
[7.548s] -- Symlinking: /root/ros2_ws/install/open_manipulator_msgs/include/open_manipulator_msgs/open_manipulator_msgs/msg/detail/joint_position__rosidl_typesupport_fastrtps_cpp.hpp
[7.557s] -- Symlinking: /root/ros2_ws/install/open_manipulator_msgs/include/open_manipulator_msgs/open_manipulator_msgs/msg/detail/kinematics_pose__rosidl_typesupport_fastrtps_cpp.hpp
[7.566s] -- Symlinking: /root/ros2_ws/install/open_manipulator_msgs/include/open_manipulator_msgs/open_manipulator_msgs/msg/detail/open_manipulator_state__rosidl_typesupport_fastrtps_cpp.hpp
[7.575s] -- Symlinking: /root/ros2_ws/install/open_manipulator_msgs/include/open_manipulator_msgs/open_manipulator_msgs/msg/rosidl_typesupport_fastrtps_cpp__visibility_control.h
[7.584s] -- Symlinking: /root/ros2_ws/install/open_manipulator_msgs/include/open_manipulator_msgs/open_manipulator_msgs/srv/detail/get_joint_position__rosidl_typesupport_fastrtps_cpp.hpp
[7.593s] -- Symlinking: /root/ros2_ws/install/open_manipulator_msgs/include/open_manipulator_msgs/open_manipulator_msgs/srv/detail/get_kinematics_pose__rosidl_typesupport_fastrtps_cpp.hpp
[7.602s] -- Symlinking: /root/ros2_ws/install/open_manipulator_msgs/include/open_manipulator_msgs/open_manipulator_msgs/srv/detail/set_actuator_state__rosidl_typesupport_fastrtps_cpp.hpp
[7.611s] -- Symlinking: /root/ros2_ws/install/open_manipulator_msgs/include/open_manipulator_msgs/open_manipulator_msgs/srv/detail/set_drawing_trajectory__rosidl_typesupport_fastrtps_cpp.hpp
[7.621s] -- Symlinking: /root/ros2_ws/install/open_manipulator_msgs/include/open_manipulator_msgs/open_manipulator_msgs/srv/detail/set_joint_position__rosidl_typesupport_fastrtps_cpp.hpp
[7.630s] -- Symlinking: /root/ros2_ws/install/open_manipulator_msgs/include/open_manipulator_msgs/open_manipulator_msgs/srv/detail/set_kinematics_pose__rosidl_typesupport_fastrtps_cpp.hpp
[7.639s] -- Symlinking: /root/ros2_ws/install/open_manipulator_msgs/include/open_manipulator_msgs/open_manipulator_msgs/msg/detail/joint_position__rosidl_typesupport_introspection_c.h
[7.648s] -- Symlinking: /root/ros2_ws/install/open_manipulator_msgs/include/open_manipulator_msgs/open_manipulator_msgs/msg/detail/kinematics_pose__rosidl_typesupport_introspection_c.h
[7.657s] -- Symlinking: /root/ros2_ws/install/open_manipulator_msgs/include/open_manipulator_msgs/open_manipulator_msgs/msg/detail/open_manipulator_state__rosidl_typesupport_introspection_c.h
[7.666s] -- Symlinking: /root/ros2_ws/install/open_manipulator_msgs/include/open_manipulator_msgs/open_manipulator_msgs/msg/rosidl_typesupport_introspection_c__visibility_control.h
[7.675s] -- Symlinking: /root/ros2_ws/install/open_manipulator_msgs/include/open_manipulator_msgs/open_manipulator_msgs/srv/detail/get_joint_position__rosidl_typesupport_introspection_c.h
[7.684s] -- Symlinking: /root/ros2_ws/install/open_manipulator_msgs/include/open_manipulator_msgs/open_manipulator_msgs/srv/detail/get_kinematics_pose__rosidl_typesupport_introspection_c.h
[7.693s] -- Symlinking: /root/ros2_ws/install/open_manipulator_msgs/include/open_manipulator_msgs/open_manipulator_msgs/srv/detail/set_actuator_state__rosidl_typesupport_introspection_c.h
[7.703s] -- Symlinking: /root/ros2_ws/install/open_manipulator_msgs/include/open_manipulator_msgs/open_manipulator_msgs/srv/detail/set_drawing_trajectory__rosidl_typesupport_introspection_c.h
[7.712s] -- Symlinking: /root/ros2_ws/install/open_manipulator_msgs/include/open_manipulator_msgs/open_manipulator_msgs/srv/detail/set_joint_position__rosidl_typesupport_introspection_c.h
[7.721s] -- Symlinking: /root/ros2_ws/install/open_manipulator_msgs/include/open_manipulator_msgs/open_manipulator_msgs/srv/detail/set_kinematics_pose__rosidl_typesupport_introspection_c.h
[7.731s] -- Symlinking: /root/ros2_ws/install/open_manipulator_msgs/include/open_manipulator_msgs/open_manipulator_msgs/msg/detail/joint_position__rosidl_typesupport_introspection_cpp.hpp
[7.740s] -- Symlinking: /root/ros2_ws/install/open_manipulator_msgs/include/open_manipulator_msgs/open_manipulator_msgs/msg/detail/kinematics_pose__rosidl_typesupport_introspection_cpp.hpp
[7.749s] -- Symlinking: /root/ros2_ws/install/open_manipulator_msgs/include/open_manipulator_msgs/open_manipulator_msgs/msg/detail/open_manipulator_state__rosidl_typesupport_introspection_cpp.hpp
[7.758s] -- Symlinking: /root/ros2_ws/install/open_manipulator_msgs/include/open_manipulator_msgs/open_manipulator_msgs/srv/detail/get_joint_position__rosidl_typesupport_introspection_cpp.hpp
[7.768s] -- Symlinking: /root/ros2_ws/install/open_manipulator_msgs/include/open_manipulator_msgs/open_manipulator_msgs/srv/detail/get_kinematics_pose__rosidl_typesupport_introspection_cpp.hpp
[7.777s] -- Symlinking: /root/ros2_ws/install/open_manipulator_msgs/include/open_manipulator_msgs/open_manipulator_msgs/srv/detail/set_actuator_state__rosidl_typesupport_introspection_cpp.hpp
[7.787s] -- Symlinking: /root/ros2_ws/install/open_manipulator_msgs/include/open_manipulator_msgs/open_manipulator_msgs/srv/detail/set_drawing_trajectory__rosidl_typesupport_introspection_cpp.hpp
[7.796s] -- Symlinking: /root/ros2_ws/install/open_manipulator_msgs/include/open_manipulator_msgs/open_manipulator_msgs/srv/detail/set_joint_position__rosidl_typesupport_introspection_cpp.hpp
[7.806s] -- Symlinking: /root/ros2_ws/install/open_manipulator_msgs/include/open_manipulator_msgs/open_manipulator_msgs/srv/detail/set_kinematics_pose__rosidl_typesupport_introspection_cpp.hpp
[7.816s] -- Symlinking: /root/ros2_ws/install/open_manipulator_msgs/share/open_manipulator_msgs/environment/pythonpath.sh
[7.826s] -- Symlinking: /root/ros2_ws/install/open_manipulator_msgs/share/open_manipulator_msgs/environment/pythonpath.dsv
[7.836s] -- Symlinking: /root/ros2_ws/install/open_manipulator_msgs/local/lib/python3.10/dist-packages/open_manipulator_msgs-2.2.0-py3.10.egg-info/PKG-INFO
[7.845s] -- Symlinking: /root/ros2_ws/install/open_manipulator_msgs/local/lib/python3.10/dist-packages/open_manipulator_msgs-2.2.0-py3.10.egg-info/SOURCES.txt
[7.855s] -- Symlinking: /root/ros2_ws/install/open_manipulator_msgs/local/lib/python3.10/dist-packages/open_manipulator_msgs-2.2.0-py3.10.egg-info/dependency_links.txt
[7.865s] -- Symlinking: /root/ros2_ws/install/open_manipulator_msgs/local/lib/python3.10/dist-packages/open_manipulator_msgs-2.2.0-py3.10.egg-info/top_level.txt
[7.875s] -- Symlinking: /root/ros2_ws/install/open_manipulator_msgs/local/lib/python3.10/dist-packages/open_manipulator_msgs/__init__.py
[7.885s] -- Symlinking: /root/ros2_ws/install/open_manipulator_msgs/local/lib/python3.10/dist-packages/open_manipulator_msgs/_open_manipulator_msgs_s.ep.rosidl_typesupport_c.c
[7.895s] -- Symlinking: /root/ros2_ws/install/open_manipulator_msgs/local/lib/python3.10/dist-packages/open_manipulator_msgs/_open_manipulator_msgs_s.ep.rosidl_typesupport_fastrtps_c.c
[7.905s] -- Symlinking: /root/ros2_ws/install/open_manipulator_msgs/local/lib/python3.10/dist-packages/open_manipulator_msgs/_open_manipulator_msgs_s.ep.rosidl_typesupport_introspection_c.c
[7.915s] -- Symlinking: /root/ros2_ws/install/open_manipulator_msgs/local/lib/python3.10/dist-packages/open_manipulator_msgs/libopen_manipulator_msgs__rosidl_generator_py.so
[7.924s] -- Symlinking: /root/ros2_ws/install/open_manipulator_msgs/local/lib/python3.10/dist-packages/open_manipulator_msgs/msg/__init__.py
[7.934s] -- Symlinking: /root/ros2_ws/install/open_manipulator_msgs/local/lib/python3.10/dist-packages/open_manipulator_msgs/msg/_joint_position.py
[7.943s] -- Symlinking: /root/ros2_ws/install/open_manipulator_msgs/local/lib/python3.10/dist-packages/open_manipulator_msgs/msg/_joint_position_s.c
[7.953s] -- Symlinking: /root/ros2_ws/install/open_manipulator_msgs/local/lib/python3.10/dist-packages/open_manipulator_msgs/msg/_kinematics_pose.py
[7.962s] -- Symlinking: /root/ros2_ws/install/open_manipulator_msgs/local/lib/python3.10/dist-packages/open_manipulator_msgs/msg/_kinematics_pose_s.c
[7.972s] -- Symlinking: /root/ros2_ws/install/open_manipulator_msgs/local/lib/python3.10/dist-packages/open_manipulator_msgs/msg/_open_manipulator_state.py
[7.982s] -- Symlinking: /root/ros2_ws/install/open_manipulator_msgs/local/lib/python3.10/dist-packages/open_manipulator_msgs/msg/_open_manipulator_state_s.c
[7.992s] -- Symlinking: /root/ros2_ws/install/open_manipulator_msgs/local/lib/python3.10/dist-packages/open_manipulator_msgs/open_manipulator_msgs_s__rosidl_typesupport_c.cpython-310-x86_64-linux-gnu.so
[8.001s] -- Symlinking: /root/ros2_ws/install/open_manipulator_msgs/local/lib/python3.10/dist-packages/open_manipulator_msgs/open_manipulator_msgs_s__rosidl_typesupport_fastrtps_c.cpython-310-x86_64-linux-gnu.so
[8.011s] -- Symlinking: /root/ros2_ws/install/open_manipulator_msgs/local/lib/python3.10/dist-packages/open_manipulator_msgs/open_manipulator_msgs_s__rosidl_typesupport_introspection_c.cpython-310-x86_64-linux-gnu.so
[8.022s] -- Symlinking: /root/ros2_ws/install/open_manipulator_msgs/local/lib/python3.10/dist-packages/open_manipulator_msgs/srv/__init__.py
[8.031s] -- Symlinking: /root/ros2_ws/install/open_manipulator_msgs/local/lib/python3.10/dist-packages/open_manipulator_msgs/srv/_get_joint_position.py
[8.041s] -- Symlinking: /root/ros2_ws/install/open_manipulator_msgs/local/lib/python3.10/dist-packages/open_manipulator_msgs/srv/_get_joint_position_s.c
[8.050s] -- Symlinking: /root/ros2_ws/install/open_manipulator_msgs/local/lib/python3.10/dist-packages/open_manipulator_msgs/srv/_get_kinematics_pose.py
[8.060s] -- Symlinking: /root/ros2_ws/install/open_manipulator_msgs/local/lib/python3.10/dist-packages/open_manipulator_msgs/srv/_get_kinematics_pose_s.c
[8.070s] -- Symlinking: /root/ros2_ws/install/open_manipulator_msgs/local/lib/python3.10/dist-packages/open_manipulator_msgs/srv/_set_actuator_state.py
[8.079s] -- Symlinking: /root/ros2_ws/install/open_manipulator_msgs/local/lib/python3.10/dist-packages/open_manipulator_msgs/srv/_set_actuator_state_s.c
[8.089s] -- Symlinking: /root/ros2_ws/install/open_manipulator_msgs/local/lib/python3.10/dist-packages/open_manipulator_msgs/srv/_set_drawing_trajectory.py
[8.099s] -- Symlinking: /root/ros2_ws/install/open_manipulator_msgs/local/lib/python3.10/dist-packages/open_manipulator_msgs/srv/_set_drawing_trajectory_s.c
[8.109s] -- Symlinking: /root/ros2_ws/install/open_manipulator_msgs/local/lib/python3.10/dist-packages/open_manipulator_msgs/srv/_set_joint_position.py
[8.119s] -- Symlinking: /root/ros2_ws/install/open_manipulator_msgs/local/lib/python3.10/dist-packages/open_manipulator_msgs/srv/_set_joint_position_s.c
[8.129s] -- Symlinking: /root/ros2_ws/install/open_manipulator_msgs/local/lib/python3.10/dist-packages/open_manipulator_msgs/srv/_set_kinematics_pose.py
[8.138s] -- Symlinking: /root/ros2_ws/install/open_manipulator_msgs/local/lib/python3.10/dist-packages/open_manipulator_msgs/srv/_set_kinematics_pose_s.c
[8.148s] -- Up-to-date symlink: /root/ros2_ws/install/open_manipulator_msgs/local/lib/python3.10/dist-packages/open_manipulator_msgs/open_manipulator_msgs_s__rosidl_typesupport_fastrtps_c.cpython-310-x86_64-linux-gnu.so
[8.148s] -- Up-to-date symlink: /root/ros2_ws/install/open_manipulator_msgs/local/lib/python3.10/dist-packages/open_manipulator_msgs/open_manipulator_msgs_s__rosidl_typesupport_introspection_c.cpython-310-x86_64-linux-gnu.so
[8.149s] -- Up-to-date symlink: /root/ros2_ws/install/open_manipulator_msgs/local/lib/python3.10/dist-packages/open_manipulator_msgs/open_manipulator_msgs_s__rosidl_typesupport_c.cpython-310-x86_64-linux-gnu.so
[8.149s] -- Symlinking: /root/ros2_ws/install/open_manipulator_msgs/share/open_manipulator_msgs/msg/JointPosition.idl
[8.159s] -- Symlinking: /root/ros2_ws/install/open_manipulator_msgs/share/open_manipulator_msgs/msg/KinematicsPose.idl
[8.169s] -- Symlinking: /root/ros2_ws/install/open_manipulator_msgs/share/open_manipulator_msgs/msg/OpenManipulatorState.idl
[8.178s] -- Symlinking: /root/ros2_ws/install/open_manipulator_msgs/share/open_manipulator_msgs/srv/GetJointPosition.idl
[8.188s] -- Symlinking: /root/ros2_ws/install/open_manipulator_msgs/share/open_manipulator_msgs/srv/GetKinematicsPose.idl
[8.198s] -- Symlinking: /root/ros2_ws/install/open_manipulator_msgs/share/open_manipulator_msgs/srv/SetJointPosition.idl
[8.208s] -- Symlinking: /root/ros2_ws/install/open_manipulator_msgs/share/open_manipulator_msgs/srv/SetKinematicsPose.idl
[8.219s] -- Symlinking: /root/ros2_ws/install/open_manipulator_msgs/share/open_manipulator_msgs/srv/SetDrawingTrajectory.idl
[8.228s] -- Symlinking: /root/ros2_ws/install/open_manipulator_msgs/share/open_manipulator_msgs/srv/SetActuatorState.idl
[8.238s] -- Symlinking: /root/ros2_ws/install/open_manipulator_msgs/share/open_manipulator_msgs/msg/JointPosition.msg
[8.248s] -- Symlinking: /root/ros2_ws/install/open_manipulator_msgs/share/open_manipulator_msgs/msg/KinematicsPose.msg
[8.258s] -- Symlinking: /root/ros2_ws/install/open_manipulator_msgs/share/open_manipulator_msgs/msg/OpenManipulatorState.msg
[8.268s] -- Symlinking: /root/ros2_ws/install/open_manipulator_msgs/share/open_manipulator_msgs/srv/GetJointPosition.srv
[8.277s] -- Symlinking: /root/ros2_ws/install/open_manipulator_msgs/share/open_manipulator_msgs/srv/GetJointPosition_Request.msg
[8.287s] -- Symlinking: /root/ros2_ws/install/open_manipulator_msgs/share/open_manipulator_msgs/srv/GetJointPosition_Response.msg
[8.296s] -- Symlinking: /root/ros2_ws/install/open_manipulator_msgs/share/open_manipulator_msgs/srv/GetKinematicsPose.srv
[8.307s] -- Symlinking: /root/ros2_ws/install/open_manipulator_msgs/share/open_manipulator_msgs/srv/GetKinematicsPose_Request.msg
[8.317s] -- Symlinking: /root/ros2_ws/install/open_manipulator_msgs/share/open_manipulator_msgs/srv/GetKinematicsPose_Response.msg
[8.326s] -- Symlinking: /root/ros2_ws/install/open_manipulator_msgs/share/open_manipulator_msgs/srv/SetJointPosition.srv
[8.336s] -- Symlinking: /root/ros2_ws/install/open_manipulator_msgs/share/open_manipulator_msgs/srv/SetJointPosition_Request.msg
[8.346s] -- Symlinking: /root/ros2_ws/install/open_manipulator_msgs/share/open_manipulator_msgs/srv/SetJointPosition_Response.msg
[8.356s] -- Symlinking: /root/ros2_ws/install/open_manipulator_msgs/share/open_manipulator_msgs/srv/SetKinematicsPose.srv
[8.365s] -- Symlinking: /root/ros2_ws/install/open_manipulator_msgs/share/open_manipulator_msgs/srv/SetKinematicsPose_Request.msg
[8.375s] -- Symlinking: /root/ros2_ws/install/open_manipulator_msgs/share/open_manipulator_msgs/srv/SetKinematicsPose_Response.msg
[8.385s] -- Symlinking: /root/ros2_ws/install/open_manipulator_msgs/share/open_manipulator_msgs/srv/SetDrawingTrajectory.srv
[8.394s] -- Symlinking: /root/ros2_ws/install/open_manipulator_msgs/share/open_manipulator_msgs/srv/SetDrawingTrajectory_Request.msg
[8.404s] -- Symlinking: /root/ros2_ws/install/open_manipulator_msgs/share/open_manipulator_msgs/srv/SetDrawingTrajectory_Response.msg
[8.414s] -- Symlinking: /root/ros2_ws/install/open_manipulator_msgs/share/open_manipulator_msgs/srv/SetActuatorState.srv
[8.424s] -- Symlinking: /root/ros2_ws/install/open_manipulator_msgs/share/open_manipulator_msgs/srv/SetActuatorState_Request.msg
[8.434s] -- Symlinking: /root/ros2_ws/install/open_manipulator_msgs/share/open_manipulator_msgs/srv/SetActuatorState_Response.msg
[8.444s] -- Symlinking: /root/ros2_ws/install/open_manipulator_msgs/share/ament_index/resource_index/package_run_dependencies/open_manipulator_msgs
[8.454s] -- Symlinking: /root/ros2_ws/install/open_manipulator_msgs/share/ament_index/resource_index/parent_prefix_path/open_manipulator_msgs
[8.464s] -- Symlinking: /root/ros2_ws/install/open_manipulator_msgs/share/open_manipulator_msgs/environment/ament_prefix_path.sh
[8.473s] -- Symlinking: /root/ros2_ws/install/open_manipulator_msgs/share/open_manipulator_msgs/environment/ament_prefix_path.dsv
[8.483s] -- Symlinking: /root/ros2_ws/install/open_manipulator_msgs/share/open_manipulator_msgs/environment/path.sh
[8.492s] -- Symlinking: /root/ros2_ws/install/open_manipulator_msgs/share/open_manipulator_msgs/environment/path.dsv
[8.502s] -- Symlinking: /root/ros2_ws/install/open_manipulator_msgs/share/open_manipulator_msgs/local_setup.bash
[8.512s] -- Symlinking: /root/ros2_ws/install/open_manipulator_msgs/share/open_manipulator_msgs/local_setup.sh
[8.522s] -- Symlinking: /root/ros2_ws/install/open_manipulator_msgs/share/open_manipulator_msgs/local_setup.zsh
[8.532s] -- Symlinking: /root/ros2_ws/install/open_manipulator_msgs/share/open_manipulator_msgs/local_setup.dsv
[8.541s] -- Symlinking: /root/ros2_ws/install/open_manipulator_msgs/share/open_manipulator_msgs/package.dsv
[8.551s] -- Symlinking: /root/ros2_ws/install/open_manipulator_msgs/share/ament_index/resource_index/packages/open_manipulator_msgs
[8.561s] -- Symlinking: /root/ros2_ws/install/open_manipulator_msgs/share/open_manipulator_msgs/cmake/rosidl_cmake-extras.cmake
[8.571s] -- Symlinking: /root/ros2_ws/install/open_manipulator_msgs/share/open_manipulator_msgs/cmake/ament_cmake_export_dependencies-extras.cmake
[8.581s] -- Symlinking: /root/ros2_ws/install/open_manipulator_msgs/share/open_manipulator_msgs/cmake/ament_cmake_export_include_directories-extras.cmake
[8.591s] -- Symlinking: /root/ros2_ws/install/open_manipulator_msgs/share/open_manipulator_msgs/cmake/ament_cmake_export_libraries-extras.cmake
[8.601s] -- Symlinking: /root/ros2_ws/install/open_manipulator_msgs/share/open_manipulator_msgs/cmake/ament_cmake_export_targets-extras.cmake
[8.611s] -- Symlinking: /root/ros2_ws/install/open_manipulator_msgs/share/open_manipulator_msgs/cmake/rosidl_cmake_export_typesupport_targets-extras.cmake
[8.621s] -- Symlinking: /root/ros2_ws/install/open_manipulator_msgs/share/open_manipulator_msgs/cmake/rosidl_cmake_export_typesupport_libraries-extras.cmake
[8.631s] -- Symlinking: /root/ros2_ws/install/open_manipulator_msgs/share/open_manipulator_msgs/cmake/open_manipulator_msgsConfig.cmake
[8.641s] -- Symlinking: /root/ros2_ws/install/open_manipulator_msgs/share/open_manipulator_msgs/cmake/open_manipulator_msgsConfig-version.cmake
[8.651s] -- Symlinking: /root/ros2_ws/install/open_manipulator_msgs/share/open_manipulator_msgs/package.xml
[8.660s] -- Installing: /root/ros2_ws/install/open_manipulator_msgs/lib/libopen_manipulator_msgs__rosidl_generator_c.so
[8.661s] -- Set runtime path of "/root/ros2_ws/install/open_manipulator_msgs/lib/libopen_manipulator_msgs__rosidl_generator_c.so" to ""
[8.661s] -- Installing: /root/ros2_ws/install/open_manipulator_msgs/lib/libopen_manipulator_msgs__rosidl_typesupport_fastrtps_c.so
[8.661s] -- Set runtime path of "/root/ros2_ws/install/open_manipulator_msgs/lib/libopen_manipulator_msgs__rosidl_typesupport_fastrtps_c.so" to ""
[8.661s] -- Installing: /root/ros2_ws/install/open_manipulator_msgs/lib/libopen_manipulator_msgs__rosidl_typesupport_fastrtps_cpp.so
[8.661s] -- Set runtime path of "/root/ros2_ws/install/open_manipulator_msgs/lib/libopen_manipulator_msgs__rosidl_typesupport_fastrtps_cpp.so" to ""
[8.661s] -- Installing: /root/ros2_ws/install/open_manipulator_msgs/lib/libopen_manipulator_msgs__rosidl_typesupport_introspection_c.so
[8.662s] -- Set runtime path of "/root/ros2_ws/install/open_manipulator_msgs/lib/libopen_manipulator_msgs__rosidl_typesupport_introspection_c.so" to ""
[8.662s] -- Installing: /root/ros2_ws/install/open_manipulator_msgs/lib/libopen_manipulator_msgs__rosidl_typesupport_c.so
[8.662s] -- Set runtime path of "/root/ros2_ws/install/open_manipulator_msgs/lib/libopen_manipulator_msgs__rosidl_typesupport_c.so" to ""
[8.662s] -- Installing: /root/ros2_ws/install/open_manipulator_msgs/lib/libopen_manipulator_msgs__rosidl_typesupport_introspection_cpp.so
[8.662s] -- Set runtime path of "/root/ros2_ws/install/open_manipulator_msgs/lib/libopen_manipulator_msgs__rosidl_typesupport_introspection_cpp.so" to ""
[8.662s] -- Installing: /root/ros2_ws/install/open_manipulator_msgs/lib/libopen_manipulator_msgs__rosidl_typesupport_cpp.so
[8.662s] -- Set runtime path of "/root/ros2_ws/install/open_manipulator_msgs/lib/libopen_manipulator_msgs__rosidl_typesupport_cpp.so" to ""
[8.724s] Listing '/root/ros2_ws/install/open_manipulator_msgs/local/lib/python3.10/dist-packages/open_manipulator_msgs'...
[8.725s] Compiling '/root/ros2_ws/install/open_manipulator_msgs/local/lib/python3.10/dist-packages/open_manipulator_msgs/__init__.py'...
[8.725s] Listing '/root/ros2_ws/install/open_manipulator_msgs/local/lib/python3.10/dist-packages/open_manipulator_msgs/msg'...
[8.725s] Compiling '/root/ros2_ws/install/open_manipulator_msgs/local/lib/python3.10/dist-packages/open_manipulator_msgs/msg/__init__.py'...
[8.725s] Compiling '/root/ros2_ws/install/open_manipulator_msgs/local/lib/python3.10/dist-packages/open_manipulator_msgs/msg/_joint_position.py'...
[8.725s] Compiling '/root/ros2_ws/install/open_manipulator_msgs/local/lib/python3.10/dist-packages/open_manipulator_msgs/msg/_kinematics_pose.py'...
[8.725s] Compiling '/root/ros2_ws/install/open_manipulator_msgs/local/lib/python3.10/dist-packages/open_manipulator_msgs/msg/_open_manipulator_state.py'...
[8.725s] Listing '/root/ros2_ws/install/open_manipulator_msgs/local/lib/python3.10/dist-packages/open_manipulator_msgs/srv'...
[8.725s] Compiling '/root/ros2_ws/install/open_manipulator_msgs/local/lib/python3.10/dist-packages/open_manipulator_msgs/srv/__init__.py'...
[8.725s] Compiling '/root/ros2_ws/install/open_manipulator_msgs/local/lib/python3.10/dist-packages/open_manipulator_msgs/srv/_get_joint_position.py'...
[8.725s] Compiling '/root/ros2_ws/install/open_manipulator_msgs/local/lib/python3.10/dist-packages/open_manipulator_msgs/srv/_get_kinematics_pose.py'...
[8.725s] Compiling '/root/ros2_ws/install/open_manipulator_msgs/local/lib/python3.10/dist-packages/open_manipulator_msgs/srv/_set_actuator_state.py'...
[8.725s] Compiling '/root/ros2_ws/install/open_manipulator_msgs/local/lib/python3.10/dist-packages/open_manipulator_msgs/srv/_set_drawing_trajectory.py'...
[8.725s] Compiling '/root/ros2_ws/install/open_manipulator_msgs/local/lib/python3.10/dist-packages/open_manipulator_msgs/srv/_set_joint_position.py'...
[8.725s] Compiling '/root/ros2_ws/install/open_manipulator_msgs/local/lib/python3.10/dist-packages/open_manipulator_msgs/srv/_set_kinematics_pose.py'...
[8.731s] -- Installing: /root/ros2_ws/install/open_manipulator_msgs/lib/libopen_manipulator_msgs__rosidl_generator_py.so
[8.731s] -- Set runtime path of "/root/ros2_ws/install/open_manipulator_msgs/lib/libopen_manipulator_msgs__rosidl_generator_py.so" to ""
[8.732s] -- Installing: /root/ros2_ws/install/open_manipulator_msgs/share/open_manipulator_msgs/cmake/export_open_manipulator_msgs__rosidl_generator_cExport.cmake
[8.732s] -- Installing: /root/ros2_ws/install/open_manipulator_msgs/share/open_manipulator_msgs/cmake/export_open_manipulator_msgs__rosidl_generator_cExport-noconfig.cmake
[8.732s] -- Installing: /root/ros2_ws/install/open_manipulator_msgs/share/open_manipulator_msgs/cmake/export_open_manipulator_msgs__rosidl_typesupport_fastrtps_cExport.cmake
[8.732s] -- Installing: /root/ros2_ws/install/open_manipulator_msgs/share/open_manipulator_msgs/cmake/export_open_manipulator_msgs__rosidl_typesupport_fastrtps_cExport-noconfig.cmake
[8.732s] -- Installing: /root/ros2_ws/install/open_manipulator_msgs/share/open_manipulator_msgs/cmake/export_open_manipulator_msgs__rosidl_generator_cppExport.cmake
[8.732s] -- Installing: /root/ros2_ws/install/open_manipulator_msgs/share/open_manipulator_msgs/cmake/export_open_manipulator_msgs__rosidl_typesupport_fastrtps_cppExport.cmake
[8.732s] -- Installing: /root/ros2_ws/install/open_manipulator_msgs/share/open_manipulator_msgs/cmake/export_open_manipulator_msgs__rosidl_typesupport_fastrtps_cppExport-noconfig.cmake
[8.732s] -- Installing: /root/ros2_ws/install/open_manipulator_msgs/share/open_manipulator_msgs/cmake/open_manipulator_msgs__rosidl_typesupport_introspection_cExport.cmake
[8.733s] -- Installing: /root/ros2_ws/install/open_manipulator_msgs/share/open_manipulator_msgs/cmake/open_manipulator_msgs__rosidl_typesupport_introspection_cExport-noconfig.cmake
[8.733s] -- Installing: /root/ros2_ws/install/open_manipulator_msgs/share/open_manipulator_msgs/cmake/open_manipulator_msgs__rosidl_typesupport_cExport.cmake
[8.733s] -- Installing: /root/ros2_ws/install/open_manipulator_msgs/share/open_manipulator_msgs/cmake/open_manipulator_msgs__rosidl_typesupport_cExport-noconfig.cmake
[8.733s] -- Installing: /root/ros2_ws/install/open_manipulator_msgs/share/open_manipulator_msgs/cmake/open_manipulator_msgs__rosidl_typesupport_introspection_cppExport.cmake
[8.733s] -- Installing: /root/ros2_ws/install/open_manipulator_msgs/share/open_manipulator_msgs/cmake/open_manipulator_msgs__rosidl_typesupport_introspection_cppExport-noconfig.cmake
[8.733s] -- Installing: /root/ros2_ws/install/open_manipulator_msgs/share/open_manipulator_msgs/cmake/open_manipulator_msgs__rosidl_typesupport_cppExport.cmake
[8.733s] -- Installing: /root/ros2_ws/install/open_manipulator_msgs/share/open_manipulator_msgs/cmake/open_manipulator_msgs__rosidl_typesupport_cppExport-noconfig.cmake
[8.734s] -- Installing: /root/ros2_ws/install/open_manipulator_msgs/share/open_manipulator_msgs/cmake/export_open_manipulator_msgs__rosidl_generator_pyExport.cmake
[8.734s] -- Installing: /root/ros2_ws/install/open_manipulator_msgs/share/open_manipulator_msgs/cmake/export_open_manipulator_msgs__rosidl_generator_pyExport-noconfig.cmake
[8.738s] Invoked command in '/root/ros2_ws/build/open_manipulator_msgs' returned '0': CMAKE_PREFIX_PATH=/opt/ros/humble /usr/bin/cmake --install /root/ros2_ws/build/open_manipulator_msgs
