[0.043s] Invoking command in '/root/ros2_ws/build/dynamixel_sdk': CMAKE_PREFIX_PATH=/opt/ros/humble /usr/bin/cmake /root/ros2_ws/src/DynamixelSDK/dynamixel_sdk -DAMENT_CMAKE_SYMLINK_INSTALL=1 -DCMAKE_INSTALL_PREFIX=/root/ros2_ws/install/dynamixel_sdk
[0.150s] -- The C compiler identification is GNU 11.4.0
[0.233s] -- The CXX compiler identification is GNU 11.4.0
[0.244s] -- Detecting C compiler ABI info
[0.329s] -- Detecting C compiler ABI info - done
[0.338s] -- Check for working C compiler: /usr/bin/cc - skipped
[0.339s] -- Detecting C compile features
[0.339s] -- Detecting C compile features - done
[0.343s] -- Detecting CXX compiler ABI info
[0.439s] -- Detecting CXX compiler ABI info - done
[0.446s] -- Check for working CXX compiler: /usr/bin/c++ - skipped
[0.446s] -- Detecting CXX compile features
[0.447s] -- Detecting CXX compile features - done
[0.457s] -- Found ament_cmake: 1.3.12 (/opt/ros/humble/share/ament_cmake/cmake)
[0.658s] -- Found Python3: /usr/bin/python3 (found version "3.10.12") found components: Interpreter 
[0.753s] -- Override CMake install command with custom implementation using symlinks instead of copying resources
[0.916s] -- Configuring done
[0.921s] -- Generating done
[0.925s] -- Build files have been written to: /root/ros2_ws/build/dynamixel_sdk
[0.932s] Invoked command in '/root/ros2_ws/build/dynamixel_sdk' returned '0': CMAKE_PREFIX_PATH=/opt/ros/humble /usr/bin/cmake /root/ros2_ws/src/DynamixelSDK/dynamixel_sdk -DAMENT_CMAKE_SYMLINK_INSTALL=1 -DCMAKE_INSTALL_PREFIX=/root/ros2_ws/install/dynamixel_sdk
[0.934s] Invoking command in '/root/ros2_ws/build/dynamixel_sdk': CMAKE_PREFIX_PATH=/opt/ros/humble /usr/bin/cmake --build /root/ros2_ws/build/dynamixel_sdk -- -j24 -l24
[0.987s] [ 10%] [32mBuilding CXX object CMakeFiles/dynamixel_sdk.dir/src/dynamixel_sdk/packet_handler.cpp.o[0m
[0.988s] [ 30%] [32mBuilding CXX object CMakeFiles/dynamixel_sdk.dir/src/dynamixel_sdk/protocol1_packet_handler.cpp.o[0m
[0.988s] [ 30%] [32mBuilding CXX object CMakeFiles/dynamixel_sdk.dir/src/dynamixel_sdk/protocol2_packet_handler.cpp.o[0m
[0.988s] [ 40%] [32mBuilding CXX object CMakeFiles/dynamixel_sdk.dir/src/dynamixel_sdk/group_sync_read.cpp.o[0m
[0.988s] [ 50%] [32mBuilding CXX object CMakeFiles/dynamixel_sdk.dir/src/dynamixel_sdk/group_sync_write.cpp.o[0m
[0.988s] [ 70%] [32mBuilding CXX object CMakeFiles/dynamixel_sdk.dir/src/dynamixel_sdk/group_bulk_read.cpp.o[0m
[0.988s] [ 70%] [32mBuilding CXX object CMakeFiles/dynamixel_sdk.dir/src/dynamixel_sdk/group_bulk_write.cpp.o[0m
[0.989s] [ 80%] [32mBuilding CXX object CMakeFiles/dynamixel_sdk.dir/src/dynamixel_sdk/port_handler.cpp.o[0m
[0.989s] [ 90%] [32mBuilding CXX object CMakeFiles/dynamixel_sdk.dir/src/dynamixel_sdk/port_handler_linux.cpp.o[0m
[1.371s] [100%] [32m[1mLinking CXX shared library libdynamixel_sdk.so[0m
[1.480s] [100%] Built target dynamixel_sdk
[1.493s] Invoked command in '/root/ros2_ws/build/dynamixel_sdk' returned '0': CMAKE_PREFIX_PATH=/opt/ros/humble /usr/bin/cmake --build /root/ros2_ws/build/dynamixel_sdk -- -j24 -l24
[1.495s] Invoking command in '/root/ros2_ws/build/dynamixel_sdk': CMAKE_PREFIX_PATH=/opt/ros/humble /usr/bin/cmake --install /root/ros2_ws/build/dynamixel_sdk
[1.503s] -- Install configuration: ""
[1.504s] -- Execute custom install script
[1.505s] -- Symlinking: /root/ros2_ws/install/dynamixel_sdk/include//dynamixel_sdk/dynamixel_sdk.h
[1.515s] -- Symlinking: /root/ros2_ws/install/dynamixel_sdk/include//dynamixel_sdk/group_bulk_read.h
[1.524s] -- Symlinking: /root/ros2_ws/install/dynamixel_sdk/include//dynamixel_sdk/group_bulk_write.h
[1.533s] -- Symlinking: /root/ros2_ws/install/dynamixel_sdk/include//dynamixel_sdk/group_sync_read.h
[1.543s] -- Symlinking: /root/ros2_ws/install/dynamixel_sdk/include//dynamixel_sdk/group_sync_write.h
[1.553s] -- Symlinking: /root/ros2_ws/install/dynamixel_sdk/include//dynamixel_sdk/packet_handler.h
[1.562s] -- Symlinking: /root/ros2_ws/install/dynamixel_sdk/include//dynamixel_sdk/port_handler.h
[1.571s] -- Symlinking: /root/ros2_ws/install/dynamixel_sdk/include//dynamixel_sdk/port_handler_arduino.h
[1.580s] -- Symlinking: /root/ros2_ws/install/dynamixel_sdk/include//dynamixel_sdk/port_handler_linux.h
[1.590s] -- Symlinking: /root/ros2_ws/install/dynamixel_sdk/include//dynamixel_sdk/port_handler_mac.h
[1.599s] -- Symlinking: /root/ros2_ws/install/dynamixel_sdk/include//dynamixel_sdk/port_handler_windows.h
[1.608s] -- Symlinking: /root/ros2_ws/install/dynamixel_sdk/include//dynamixel_sdk/protocol1_packet_handler.h
[1.618s] -- Symlinking: /root/ros2_ws/install/dynamixel_sdk/include//dynamixel_sdk/protocol2_packet_handler.h
[1.627s] -- Symlinking: /root/ros2_ws/install/dynamixel_sdk/lib/libdynamixel_sdk.so
[1.637s] -- Symlinking: /root/ros2_ws/install/dynamixel_sdk/share/dynamixel_sdk/environment/library_path.sh
[1.647s] -- Symlinking: /root/ros2_ws/install/dynamixel_sdk/share/dynamixel_sdk/environment/library_path.dsv
[1.656s] -- Symlinking: /root/ros2_ws/install/dynamixel_sdk/share/ament_index/resource_index/package_run_dependencies/dynamixel_sdk
[1.666s] -- Symlinking: /root/ros2_ws/install/dynamixel_sdk/share/ament_index/resource_index/parent_prefix_path/dynamixel_sdk
[1.675s] -- Symlinking: /root/ros2_ws/install/dynamixel_sdk/share/dynamixel_sdk/environment/ament_prefix_path.sh
[1.684s] -- Symlinking: /root/ros2_ws/install/dynamixel_sdk/share/dynamixel_sdk/environment/ament_prefix_path.dsv
[1.693s] -- Symlinking: /root/ros2_ws/install/dynamixel_sdk/share/dynamixel_sdk/environment/path.sh
[1.703s] -- Symlinking: /root/ros2_ws/install/dynamixel_sdk/share/dynamixel_sdk/environment/path.dsv
[1.713s] -- Symlinking: /root/ros2_ws/install/dynamixel_sdk/share/dynamixel_sdk/local_setup.bash
[1.722s] -- Symlinking: /root/ros2_ws/install/dynamixel_sdk/share/dynamixel_sdk/local_setup.sh
[1.731s] -- Symlinking: /root/ros2_ws/install/dynamixel_sdk/share/dynamixel_sdk/local_setup.zsh
[1.740s] -- Symlinking: /root/ros2_ws/install/dynamixel_sdk/share/dynamixel_sdk/local_setup.dsv
[1.749s] -- Symlinking: /root/ros2_ws/install/dynamixel_sdk/share/dynamixel_sdk/package.dsv
[1.758s] -- Symlinking: /root/ros2_ws/install/dynamixel_sdk/share/ament_index/resource_index/packages/dynamixel_sdk
[1.768s] -- Symlinking: /root/ros2_ws/install/dynamixel_sdk/share/dynamixel_sdk/cmake/ament_cmake_export_include_directories-extras.cmake
[1.777s] -- Symlinking: /root/ros2_ws/install/dynamixel_sdk/share/dynamixel_sdk/cmake/ament_cmake_export_libraries-extras.cmake
[1.786s] -- Symlinking: /root/ros2_ws/install/dynamixel_sdk/share/dynamixel_sdk/cmake/dynamixel_sdkConfig.cmake
[1.795s] -- Symlinking: /root/ros2_ws/install/dynamixel_sdk/share/dynamixel_sdk/cmake/dynamixel_sdkConfig-version.cmake
[1.804s] -- Symlinking: /root/ros2_ws/install/dynamixel_sdk/share/dynamixel_sdk/package.xml
[1.817s] Invoked command in '/root/ros2_ws/build/dynamixel_sdk' returned '0': CMAKE_PREFIX_PATH=/opt/ros/humble /usr/bin/cmake --install /root/ros2_ws/build/dynamixel_sdk
