[0.026s] Invoking command in '/root/ros2_ws/build/open_manipulator_x_description': CMAKE_PREFIX_PATH=/opt/ros/humble /usr/bin/cmake /root/ros2_ws/src/open_manipulator/open_manipulator_x_description -DAMENT_CMAKE_SYMLINK_INSTALL=1 -DCMAKE_INSTALL_PREFIX=/root/ros2_ws/install/open_manipulator_x_description
[0.122s] -- The C compiler identification is GNU 11.4.0
[0.203s] -- The CXX compiler identification is GNU 11.4.0
[0.216s] -- Detecting C compiler ABI info
[0.301s] -- Detecting C compiler ABI info - done
[0.308s] -- Check for working C compiler: /usr/bin/cc - skipped
[0.308s] -- Detecting C compile features
[0.309s] -- Detecting C compile features - done
[0.313s] -- Detecting CXX compiler ABI info
[0.411s] -- Detecting CXX compiler ABI info - done
[0.421s] -- Check for working CXX compiler: /usr/bin/c++ - skipped
[0.421s] -- Detecting CXX compile features
[0.421s] -- Detecting CXX compile features - done
[0.429s] -- Found ament_cmake: 1.3.12 (/opt/ros/humble/share/ament_cmake/cmake)
[0.630s] -- Found Python3: /usr/bin/python3 (found version "3.10.12") found components: Interpreter 
[0.725s] -- Override CMake install command with custom implementation using symlinks instead of copying resources
[0.886s] -- Configuring done
[0.889s] -- Generating done
[0.891s] -- Build files have been written to: /root/ros2_ws/build/open_manipulator_x_description
[0.898s] Invoked command in '/root/ros2_ws/build/open_manipulator_x_description' returned '0': CMAKE_PREFIX_PATH=/opt/ros/humble /usr/bin/cmake /root/ros2_ws/src/open_manipulator/open_manipulator_x_description -DAMENT_CMAKE_SYMLINK_INSTALL=1 -DCMAKE_INSTALL_PREFIX=/root/ros2_ws/install/open_manipulator_x_description
[0.900s] Invoking command in '/root/ros2_ws/build/open_manipulator_x_description': CMAKE_PREFIX_PATH=/opt/ros/humble /usr/bin/cmake --build /root/ros2_ws/build/open_manipulator_x_description -- -j24 -l24
[0.944s] Invoked command in '/root/ros2_ws/build/open_manipulator_x_description' returned '0': CMAKE_PREFIX_PATH=/opt/ros/humble /usr/bin/cmake --build /root/ros2_ws/build/open_manipulator_x_description -- -j24 -l24
[0.955s] Invoking command in '/root/ros2_ws/build/open_manipulator_x_description': CMAKE_PREFIX_PATH=/opt/ros/humble /usr/bin/cmake --install /root/ros2_ws/build/open_manipulator_x_description
[0.964s] -- Install configuration: ""
[0.964s] -- Execute custom install script
[0.965s] -- Symlinking: /root/ros2_ws/install/open_manipulator_x_description/share/open_manipulator_x_description/launch/.DS_Store
[0.975s] -- Symlinking: /root/ros2_ws/install/open_manipulator_x_description/share/open_manipulator_x_description/launch/open_manipulator_x_rviz.launch.py
[0.986s] -- Symlinking: /root/ros2_ws/install/open_manipulator_x_description/share/open_manipulator_x_description/meshes/chain_link1.stl
[0.996s] -- Symlinking: /root/ros2_ws/install/open_manipulator_x_description/share/open_manipulator_x_description/meshes/chain_link2.stl
[1.007s] -- Symlinking: /root/ros2_ws/install/open_manipulator_x_description/share/open_manipulator_x_description/meshes/chain_link3.stl
[1.017s] -- Symlinking: /root/ros2_ws/install/open_manipulator_x_description/share/open_manipulator_x_description/meshes/chain_link4.stl
[1.028s] -- Symlinking: /root/ros2_ws/install/open_manipulator_x_description/share/open_manipulator_x_description/meshes/chain_link5.stl
[1.039s] -- Symlinking: /root/ros2_ws/install/open_manipulator_x_description/share/open_manipulator_x_description/meshes/chain_link_grip_l.stl
[1.051s] -- Symlinking: /root/ros2_ws/install/open_manipulator_x_description/share/open_manipulator_x_description/meshes/chain_link_grip_r.stl
[1.064s] -- Symlinking: /root/ros2_ws/install/open_manipulator_x_description/share/open_manipulator_x_description/rviz/open_manipulator_x.rviz
[1.074s] -- Symlinking: /root/ros2_ws/install/open_manipulator_x_description/share/open_manipulator_x_description/urdf/materials.xacro
[1.085s] -- Symlinking: /root/ros2_ws/install/open_manipulator_x_description/share/open_manipulator_x_description/urdf/open_manipulator_x.gazebo.xacro
[1.096s] -- Symlinking: /root/ros2_ws/install/open_manipulator_x_description/share/open_manipulator_x_description/urdf/open_manipulator_x.transmission.xacro
[1.107s] -- Symlinking: /root/ros2_ws/install/open_manipulator_x_description/share/open_manipulator_x_description/urdf/open_manipulator_x.urdf.xacro
[1.118s] -- Symlinking: /root/ros2_ws/install/open_manipulator_x_description/share/open_manipulator_x_description/urdf/open_manipulator_x_robot.urdf.xacro
[1.129s] -- Symlinking: /root/ros2_ws/install/open_manipulator_x_description/share/ament_index/resource_index/package_run_dependencies/open_manipulator_x_description
[1.140s] -- Symlinking: /root/ros2_ws/install/open_manipulator_x_description/share/ament_index/resource_index/parent_prefix_path/open_manipulator_x_description
[1.151s] -- Symlinking: /root/ros2_ws/install/open_manipulator_x_description/share/open_manipulator_x_description/environment/ament_prefix_path.sh
[1.161s] -- Symlinking: /root/ros2_ws/install/open_manipulator_x_description/share/open_manipulator_x_description/environment/ament_prefix_path.dsv
[1.172s] -- Symlinking: /root/ros2_ws/install/open_manipulator_x_description/share/open_manipulator_x_description/environment/path.sh
[1.183s] -- Symlinking: /root/ros2_ws/install/open_manipulator_x_description/share/open_manipulator_x_description/environment/path.dsv
[1.194s] -- Symlinking: /root/ros2_ws/install/open_manipulator_x_description/share/open_manipulator_x_description/local_setup.bash
[1.205s] -- Symlinking: /root/ros2_ws/install/open_manipulator_x_description/share/open_manipulator_x_description/local_setup.sh
[1.216s] -- Symlinking: /root/ros2_ws/install/open_manipulator_x_description/share/open_manipulator_x_description/local_setup.zsh
[1.227s] -- Symlinking: /root/ros2_ws/install/open_manipulator_x_description/share/open_manipulator_x_description/local_setup.dsv
[1.238s] -- Symlinking: /root/ros2_ws/install/open_manipulator_x_description/share/open_manipulator_x_description/package.dsv
[1.248s] -- Symlinking: /root/ros2_ws/install/open_manipulator_x_description/share/ament_index/resource_index/packages/open_manipulator_x_description
[1.259s] -- Symlinking: /root/ros2_ws/install/open_manipulator_x_description/share/open_manipulator_x_description/cmake/open_manipulator_x_descriptionConfig.cmake
[1.269s] -- Symlinking: /root/ros2_ws/install/open_manipulator_x_description/share/open_manipulator_x_description/cmake/open_manipulator_x_descriptionConfig-version.cmake
[1.278s] -- Symlinking: /root/ros2_ws/install/open_manipulator_x_description/share/open_manipulator_x_description/package.xml
[1.291s] Invoked command in '/root/ros2_ws/build/open_manipulator_x_description' returned '0': CMAKE_PREFIX_PATH=/opt/ros/humble /usr/bin/cmake --install /root/ros2_ws/build/open_manipulator_x_description
