[0.008s] Invoking command in '/root/ros2_ws/build/robotis_manipulator': AMENT_PREFIX_PATH=/root/ros2_ws/install/cmake_modules:${AMENT_PREFIX_PATH} CMAKE_PREFIX_PATH=/root/ros2_ws/install/cmake_modules:/opt/ros/humble /usr/bin/cmake /root/ros2_ws/src/robotis_manipulator -DAMENT_CMAKE_SYMLINK_INSTALL=1 -DCMAKE_INSTALL_PREFIX=/root/ros2_ws/install/robotis_manipulator
[0.075s] -- The C compiler identification is GNU 11.4.0
[0.144s] -- The CXX compiler identification is GNU 11.4.0
[0.153s] -- Detecting C compiler ABI info
[0.235s] -- Detecting C compiler ABI info - done
[0.245s] -- Check for working C compiler: /usr/bin/cc - skipped
[0.245s] -- Detecting C compile features
[0.245s] -- Detecting C compile features - done
[0.249s] -- Detecting CXX compiler ABI info
[0.345s] -- Detecting CXX compiler ABI info - done
[0.354s] -- Check for working CXX compiler: /usr/bin/c++ - skipped
[0.355s] -- Detecting CXX compile features
[0.355s] -- Detecting CXX compile features - done
[0.376s] -- Found ament_cmake: 1.3.12 (/opt/ros/humble/share/ament_cmake/cmake)
[0.566s] -- Found Python3: /usr/bin/python3 (found version "3.10.12") found components: Interpreter 
[0.648s] -- Override CMake install command with custom implementation using symlinks instead of copying resources
[0.699s] -- Found cmake_modules: 0.4.1 (/root/ros2_ws/install/cmake_modules/share/cmake_modules/cmake)
[0.704s] -- Found rclcpp: 16.0.15 (/opt/ros/humble/share/rclcpp/cmake)
[0.777s] -- Found rosidl_generator_c: 3.1.7 (/opt/ros/humble/share/rosidl_generator_c/cmake)
[0.786s] -- Found rosidl_adapter: 3.1.7 (/opt/ros/humble/share/rosidl_adapter/cmake)
[0.799s] -- Found rosidl_generator_cpp: 3.1.7 (/opt/ros/humble/share/rosidl_generator_cpp/cmake)
[0.818s] -- Using all available rosidl_typesupport_c: rosidl_typesupport_fastrtps_c;rosidl_typesupport_introspection_c
[0.843s] -- Using all available rosidl_typesupport_cpp: rosidl_typesupport_fastrtps_cpp;rosidl_typesupport_introspection_cpp
[0.926s] -- Found rmw_implementation_cmake: 6.1.2 (/opt/ros/humble/share/rmw_implementation_cmake/cmake)
[0.932s] -- Found rmw_fastrtps_cpp: 6.2.8 (/opt/ros/humble/share/rmw_fastrtps_cpp/cmake)
[1.047s] -- Found OpenSSL: /usr/lib/x86_64-linux-gnu/libcrypto.so (found version "3.0.2")  
[1.072s] -- Found FastRTPS: /opt/ros/humble/include  
[1.101s] -- Using RMW implementation 'rmw_fastrtps_cpp' as default
[1.120s] -- Looking for pthread.h
[1.209s] -- Looking for pthread.h - found
[1.209s] -- Performing Test CMAKE_HAVE_LIBC_PTHREAD
[1.303s] -- Performing Test CMAKE_HAVE_LIBC_PTHREAD - Success
[1.305s] -- Found Threads: TRUE  
[1.489s] -- Configuring done
[1.502s] -- Generating done
[1.506s] -- Build files have been written to: /root/ros2_ws/build/robotis_manipulator
[1.520s] Invoked command in '/root/ros2_ws/build/robotis_manipulator' returned '0': AMENT_PREFIX_PATH=/root/ros2_ws/install/cmake_modules:${AMENT_PREFIX_PATH} CMAKE_PREFIX_PATH=/root/ros2_ws/install/cmake_modules:/opt/ros/humble /usr/bin/cmake /root/ros2_ws/src/robotis_manipulator -DAMENT_CMAKE_SYMLINK_INSTALL=1 -DCMAKE_INSTALL_PREFIX=/root/ros2_ws/install/robotis_manipulator
[1.522s] Invoking command in '/root/ros2_ws/build/robotis_manipulator': AMENT_PREFIX_PATH=/root/ros2_ws/install/cmake_modules:${AMENT_PREFIX_PATH} CMAKE_PREFIX_PATH=/root/ros2_ws/install/cmake_modules:/opt/ros/humble /usr/bin/cmake --build /root/ros2_ws/build/robotis_manipulator -- -j24 -l24
[1.587s] [ 28%] [32mBuilding CXX object CMakeFiles/robotis_manipulator.dir/src/robotis_manipulator/robotis_manipulator_log.cpp.o[0m
[1.587s] [ 28%] [32mBuilding CXX object CMakeFiles/robotis_manipulator.dir/src/robotis_manipulator/robotis_manipulator_trajectory_generator.cpp.o[0m
[1.587s] [ 42%] [32mBuilding CXX object CMakeFiles/robotis_manipulator.dir/src/robotis_manipulator/robotis_manipulator_math.cpp.o[0m
[1.588s] [ 57%] [32mBuilding CXX object CMakeFiles/robotis_manipulator.dir/src/robotis_manipulator/robotis_manipulator_manager.cpp.o[0m
[1.589s] [ 71%] [32mBuilding CXX object CMakeFiles/robotis_manipulator.dir/src/robotis_manipulator/robotis_manipulator.cpp.o[0m
[1.589s] [ 85%] [32mBuilding CXX object CMakeFiles/robotis_manipulator.dir/src/robotis_manipulator/robotis_manipulator_common.cpp.o[0m
[7.722s] [100%] [32m[1mLinking CXX shared library librobotis_manipulator.so[0m
[8.034s] [100%] Built target robotis_manipulator
[8.050s] Invoked command in '/root/ros2_ws/build/robotis_manipulator' returned '0': AMENT_PREFIX_PATH=/root/ros2_ws/install/cmake_modules:${AMENT_PREFIX_PATH} CMAKE_PREFIX_PATH=/root/ros2_ws/install/cmake_modules:/opt/ros/humble /usr/bin/cmake --build /root/ros2_ws/build/robotis_manipulator -- -j24 -l24
[8.052s] Invoking command in '/root/ros2_ws/build/robotis_manipulator': AMENT_PREFIX_PATH=/root/ros2_ws/install/cmake_modules:${AMENT_PREFIX_PATH} CMAKE_PREFIX_PATH=/root/ros2_ws/install/cmake_modules:/opt/ros/humble /usr/bin/cmake --install /root/ros2_ws/build/robotis_manipulator
[8.061s] -- Install configuration: ""
[8.062s] -- Execute custom install script
[8.062s] -- Symlinking: /root/ros2_ws/install/robotis_manipulator/lib/librobotis_manipulator.so
[8.074s] -- Symlinking: /root/ros2_ws/install/robotis_manipulator/include//robotis_manipulator/robotis_manipulator.h
[8.085s] -- Symlinking: /root/ros2_ws/install/robotis_manipulator/include//robotis_manipulator/robotis_manipulator_common.h
[8.095s] -- Symlinking: /root/ros2_ws/install/robotis_manipulator/include//robotis_manipulator/robotis_manipulator_log.h
[8.106s] -- Symlinking: /root/ros2_ws/install/robotis_manipulator/include//robotis_manipulator/robotis_manipulator_manager.h
[8.116s] -- Symlinking: /root/ros2_ws/install/robotis_manipulator/include//robotis_manipulator/robotis_manipulator_math.h
[8.125s] -- Symlinking: /root/ros2_ws/install/robotis_manipulator/include//robotis_manipulator/robotis_manipulator_trajectory_generator.h
[8.135s] -- Symlinking: /root/ros2_ws/install/robotis_manipulator/share/robotis_manipulator/environment/library_path.sh
[8.145s] -- Symlinking: /root/ros2_ws/install/robotis_manipulator/share/robotis_manipulator/environment/library_path.dsv
[8.154s] -- Symlinking: /root/ros2_ws/install/robotis_manipulator/share/ament_index/resource_index/package_run_dependencies/robotis_manipulator
[8.163s] -- Symlinking: /root/ros2_ws/install/robotis_manipulator/share/ament_index/resource_index/parent_prefix_path/robotis_manipulator
[8.173s] -- Symlinking: /root/ros2_ws/install/robotis_manipulator/share/robotis_manipulator/environment/ament_prefix_path.sh
[8.182s] -- Symlinking: /root/ros2_ws/install/robotis_manipulator/share/robotis_manipulator/environment/ament_prefix_path.dsv
[8.191s] -- Symlinking: /root/ros2_ws/install/robotis_manipulator/share/robotis_manipulator/environment/path.sh
[8.201s] -- Symlinking: /root/ros2_ws/install/robotis_manipulator/share/robotis_manipulator/environment/path.dsv
[8.210s] -- Symlinking: /root/ros2_ws/install/robotis_manipulator/share/robotis_manipulator/local_setup.bash
[8.219s] -- Symlinking: /root/ros2_ws/install/robotis_manipulator/share/robotis_manipulator/local_setup.sh
[8.227s] -- Symlinking: /root/ros2_ws/install/robotis_manipulator/share/robotis_manipulator/local_setup.zsh
[8.237s] -- Symlinking: /root/ros2_ws/install/robotis_manipulator/share/robotis_manipulator/local_setup.dsv
[8.246s] -- Symlinking: /root/ros2_ws/install/robotis_manipulator/share/robotis_manipulator/package.dsv
[8.255s] -- Symlinking: /root/ros2_ws/install/robotis_manipulator/share/ament_index/resource_index/packages/robotis_manipulator
[8.264s] -- Symlinking: /root/ros2_ws/install/robotis_manipulator/share/robotis_manipulator/cmake/ament_cmake_export_include_directories-extras.cmake
[8.273s] -- Symlinking: /root/ros2_ws/install/robotis_manipulator/share/robotis_manipulator/cmake/ament_cmake_export_dependencies-extras.cmake
[8.282s] -- Symlinking: /root/ros2_ws/install/robotis_manipulator/share/robotis_manipulator/cmake/ament_cmake_export_libraries-extras.cmake
[8.291s] -- Symlinking: /root/ros2_ws/install/robotis_manipulator/share/robotis_manipulator/cmake/robotis_manipulatorConfig.cmake
[8.300s] -- Symlinking: /root/ros2_ws/install/robotis_manipulator/share/robotis_manipulator/cmake/robotis_manipulatorConfig-version.cmake
[8.309s] -- Symlinking: /root/ros2_ws/install/robotis_manipulator/share/robotis_manipulator/package.xml
[8.321s] Invoked command in '/root/ros2_ws/build/robotis_manipulator' returned '0': AMENT_PREFIX_PATH=/root/ros2_ws/install/cmake_modules:${AMENT_PREFIX_PATH} CMAKE_PREFIX_PATH=/root/ros2_ws/install/cmake_modules:/opt/ros/humble /usr/bin/cmake --install /root/ros2_ws/build/robotis_manipulator
