[0.256s] DEBUG:colcon:Command line arguments: ['/usr/bin/colcon', 'build']
[0.256s] DEBUG:colcon:Parsed command line arguments: Namespace(log_base=None, log_level=None, verb_name='build', build_base='build', install_base='install', merge_install=False, symlink_install=False, test_result_base=None, continue_on_error=False, executor='parallel', parallel_workers=24, event_handlers=None, ignore_user_meta=False, metas=['./colcon.meta'], base_paths=['.'], packages_ignore=None, packages_ignore_regex=None, paths=None, packages_up_to=None, packages_up_to_regex=None, packages_above=None, packages_above_and_dependencies=None, packages_above_depth=None, packages_select_by_dep=None, packages_skip_by_dep=None, packages_skip_up_to=None, packages_select_build_failed=False, packages_skip_build_finished=False, packages_select_test_failures=False, packages_skip_test_passed=False, packages_select=None, packages_skip=None, packages_select_regex=None, packages_skip_regex=None, packages_start=None, packages_end=None, cmake_args=None, cmake_target=None, cmake_target_skip_unavailable=False, cmake_clean_cache=False, cmake_clean_first=False, cmake_force_configure=False, ament_cmake_args=None, catkin_cmake_args=None, catkin_skip_building_tests=False, mixin_files=None, mixin=None, verb_parser=<colcon_mixin.mixin.mixin_argument.MixinArgumentDecorator object at 0x7b4ce82173a0>, verb_extension=<colcon_core.verb.build.BuildVerb object at 0x7b4ce83d0c40>, main=<bound method BuildVerb.main of <colcon_core.verb.build.BuildVerb object at 0x7b4ce83d0c40>>, mixin_verb=('build',))
[0.474s] Level 1:colcon.colcon_core.package_discovery:discover_packages(colcon_meta) check parameters
[0.476s] INFO:colcon.colcon_metadata.package_discovery.colcon_meta:Using configuration from '/root/.colcon/metadata/default/Gazebo.meta'
[0.476s] INFO:colcon.colcon_metadata.package_discovery.colcon_meta:Using configuration from '/root/.colcon/metadata/default/fastdds.meta'
[0.477s] INFO:colcon.colcon_metadata.package_discovery.colcon_meta:Using configuration from '/root/.colcon/metadata/default/fastrtps.meta'
[0.477s] Level 1:colcon.colcon_core.package_discovery:discover_packages(recursive) check parameters
[0.477s] Level 1:colcon.colcon_core.package_discovery:discover_packages(ignore) check parameters
[0.477s] Level 1:colcon.colcon_core.package_discovery:discover_packages(path) check parameters
[0.477s] Level 1:colcon.colcon_core.package_discovery:discover_packages(colcon_meta) discover
[0.477s] Level 1:colcon.colcon_core.package_discovery:discover_packages(recursive) discover
[0.477s] INFO:colcon.colcon_core.package_discovery:Crawling recursively for packages in '/root/ros2_ws/RBE-500-Foundations-Of-Robotics'
[0.477s] Level 1:colcon.colcon_core.package_identification:_identify(.) by extensions ['ignore', 'ignore_ament_install']
[0.478s] Level 1:colcon.colcon_core.package_identification:_identify(.) by extension 'ignore'
[0.478s] Level 1:colcon.colcon_core.package_identification:_identify(.) by extension 'ignore_ament_install'
[0.478s] Level 1:colcon.colcon_core.package_identification:_identify(.) by extensions ['colcon_pkg']
[0.478s] Level 1:colcon.colcon_core.package_identification:_identify(.) by extension 'colcon_pkg'
[0.478s] Level 1:colcon.colcon_core.package_identification:_identify(.) by extensions ['colcon_meta']
[0.478s] Level 1:colcon.colcon_core.package_identification:_identify(.) by extension 'colcon_meta'
[0.478s] Level 1:colcon.colcon_core.package_identification:_identify(.) by extensions ['ros']
[0.478s] Level 1:colcon.colcon_core.package_identification:_identify(.) by extension 'ros'
[0.495s] Level 1:colcon.colcon_core.package_identification:_identify(.) by extensions ['cmake', 'python']
[0.495s] Level 1:colcon.colcon_core.package_identification:_identify(.) by extension 'cmake'
[0.495s] Level 1:colcon.colcon_core.package_identification:_identify(.) by extension 'python'
[0.495s] Level 1:colcon.colcon_core.package_identification:_identify(.) by extensions ['python_setup_py']
[0.495s] Level 1:colcon.colcon_core.package_identification:_identify(.) by extension 'python_setup_py'
[0.495s] Level 1:colcon.colcon_core.package_identification:_identify(build) by extensions ['ignore', 'ignore_ament_install']
[0.496s] Level 1:colcon.colcon_core.package_identification:_identify(build) by extension 'ignore'
[0.496s] Level 1:colcon.colcon_core.package_identification:_identify(build) ignored
[0.496s] Level 1:colcon.colcon_core.package_identification:_identify(install) by extensions ['ignore', 'ignore_ament_install']
[0.496s] Level 1:colcon.colcon_core.package_identification:_identify(install) by extension 'ignore'
[0.496s] Level 1:colcon.colcon_core.package_identification:_identify(install) ignored
[0.496s] Level 1:colcon.colcon_core.package_identification:_identify(log) by extensions ['ignore', 'ignore_ament_install']
[0.496s] Level 1:colcon.colcon_core.package_identification:_identify(log) by extension 'ignore'
[0.496s] Level 1:colcon.colcon_core.package_identification:_identify(log) ignored
[0.496s] Level 1:colcon.colcon_core.package_identification:_identify(src) by extensions ['ignore', 'ignore_ament_install']
[0.496s] Level 1:colcon.colcon_core.package_identification:_identify(src) by extension 'ignore'
[0.496s] Level 1:colcon.colcon_core.package_identification:_identify(src) by extension 'ignore_ament_install'
[0.496s] Level 1:colcon.colcon_core.package_identification:_identify(src) by extensions ['colcon_pkg']
[0.496s] Level 1:colcon.colcon_core.package_identification:_identify(src) by extension 'colcon_pkg'
[0.497s] Level 1:colcon.colcon_core.package_identification:_identify(src) by extensions ['colcon_meta']
[0.497s] Level 1:colcon.colcon_core.package_identification:_identify(src) by extension 'colcon_meta'
[0.497s] Level 1:colcon.colcon_core.package_identification:_identify(src) by extensions ['ros']
[0.497s] Level 1:colcon.colcon_core.package_identification:_identify(src) by extension 'ros'
[0.497s] Level 1:colcon.colcon_core.package_identification:_identify(src) by extensions ['cmake', 'python']
[0.497s] Level 1:colcon.colcon_core.package_identification:_identify(src) by extension 'cmake'
[0.497s] Level 1:colcon.colcon_core.package_identification:_identify(src) by extension 'python'
[0.497s] Level 1:colcon.colcon_core.package_identification:_identify(src) by extensions ['python_setup_py']
[0.497s] Level 1:colcon.colcon_core.package_identification:_identify(src) by extension 'python_setup_py'
[0.497s] Level 1:colcon.colcon_core.package_identification:_identify(src/interfaces_pkg) by extensions ['ignore', 'ignore_ament_install']
[0.497s] Level 1:colcon.colcon_core.package_identification:_identify(src/interfaces_pkg) by extension 'ignore'
[0.497s] Level 1:colcon.colcon_core.package_identification:_identify(src/interfaces_pkg) by extension 'ignore_ament_install'
[0.497s] Level 1:colcon.colcon_core.package_identification:_identify(src/interfaces_pkg) by extensions ['colcon_pkg']
[0.497s] Level 1:colcon.colcon_core.package_identification:_identify(src/interfaces_pkg) by extension 'colcon_pkg'
[0.497s] Level 1:colcon.colcon_core.package_identification:_identify(src/interfaces_pkg) by extensions ['colcon_meta']
[0.497s] Level 1:colcon.colcon_core.package_identification:_identify(src/interfaces_pkg) by extension 'colcon_meta'
[0.497s] Level 1:colcon.colcon_core.package_identification:_identify(src/interfaces_pkg) by extensions ['ros']
[0.497s] Level 1:colcon.colcon_core.package_identification:_identify(src/interfaces_pkg) by extension 'ros'
[0.501s] DEBUG:colcon.colcon_core.package_identification:Package 'src/interfaces_pkg' with type 'ros.ament_cmake' and name 'interfaces_pkg'
[0.501s] Level 1:colcon.colcon_core.package_identification:_identify(src/team_project) by extensions ['ignore', 'ignore_ament_install']
[0.501s] Level 1:colcon.colcon_core.package_identification:_identify(src/team_project) by extension 'ignore'
[0.501s] Level 1:colcon.colcon_core.package_identification:_identify(src/team_project) by extension 'ignore_ament_install'
[0.501s] Level 1:colcon.colcon_core.package_identification:_identify(src/team_project) by extensions ['colcon_pkg']
[0.502s] Level 1:colcon.colcon_core.package_identification:_identify(src/team_project) by extension 'colcon_pkg'
[0.502s] Level 1:colcon.colcon_core.package_identification:_identify(src/team_project) by extensions ['colcon_meta']
[0.502s] Level 1:colcon.colcon_core.package_identification:_identify(src/team_project) by extension 'colcon_meta'
[0.502s] Level 1:colcon.colcon_core.package_identification:_identify(src/team_project) by extensions ['ros']
[0.502s] Level 1:colcon.colcon_core.package_identification:_identify(src/team_project) by extension 'ros'
[0.502s] DEBUG:colcon.colcon_core.package_identification:Package 'src/team_project' with type 'ros.ament_python' and name 'team_project'
[0.503s] Level 1:colcon.colcon_core.package_discovery:discover_packages(recursive) using defaults
[0.503s] Level 1:colcon.colcon_core.package_discovery:discover_packages(ignore) discover
[0.503s] Level 1:colcon.colcon_core.package_discovery:discover_packages(ignore) using defaults
[0.503s] Level 1:colcon.colcon_core.package_discovery:discover_packages(path) discover
[0.503s] Level 1:colcon.colcon_core.package_discovery:discover_packages(path) using defaults
[0.535s] Level 5:colcon.colcon_core.verb:set package 'interfaces_pkg' build argument 'cmake_args' from command line to 'None'
[0.535s] Level 5:colcon.colcon_core.verb:set package 'interfaces_pkg' build argument 'cmake_target' from command line to 'None'
[0.535s] Level 5:colcon.colcon_core.verb:set package 'interfaces_pkg' build argument 'cmake_target_skip_unavailable' from command line to 'False'
[0.535s] Level 5:colcon.colcon_core.verb:set package 'interfaces_pkg' build argument 'cmake_clean_cache' from command line to 'False'
[0.535s] Level 5:colcon.colcon_core.verb:set package 'interfaces_pkg' build argument 'cmake_clean_first' from command line to 'False'
[0.535s] Level 5:colcon.colcon_core.verb:set package 'interfaces_pkg' build argument 'cmake_force_configure' from command line to 'False'
[0.535s] Level 5:colcon.colcon_core.verb:set package 'interfaces_pkg' build argument 'ament_cmake_args' from command line to 'None'
[0.535s] Level 5:colcon.colcon_core.verb:set package 'interfaces_pkg' build argument 'catkin_cmake_args' from command line to 'None'
[0.535s] Level 5:colcon.colcon_core.verb:set package 'interfaces_pkg' build argument 'catkin_skip_building_tests' from command line to 'False'
[0.535s] DEBUG:colcon.colcon_core.verb:Building package 'interfaces_pkg' with the following arguments: {'ament_cmake_args': None, 'build_base': '/root/ros2_ws/RBE-500-Foundations-Of-Robotics/build/interfaces_pkg', 'catkin_cmake_args': None, 'catkin_skip_building_tests': False, 'cmake_args': None, 'cmake_clean_cache': False, 'cmake_clean_first': False, 'cmake_force_configure': False, 'cmake_target': None, 'cmake_target_skip_unavailable': False, 'install_base': '/root/ros2_ws/RBE-500-Foundations-Of-Robotics/install/interfaces_pkg', 'merge_install': False, 'path': '/root/ros2_ws/RBE-500-Foundations-Of-Robotics/src/interfaces_pkg', 'symlink_install': False, 'test_result_base': None}
[0.535s] Level 5:colcon.colcon_core.verb:set package 'team_project' build argument 'cmake_args' from command line to 'None'
[0.535s] Level 5:colcon.colcon_core.verb:set package 'team_project' build argument 'cmake_target' from command line to 'None'
[0.536s] Level 5:colcon.colcon_core.verb:set package 'team_project' build argument 'cmake_target_skip_unavailable' from command line to 'False'
[0.536s] Level 5:colcon.colcon_core.verb:set package 'team_project' build argument 'cmake_clean_cache' from command line to 'False'
[0.536s] Level 5:colcon.colcon_core.verb:set package 'team_project' build argument 'cmake_clean_first' from command line to 'False'
[0.536s] Level 5:colcon.colcon_core.verb:set package 'team_project' build argument 'cmake_force_configure' from command line to 'False'
[0.536s] Level 5:colcon.colcon_core.verb:set package 'team_project' build argument 'ament_cmake_args' from command line to 'None'
[0.536s] Level 5:colcon.colcon_core.verb:set package 'team_project' build argument 'catkin_cmake_args' from command line to 'None'
[0.536s] Level 5:colcon.colcon_core.verb:set package 'team_project' build argument 'catkin_skip_building_tests' from command line to 'False'
[0.536s] DEBUG:colcon.colcon_core.verb:Building package 'team_project' with the following arguments: {'ament_cmake_args': None, 'build_base': '/root/ros2_ws/RBE-500-Foundations-Of-Robotics/build/team_project', 'catkin_cmake_args': None, 'catkin_skip_building_tests': False, 'cmake_args': None, 'cmake_clean_cache': False, 'cmake_clean_first': False, 'cmake_force_configure': False, 'cmake_target': None, 'cmake_target_skip_unavailable': False, 'install_base': '/root/ros2_ws/RBE-500-Foundations-Of-Robotics/install/team_project', 'merge_install': False, 'path': '/root/ros2_ws/RBE-500-Foundations-Of-Robotics/src/team_project', 'symlink_install': False, 'test_result_base': None}
[0.536s] INFO:colcon.colcon_core.executor:Executing jobs using 'parallel' executor
[0.537s] DEBUG:colcon.colcon_parallel_executor.executor.parallel:run_until_complete
[0.538s] INFO:colcon.colcon_ros.task.ament_cmake.build:Building ROS package in '/root/ros2_ws/RBE-500-Foundations-Of-Robotics/src/interfaces_pkg' with build type 'ament_cmake'
[0.538s] INFO:colcon.colcon_cmake.task.cmake.build:Building CMake package in '/root/ros2_ws/RBE-500-Foundations-Of-Robotics/src/interfaces_pkg'
[0.543s] INFO:colcon.colcon_core.plugin_system:Skipping extension 'colcon_core.shell.bat': Not used on non-Windows systems
[0.543s] INFO:colcon.colcon_core.shell:Skip shell extension 'powershell' for command environment: Not usable outside of PowerShell
[0.543s] DEBUG:colcon.colcon_core.shell:Skip shell extension 'dsv' for command environment
[0.550s] INFO:colcon.colcon_ros.task.ament_python.build:Building ROS package in '/root/ros2_ws/RBE-500-Foundations-Of-Robotics/src/team_project' with build type 'ament_python'
[0.550s] Level 1:colcon.colcon_core.shell:create_environment_hook('team_project', 'ament_prefix_path')
[0.551s] INFO:colcon.colcon_core.shell:Creating environment hook '/root/ros2_ws/RBE-500-Foundations-Of-Robotics/install/team_project/share/team_project/hook/ament_prefix_path.ps1'
[0.552s] INFO:colcon.colcon_core.shell:Creating environment descriptor '/root/ros2_ws/RBE-500-Foundations-Of-Robotics/install/team_project/share/team_project/hook/ament_prefix_path.dsv'
[0.552s] INFO:colcon.colcon_core.shell:Creating environment hook '/root/ros2_ws/RBE-500-Foundations-Of-Robotics/install/team_project/share/team_project/hook/ament_prefix_path.sh'
[0.553s] INFO:colcon.colcon_core.shell:Skip shell extension 'powershell' for command environment: Not usable outside of PowerShell
[0.554s] DEBUG:colcon.colcon_core.shell:Skip shell extension 'dsv' for command environment
[0.559s] DEBUG:colcon.colcon_core.event_handler.log_command:Invoking command in '/root/ros2_ws/RBE-500-Foundations-Of-Robotics/build/interfaces_pkg': CMAKE_PREFIX_PATH=/opt/ros/humble /usr/bin/cmake /root/ros2_ws/RBE-500-Foundations-Of-Robotics/src/interfaces_pkg -DCMAKE_INSTALL_PREFIX=/root/ros2_ws/RBE-500-Foundations-Of-Robotics/install/interfaces_pkg
[0.813s] INFO:colcon.colcon_core.task.python.build:Building Python package in '/root/ros2_ws/RBE-500-Foundations-Of-Robotics/src/team_project'
[0.813s] INFO:colcon.colcon_core.shell:Skip shell extension 'powershell' for command environment: Not usable outside of PowerShell
[0.813s] DEBUG:colcon.colcon_core.shell:Skip shell extension 'dsv' for command environment
[1.134s] DEBUG:colcon.colcon_core.event_handler.log_command:Invoking command in '/root/ros2_ws/RBE-500-Foundations-Of-Robotics/src/team_project': PYTHONPATH=/root/ros2_ws/RBE-500-Foundations-Of-Robotics/build/team_project/prefix_override:/usr/lib/python3/dist-packages/colcon_core/task/python/colcon_distutils_commands:/root/ros2_ws/RBE-500-Foundations-Of-Robotics/install/team_project/lib/python3.10/site-packages:${PYTHONPATH} /usr/bin/python3 -W ignore:setup.py install is deprecated -W ignore:easy_install command is deprecated setup.py egg_info --egg-base ../../build/team_project build --build-base /root/ros2_ws/RBE-500-Foundations-Of-Robotics/build/team_project/build install --record /root/ros2_ws/RBE-500-Foundations-Of-Robotics/build/team_project/install.log --single-version-externally-managed install_data
[1.372s] DEBUG:colcon.colcon_core.event_handler.log_command:Invoked command in '/root/ros2_ws/RBE-500-Foundations-Of-Robotics/src/team_project' returned '0': PYTHONPATH=/root/ros2_ws/RBE-500-Foundations-Of-Robotics/build/team_project/prefix_override:/usr/lib/python3/dist-packages/colcon_core/task/python/colcon_distutils_commands:/root/ros2_ws/RBE-500-Foundations-Of-Robotics/install/team_project/lib/python3.10/site-packages:${PYTHONPATH} /usr/bin/python3 -W ignore:setup.py install is deprecated -W ignore:easy_install command is deprecated setup.py egg_info --egg-base ../../build/team_project build --build-base /root/ros2_ws/RBE-500-Foundations-Of-Robotics/build/team_project/build install --record /root/ros2_ws/RBE-500-Foundations-Of-Robotics/build/team_project/install.log --single-version-externally-managed install_data
[1.377s] Level 1:colcon.colcon_core.environment:checking '/root/ros2_ws/RBE-500-Foundations-Of-Robotics/install/team_project' for CMake module files
[1.378s] Level 1:colcon.colcon_core.environment:checking '/root/ros2_ws/RBE-500-Foundations-Of-Robotics/install/team_project' for CMake config files
[1.379s] Level 1:colcon.colcon_core.environment:checking '/root/ros2_ws/RBE-500-Foundations-Of-Robotics/install/team_project/lib'
[1.379s] Level 1:colcon.colcon_core.environment:checking '/root/ros2_ws/RBE-500-Foundations-Of-Robotics/install/team_project/bin'
[1.379s] Level 1:colcon.colcon_core.environment:checking '/root/ros2_ws/RBE-500-Foundations-Of-Robotics/install/team_project/lib/pkgconfig/team_project.pc'
[1.380s] Level 1:colcon.colcon_core.environment:checking '/root/ros2_ws/RBE-500-Foundations-Of-Robotics/install/team_project/lib/python3.10/site-packages'
[1.380s] Level 1:colcon.colcon_core.shell:create_environment_hook('team_project', 'pythonpath')
[1.380s] INFO:colcon.colcon_core.shell:Creating environment hook '/root/ros2_ws/RBE-500-Foundations-Of-Robotics/install/team_project/share/team_project/hook/pythonpath.ps1'
[1.381s] INFO:colcon.colcon_core.shell:Creating environment descriptor '/root/ros2_ws/RBE-500-Foundations-Of-Robotics/install/team_project/share/team_project/hook/pythonpath.dsv'
[1.381s] INFO:colcon.colcon_core.shell:Creating environment hook '/root/ros2_ws/RBE-500-Foundations-Of-Robotics/install/team_project/share/team_project/hook/pythonpath.sh'
[1.382s] Level 1:colcon.colcon_core.environment:checking '/root/ros2_ws/RBE-500-Foundations-Of-Robotics/install/team_project/bin'
[1.382s] Level 1:colcon.colcon_core.environment:create_environment_scripts_only(team_project)
[1.382s] INFO:colcon.colcon_core.shell:Creating package script '/root/ros2_ws/RBE-500-Foundations-Of-Robotics/install/team_project/share/team_project/package.ps1'
[1.383s] INFO:colcon.colcon_core.shell:Creating package descriptor '/root/ros2_ws/RBE-500-Foundations-Of-Robotics/install/team_project/share/team_project/package.dsv'
[1.384s] INFO:colcon.colcon_core.shell:Creating package script '/root/ros2_ws/RBE-500-Foundations-Of-Robotics/install/team_project/share/team_project/package.sh'
[1.385s] INFO:colcon.colcon_core.shell:Creating package script '/root/ros2_ws/RBE-500-Foundations-Of-Robotics/install/team_project/share/team_project/package.bash'
[1.386s] INFO:colcon.colcon_core.shell:Creating package script '/root/ros2_ws/RBE-500-Foundations-Of-Robotics/install/team_project/share/team_project/package.zsh'
[1.387s] Level 1:colcon.colcon_core.environment:create_file_with_runtime_dependencies(/root/ros2_ws/RBE-500-Foundations-Of-Robotics/install/team_project/share/colcon-core/packages/team_project)
[1.781s] DEBUG:colcon.colcon_core.event_handler.log_command:Invoked command in '/root/ros2_ws/RBE-500-Foundations-Of-Robotics/build/interfaces_pkg' returned '1': CMAKE_PREFIX_PATH=/opt/ros/humble /usr/bin/cmake /root/ros2_ws/RBE-500-Foundations-Of-Robotics/src/interfaces_pkg -DCMAKE_INSTALL_PREFIX=/root/ros2_ws/RBE-500-Foundations-Of-Robotics/install/interfaces_pkg
[1.795s] Level 1:colcon.colcon_core.environment:create_environment_scripts_only(interfaces_pkg)
[1.795s] Level 1:colcon.colcon_core.environment:checking '/root/ros2_ws/RBE-500-Foundations-Of-Robotics/install/interfaces_pkg' for CMake module files
[1.796s] Level 1:colcon.colcon_core.environment:checking '/root/ros2_ws/RBE-500-Foundations-Of-Robotics/install/interfaces_pkg' for CMake config files
[1.796s] Level 1:colcon.colcon_core.environment:checking '/root/ros2_ws/RBE-500-Foundations-Of-Robotics/install/interfaces_pkg/bin'
[1.796s] Level 1:colcon.colcon_core.environment:checking '/root/ros2_ws/RBE-500-Foundations-Of-Robotics/install/interfaces_pkg/lib/pkgconfig/interfaces_pkg.pc'
[1.796s] Level 1:colcon.colcon_core.environment:checking '/root/ros2_ws/RBE-500-Foundations-Of-Robotics/install/interfaces_pkg/lib/python3.10/site-packages'
[1.796s] Level 1:colcon.colcon_core.environment:checking '/root/ros2_ws/RBE-500-Foundations-Of-Robotics/install/interfaces_pkg/bin'
[1.797s] INFO:colcon.colcon_core.shell:Creating package script '/root/ros2_ws/RBE-500-Foundations-Of-Robotics/install/interfaces_pkg/share/interfaces_pkg/package.ps1'
[1.797s] INFO:colcon.colcon_core.shell:Creating package descriptor '/root/ros2_ws/RBE-500-Foundations-Of-Robotics/install/interfaces_pkg/share/interfaces_pkg/package.dsv'
[1.797s] INFO:colcon.colcon_core.shell:Creating package script '/root/ros2_ws/RBE-500-Foundations-Of-Robotics/install/interfaces_pkg/share/interfaces_pkg/package.sh'
[1.798s] INFO:colcon.colcon_core.shell:Creating package script '/root/ros2_ws/RBE-500-Foundations-Of-Robotics/install/interfaces_pkg/share/interfaces_pkg/package.bash'
[1.798s] INFO:colcon.colcon_core.shell:Creating package script '/root/ros2_ws/RBE-500-Foundations-Of-Robotics/install/interfaces_pkg/share/interfaces_pkg/package.zsh'
[1.798s] Level 1:colcon.colcon_core.environment:create_file_with_runtime_dependencies(/root/ros2_ws/RBE-500-Foundations-Of-Robotics/install/interfaces_pkg/share/colcon-core/packages/interfaces_pkg)
[1.809s] DEBUG:colcon.colcon_parallel_executor.executor.parallel:closing loop
[1.809s] DEBUG:colcon.colcon_parallel_executor.executor.parallel:loop closed
[1.809s] DEBUG:colcon.colcon_parallel_executor.executor.parallel:run_until_complete finished with '1'
[1.809s] DEBUG:colcon.colcon_core.event_reactor:joining thread
[1.826s] INFO:colcon.colcon_core.plugin_system:Skipping extension 'colcon_notification.desktop_notification.notify_send': Could not find 'notify-send'
[1.827s] INFO:colcon.colcon_core.plugin_system:Skipping extension 'colcon_notification.desktop_notification.terminal_notifier': Not used on non-Darwin systems
[1.827s] INFO:colcon.colcon_core.plugin_system:Skipping extension 'colcon_notification.desktop_notification.win32': Not used on non-Windows systems
[1.827s] INFO:colcon.colcon_notification.desktop_notification:Sending desktop notification using 'notify2'
[1.831s] DEBUG:colcon.colcon_notification.desktop_notification.notify2:Failed to initialize notify2: org.freedesktop.DBus.Error.Spawn.ExecFailed: /usr/bin/dbus-launch terminated abnormally without any error message
[1.831s] DEBUG:colcon.colcon_core.event_reactor:joined thread
[1.832s] INFO:colcon.colcon_core.shell:Creating prefix script '/root/ros2_ws/RBE-500-Foundations-Of-Robotics/install/local_setup.ps1'
[1.833s] INFO:colcon.colcon_core.shell:Creating prefix util module '/root/ros2_ws/RBE-500-Foundations-Of-Robotics/install/_local_setup_util_ps1.py'
[1.849s] INFO:colcon.colcon_core.shell:Creating prefix chain script '/root/ros2_ws/RBE-500-Foundations-Of-Robotics/install/setup.ps1'
[1.850s] INFO:colcon.colcon_core.shell:Creating prefix script '/root/ros2_ws/RBE-500-Foundations-Of-Robotics/install/local_setup.sh'
[1.851s] INFO:colcon.colcon_core.shell:Creating prefix util module '/root/ros2_ws/RBE-500-Foundations-Of-Robotics/install/_local_setup_util_sh.py'
[1.851s] INFO:colcon.colcon_core.shell:Creating prefix chain script '/root/ros2_ws/RBE-500-Foundations-Of-Robotics/install/setup.sh'
[1.852s] INFO:colcon.colcon_core.shell:Creating prefix script '/root/ros2_ws/RBE-500-Foundations-Of-Robotics/install/local_setup.bash'
[1.853s] INFO:colcon.colcon_core.shell:Creating prefix chain script '/root/ros2_ws/RBE-500-Foundations-Of-Robotics/install/setup.bash'
[1.854s] INFO:colcon.colcon_core.shell:Creating prefix script '/root/ros2_ws/RBE-500-Foundations-Of-Robotics/install/local_setup.zsh'
[1.854s] INFO:colcon.colcon_core.shell:Creating prefix chain script '/root/ros2_ws/RBE-500-Foundations-Of-Robotics/install/setup.zsh'
