[0.033s] Invoking command in '/root/ros2_ws/build/cmake_modules': CMAKE_PREFIX_PATH=/opt/ros/humble /usr/bin/cmake /root/ros2_ws/src/open_manipulator_dependencies/cmake_modules -DAMENT_CMAKE_SYMLINK_INSTALL=1 -DCMAKE_INSTALL_PREFIX=/root/ros2_ws/install/cmake_modules
[0.136s] -- The C compiler identification is GNU 11.4.0
[0.218s] -- The CXX compiler identification is GNU 11.4.0
[0.230s] -- Detecting C compiler ABI info
[0.316s] -- Detecting C compiler ABI info - done
[0.325s] -- Check for working C compiler: /usr/bin/cc - skipped
[0.325s] -- Detecting C compile features
[0.326s] -- Detecting C compile features - done
[0.329s] -- Detecting CXX compiler ABI info
[0.425s] -- Detecting CXX compiler ABI info - done
[0.434s] -- Check for working CXX compiler: /usr/bin/c++ - skipped
[0.435s] -- Detecting CXX compile features
[0.435s] -- Detecting CXX compile features - done
[0.443s] -- Found ament_cmake: 1.3.12 (/opt/ros/humble/share/ament_cmake/cmake)
[0.644s] -- Found Python3: /usr/bin/python3 (found version "3.10.12") found components: Interpreter 
[0.739s] -- Override CMake install command with custom implementation using symlinks instead of copying resources
[0.901s] -- Configuring done
[0.904s] -- Generating done
[0.906s] -- Build files have been written to: /root/ros2_ws/build/cmake_modules
[0.916s] Invoked command in '/root/ros2_ws/build/cmake_modules' returned '0': CMAKE_PREFIX_PATH=/opt/ros/humble /usr/bin/cmake /root/ros2_ws/src/open_manipulator_dependencies/cmake_modules -DAMENT_CMAKE_SYMLINK_INSTALL=1 -DCMAKE_INSTALL_PREFIX=/root/ros2_ws/install/cmake_modules
[0.917s] Invoking command in '/root/ros2_ws/build/cmake_modules': CMAKE_PREFIX_PATH=/opt/ros/humble /usr/bin/cmake --build /root/ros2_ws/build/cmake_modules -- -j24 -l24
[0.971s] Invoked command in '/root/ros2_ws/build/cmake_modules' returned '0': CMAKE_PREFIX_PATH=/opt/ros/humble /usr/bin/cmake --build /root/ros2_ws/build/cmake_modules -- -j24 -l24
[0.973s] Invoking command in '/root/ros2_ws/build/cmake_modules': CMAKE_PREFIX_PATH=/opt/ros/humble /usr/bin/cmake --install /root/ros2_ws/build/cmake_modules
[0.979s] -- Install configuration: ""
[0.979s] -- Execute custom install script
[0.980s] -- Symlinking: /root/ros2_ws/install/cmake_modules/share/cmake_modules/cmake/Modules/FindGSL.cmake
[0.990s] -- Symlinking: /root/ros2_ws/install/cmake_modules/share/cmake_modules/cmake/Modules/FindGflags.cmake
[1.000s] -- Symlinking: /root/ros2_ws/install/cmake_modules/share/cmake_modules/cmake/Modules/FindNUMPY.cmake
[1.010s] -- Symlinking: /root/ros2_ws/install/cmake_modules/share/cmake_modules/cmake/Modules/FindPoco.cmake
[1.021s] -- Symlinking: /root/ros2_ws/install/cmake_modules/share/cmake_modules/cmake/Modules/FindTBB.cmake
[1.031s] -- Symlinking: /root/ros2_ws/install/cmake_modules/share/cmake_modules/cmake/Modules/FindTinyXML.cmake
[1.042s] -- Symlinking: /root/ros2_ws/install/cmake_modules/share/cmake_modules/cmake/Modules/FindTinyXML2.cmake
[1.053s] -- Symlinking: /root/ros2_ws/install/cmake_modules/share/cmake_modules/cmake/Modules/FindUUID.cmake
[1.065s] -- Symlinking: /root/ros2_ws/install/cmake_modules/share/cmake_modules/cmake/Modules/FindXenomai.cmake
[1.078s] -- Symlinking: /root/ros2_ws/install/cmake_modules/share/ament_index/resource_index/package_run_dependencies/cmake_modules
[1.087s] -- Symlinking: /root/ros2_ws/install/cmake_modules/share/ament_index/resource_index/parent_prefix_path/cmake_modules
[1.099s] -- Symlinking: /root/ros2_ws/install/cmake_modules/share/cmake_modules/environment/ament_prefix_path.sh
[1.110s] -- Symlinking: /root/ros2_ws/install/cmake_modules/share/cmake_modules/environment/ament_prefix_path.dsv
[1.121s] -- Symlinking: /root/ros2_ws/install/cmake_modules/share/cmake_modules/environment/path.sh
[1.132s] -- Symlinking: /root/ros2_ws/install/cmake_modules/share/cmake_modules/environment/path.dsv
[1.142s] -- Symlinking: /root/ros2_ws/install/cmake_modules/share/cmake_modules/local_setup.bash
[1.153s] -- Symlinking: /root/ros2_ws/install/cmake_modules/share/cmake_modules/local_setup.sh
[1.164s] -- Symlinking: /root/ros2_ws/install/cmake_modules/share/cmake_modules/local_setup.zsh
[1.176s] -- Symlinking: /root/ros2_ws/install/cmake_modules/share/cmake_modules/local_setup.dsv
[1.186s] -- Symlinking: /root/ros2_ws/install/cmake_modules/share/cmake_modules/package.dsv
[1.197s] -- Symlinking: /root/ros2_ws/install/cmake_modules/share/ament_index/resource_index/packages/cmake_modules
[1.208s] -- Symlinking: /root/ros2_ws/install/cmake_modules/share/cmake_modules/cmake/cmake_modules-extras.cmake
[1.219s] -- Symlinking: /root/ros2_ws/install/cmake_modules/share/cmake_modules/cmake/ament_cmake_export_dependencies-extras.cmake
[1.230s] -- Symlinking: /root/ros2_ws/install/cmake_modules/share/cmake_modules/cmake/cmake_modulesConfig.cmake
[1.241s] -- Symlinking: /root/ros2_ws/install/cmake_modules/share/cmake_modules/cmake/cmake_modulesConfig-version.cmake
[1.252s] -- Symlinking: /root/ros2_ws/install/cmake_modules/share/cmake_modules/package.xml
[1.265s] Invoked command in '/root/ros2_ws/build/cmake_modules' returned '0': CMAKE_PREFIX_PATH=/opt/ros/humble /usr/bin/cmake --install /root/ros2_ws/build/cmake_modules
