[0.026s] Invoking command in '/root/ros2_ws/build/open_manipulator': AMENT_PREFIX_PATH=/root/ros2_ws/install/open_manipulator_x_controller:/root/ros2_ws/install/open_manipulator_x_libs:/root/ros2_ws/install/robotis_manipulator:/root/ros2_ws/install/dynamixel_workbench_toolbox:/root/ros2_ws/install/open_manipulator_x_description:/root/ros2_ws/install/open_manipulator_msgs:/root/ros2_ws/install/dynamixel_sdk:/root/ros2_ws/install/cmake_modules:${AMENT_PREFIX_PATH} CMAKE_PREFIX_PATH=/root/ros2_ws/install/open_manipulator_x_controller:/root/ros2_ws/install/open_manipulator_x_libs:/root/ros2_ws/install/robotis_manipulator:/root/ros2_ws/install/dynamixel_workbench_toolbox:/root/ros2_ws/install/open_manipulator_x_description:/root/ros2_ws/install/open_manipulator_msgs:/root/ros2_ws/install/dynamixel_sdk:/root/ros2_ws/install/cmake_modules:/opt/ros/humble LD_LIBRARY_PATH=/root/ros2_ws/install/open_manipulator_x_libs/lib:/root/ros2_ws/install/robotis_manipulator/lib:/root/ros2_ws/install/dynamixel_workbench_toolbox/lib:/root/ros2_ws/install/open_manipulator_msgs/lib:/root/ros2_ws/install/dynamixel_sdk/lib:${LD_LIBRARY_PATH} PYTHONPATH=/root/ros2_ws/install/open_manipulator_msgs/local/lib/python3.10/dist-packages:${PYTHONPATH} /usr/bin/cmake /root/ros2_ws/src/open_manipulator/open_manipulator -DAMENT_CMAKE_SYMLINK_INSTALL=1 -DCMAKE_INSTALL_PREFIX=/root/ros2_ws/install/open_manipulator
[0.098s] -- The C compiler identification is GNU 11.4.0
[0.170s] -- The CXX compiler identification is GNU 11.4.0
[0.178s] -- Detecting C compiler ABI info
[0.266s] -- Detecting C compiler ABI info - done
[0.276s] -- Check for working C compiler: /usr/bin/cc - skipped
[0.276s] -- Detecting C compile features
[0.276s] -- Detecting C compile features - done
[0.280s] -- Detecting CXX compiler ABI info
[0.380s] -- Detecting CXX compiler ABI info - done
[0.389s] -- Check for working CXX compiler: /usr/bin/c++ - skipped
[0.389s] -- Detecting CXX compile features
[0.390s] -- Detecting CXX compile features - done
[0.396s] -- Found ament_cmake: 1.3.12 (/opt/ros/humble/share/ament_cmake/cmake)
[0.590s] -- Found Python3: /usr/bin/python3 (found version "3.10.12") found components: Interpreter 
[0.672s] -- Override CMake install command with custom implementation using symlinks instead of copying resources
[0.816s] -- Configuring done
[0.821s] -- Generating done
[0.823s] -- Build files have been written to: /root/ros2_ws/build/open_manipulator
[0.830s] Invoked command in '/root/ros2_ws/build/open_manipulator' returned '0': AMENT_PREFIX_PATH=/root/ros2_ws/install/open_manipulator_x_controller:/root/ros2_ws/install/open_manipulator_x_libs:/root/ros2_ws/install/robotis_manipulator:/root/ros2_ws/install/dynamixel_workbench_toolbox:/root/ros2_ws/install/open_manipulator_x_description:/root/ros2_ws/install/open_manipulator_msgs:/root/ros2_ws/install/dynamixel_sdk:/root/ros2_ws/install/cmake_modules:${AMENT_PREFIX_PATH} CMAKE_PREFIX_PATH=/root/ros2_ws/install/open_manipulator_x_controller:/root/ros2_ws/install/open_manipulator_x_libs:/root/ros2_ws/install/robotis_manipulator:/root/ros2_ws/install/dynamixel_workbench_toolbox:/root/ros2_ws/install/open_manipulator_x_description:/root/ros2_ws/install/open_manipulator_msgs:/root/ros2_ws/install/dynamixel_sdk:/root/ros2_ws/install/cmake_modules:/opt/ros/humble LD_LIBRARY_PATH=/root/ros2_ws/install/open_manipulator_x_libs/lib:/root/ros2_ws/install/robotis_manipulator/lib:/root/ros2_ws/install/dynamixel_workbench_toolbox/lib:/root/ros2_ws/install/open_manipulator_msgs/lib:/root/ros2_ws/install/dynamixel_sdk/lib:${LD_LIBRARY_PATH} PYTHONPATH=/root/ros2_ws/install/open_manipulator_msgs/local/lib/python3.10/dist-packages:${PYTHONPATH} /usr/bin/cmake /root/ros2_ws/src/open_manipulator/open_manipulator -DAMENT_CMAKE_SYMLINK_INSTALL=1 -DCMAKE_INSTALL_PREFIX=/root/ros2_ws/install/open_manipulator
[0.830s] Invoking command in '/root/ros2_ws/build/open_manipulator': AMENT_PREFIX_PATH=/root/ros2_ws/install/open_manipulator_x_controller:/root/ros2_ws/install/open_manipulator_x_libs:/root/ros2_ws/install/robotis_manipulator:/root/ros2_ws/install/dynamixel_workbench_toolbox:/root/ros2_ws/install/open_manipulator_x_description:/root/ros2_ws/install/open_manipulator_msgs:/root/ros2_ws/install/dynamixel_sdk:/root/ros2_ws/install/cmake_modules:${AMENT_PREFIX_PATH} CMAKE_PREFIX_PATH=/root/ros2_ws/install/open_manipulator_x_controller:/root/ros2_ws/install/open_manipulator_x_libs:/root/ros2_ws/install/robotis_manipulator:/root/ros2_ws/install/dynamixel_workbench_toolbox:/root/ros2_ws/install/open_manipulator_x_description:/root/ros2_ws/install/open_manipulator_msgs:/root/ros2_ws/install/dynamixel_sdk:/root/ros2_ws/install/cmake_modules:/opt/ros/humble LD_LIBRARY_PATH=/root/ros2_ws/install/open_manipulator_x_libs/lib:/root/ros2_ws/install/robotis_manipulator/lib:/root/ros2_ws/install/dynamixel_workbench_toolbox/lib:/root/ros2_ws/install/open_manipulator_msgs/lib:/root/ros2_ws/install/dynamixel_sdk/lib:${LD_LIBRARY_PATH} PYTHONPATH=/root/ros2_ws/install/open_manipulator_msgs/local/lib/python3.10/dist-packages:${PYTHONPATH} /usr/bin/cmake --build /root/ros2_ws/build/open_manipulator -- -j24 -l24
[0.877s] Invoked command in '/root/ros2_ws/build/open_manipulator' returned '0': AMENT_PREFIX_PATH=/root/ros2_ws/install/open_manipulator_x_controller:/root/ros2_ws/install/open_manipulator_x_libs:/root/ros2_ws/install/robotis_manipulator:/root/ros2_ws/install/dynamixel_workbench_toolbox:/root/ros2_ws/install/open_manipulator_x_description:/root/ros2_ws/install/open_manipulator_msgs:/root/ros2_ws/install/dynamixel_sdk:/root/ros2_ws/install/cmake_modules:${AMENT_PREFIX_PATH} CMAKE_PREFIX_PATH=/root/ros2_ws/install/open_manipulator_x_controller:/root/ros2_ws/install/open_manipulator_x_libs:/root/ros2_ws/install/robotis_manipulator:/root/ros2_ws/install/dynamixel_workbench_toolbox:/root/ros2_ws/install/open_manipulator_x_description:/root/ros2_ws/install/open_manipulator_msgs:/root/ros2_ws/install/dynamixel_sdk:/root/ros2_ws/install/cmake_modules:/opt/ros/humble LD_LIBRARY_PATH=/root/ros2_ws/install/open_manipulator_x_libs/lib:/root/ros2_ws/install/robotis_manipulator/lib:/root/ros2_ws/install/dynamixel_workbench_toolbox/lib:/root/ros2_ws/install/open_manipulator_msgs/lib:/root/ros2_ws/install/dynamixel_sdk/lib:${LD_LIBRARY_PATH} PYTHONPATH=/root/ros2_ws/install/open_manipulator_msgs/local/lib/python3.10/dist-packages:${PYTHONPATH} /usr/bin/cmake --build /root/ros2_ws/build/open_manipulator -- -j24 -l24
[0.878s] Invoking command in '/root/ros2_ws/build/open_manipulator': AMENT_PREFIX_PATH=/root/ros2_ws/install/open_manipulator_x_controller:/root/ros2_ws/install/open_manipulator_x_libs:/root/ros2_ws/install/robotis_manipulator:/root/ros2_ws/install/dynamixel_workbench_toolbox:/root/ros2_ws/install/open_manipulator_x_description:/root/ros2_ws/install/open_manipulator_msgs:/root/ros2_ws/install/dynamixel_sdk:/root/ros2_ws/install/cmake_modules:${AMENT_PREFIX_PATH} CMAKE_PREFIX_PATH=/root/ros2_ws/install/open_manipulator_x_controller:/root/ros2_ws/install/open_manipulator_x_libs:/root/ros2_ws/install/robotis_manipulator:/root/ros2_ws/install/dynamixel_workbench_toolbox:/root/ros2_ws/install/open_manipulator_x_description:/root/ros2_ws/install/open_manipulator_msgs:/root/ros2_ws/install/dynamixel_sdk:/root/ros2_ws/install/cmake_modules:/opt/ros/humble LD_LIBRARY_PATH=/root/ros2_ws/install/open_manipulator_x_libs/lib:/root/ros2_ws/install/robotis_manipulator/lib:/root/ros2_ws/install/dynamixel_workbench_toolbox/lib:/root/ros2_ws/install/open_manipulator_msgs/lib:/root/ros2_ws/install/dynamixel_sdk/lib:${LD_LIBRARY_PATH} PYTHONPATH=/root/ros2_ws/install/open_manipulator_msgs/local/lib/python3.10/dist-packages:${PYTHONPATH} /usr/bin/cmake --install /root/ros2_ws/build/open_manipulator
[0.887s] -- Install configuration: ""
[0.888s] -- Execute custom install script
[0.888s] -- Symlinking: /root/ros2_ws/install/open_manipulator/share/ament_index/resource_index/package_run_dependencies/open_manipulator
[0.898s] -- Symlinking: /root/ros2_ws/install/open_manipulator/share/ament_index/resource_index/parent_prefix_path/open_manipulator
[0.908s] -- Symlinking: /root/ros2_ws/install/open_manipulator/share/open_manipulator/environment/ament_prefix_path.sh
[0.917s] -- Symlinking: /root/ros2_ws/install/open_manipulator/share/open_manipulator/environment/ament_prefix_path.dsv
[0.927s] -- Symlinking: /root/ros2_ws/install/open_manipulator/share/open_manipulator/environment/path.sh
[0.936s] -- Symlinking: /root/ros2_ws/install/open_manipulator/share/open_manipulator/environment/path.dsv
[0.945s] -- Symlinking: /root/ros2_ws/install/open_manipulator/share/open_manipulator/local_setup.bash
[0.955s] -- Symlinking: /root/ros2_ws/install/open_manipulator/share/open_manipulator/local_setup.sh
[0.964s] -- Symlinking: /root/ros2_ws/install/open_manipulator/share/open_manipulator/local_setup.zsh
[0.973s] -- Symlinking: /root/ros2_ws/install/open_manipulator/share/open_manipulator/local_setup.dsv
[0.983s] -- Symlinking: /root/ros2_ws/install/open_manipulator/share/open_manipulator/package.dsv
[0.993s] -- Symlinking: /root/ros2_ws/install/open_manipulator/share/ament_index/resource_index/packages/open_manipulator
[1.002s] -- Symlinking: /root/ros2_ws/install/open_manipulator/share/open_manipulator/cmake/open_manipulatorConfig.cmake
[1.011s] -- Symlinking: /root/ros2_ws/install/open_manipulator/share/open_manipulator/cmake/open_manipulatorConfig-version.cmake
[1.021s] -- Symlinking: /root/ros2_ws/install/open_manipulator/share/open_manipulator/package.xml
[1.033s] Invoked command in '/root/ros2_ws/build/open_manipulator' returned '0': AMENT_PREFIX_PATH=/root/ros2_ws/install/open_manipulator_x_controller:/root/ros2_ws/install/open_manipulator_x_libs:/root/ros2_ws/install/robotis_manipulator:/root/ros2_ws/install/dynamixel_workbench_toolbox:/root/ros2_ws/install/open_manipulator_x_description:/root/ros2_ws/install/open_manipulator_msgs:/root/ros2_ws/install/dynamixel_sdk:/root/ros2_ws/install/cmake_modules:${AMENT_PREFIX_PATH} CMAKE_PREFIX_PATH=/root/ros2_ws/install/open_manipulator_x_controller:/root/ros2_ws/install/open_manipulator_x_libs:/root/ros2_ws/install/robotis_manipulator:/root/ros2_ws/install/dynamixel_workbench_toolbox:/root/ros2_ws/install/open_manipulator_x_description:/root/ros2_ws/install/open_manipulator_msgs:/root/ros2_ws/install/dynamixel_sdk:/root/ros2_ws/install/cmake_modules:/opt/ros/humble LD_LIBRARY_PATH=/root/ros2_ws/install/open_manipulator_x_libs/lib:/root/ros2_ws/install/robotis_manipulator/lib:/root/ros2_ws/install/dynamixel_workbench_toolbox/lib:/root/ros2_ws/install/open_manipulator_msgs/lib:/root/ros2_ws/install/dynamixel_sdk/lib:${LD_LIBRARY_PATH} PYTHONPATH=/root/ros2_ws/install/open_manipulator_msgs/local/lib/python3.10/dist-packages:${PYTHONPATH} /usr/bin/cmake --install /root/ros2_ws/build/open_manipulator
