/root/ros2_ws/RBE-500-Foundations-Of-Robotics/install/team_project/lib/python3.10/site-packages/team_project/constants.py
/root/ros2_ws/RBE-500-Foundations-Of-Robotics/install/team_project/lib/python3.10/site-packages/team_project/utils.py
/root/ros2_ws/RBE-500-Foundations-Of-Robotics/install/team_project/lib/python3.10/site-packages/team_project/fwd_kinematics.py
/root/ros2_ws/RBE-500-Foundations-Of-Robotics/install/team_project/lib/python3.10/site-packages/team_project/__init__.py
/root/ros2_ws/RBE-500-Foundations-Of-Robotics/install/team_project/lib/python3.10/site-packages/team_project/inv_kinematics.py
/root/ros2_ws/RBE-500-Foundations-Of-Robotics/install/team_project/lib/python3.10/site-packages/team_project/__pycache__/constants.cpython-310.pyc
/root/ros2_ws/RBE-500-Foundations-Of-Robotics/install/team_project/lib/python3.10/site-packages/team_project/__pycache__/utils.cpython-310.pyc
/root/ros2_ws/RBE-500-Foundations-Of-Robotics/install/team_project/lib/python3.10/site-packages/team_project/__pycache__/fwd_kinematics.cpython-310.pyc
/root/ros2_ws/RBE-500-Foundations-Of-Robotics/install/team_project/lib/python3.10/site-packages/team_project/__pycache__/__init__.cpython-310.pyc
/root/ros2_ws/RBE-500-Foundations-Of-Robotics/install/team_project/lib/python3.10/site-packages/team_project/__pycache__/inv_kinematics.cpython-310.pyc
/root/ros2_ws/RBE-500-Foundations-Of-Robotics/install/team_project/share/ament_index/resource_index/packages/team_project
/root/ros2_ws/RBE-500-Foundations-Of-Robotics/install/team_project/share/team_project/package.xml
/root/ros2_ws/RBE-500-Foundations-Of-Robotics/install/team_project/lib/python3.10/site-packages/team_project-0.0.0-py3.10.egg-info/zip-safe
/root/ros2_ws/RBE-500-Foundations-Of-Robotics/install/team_project/lib/python3.10/site-packages/team_project-0.0.0-py3.10.egg-info/entry_points.txt
/root/ros2_ws/RBE-500-Foundations-Of-Robotics/install/team_project/lib/python3.10/site-packages/team_project-0.0.0-py3.10.egg-info/dependency_links.txt
/root/ros2_ws/RBE-500-Foundations-Of-Robotics/install/team_project/lib/python3.10/site-packages/team_project-0.0.0-py3.10.egg-info/top_level.txt
/root/ros2_ws/RBE-500-Foundations-Of-Robotics/install/team_project/lib/python3.10/site-packages/team_project-0.0.0-py3.10.egg-info/PKG-INFO
/root/ros2_ws/RBE-500-Foundations-Of-Robotics/install/team_project/lib/python3.10/site-packages/team_project-0.0.0-py3.10.egg-info/requires.txt
/root/ros2_ws/RBE-500-Foundations-Of-Robotics/install/team_project/lib/python3.10/site-packages/team_project-0.0.0-py3.10.egg-info/SOURCES.txt
/root/ros2_ws/RBE-500-Foundations-Of-Robotics/install/team_project/lib/team_project/fwd_kinematics
/root/ros2_ws/RBE-500-Foundations-Of-Robotics/install/team_project/lib/team_project/inv_kinematics
