[0.017s] Invoking command in '/root/ros2_ws/build/open_manipulator_x_libs': AMENT_PREFIX_PATH=/root/ros2_ws/install/robotis_manipulator:/root/ros2_ws/install/dynamixel_workbench_toolbox:/root/ros2_ws/install/dynamixel_sdk:/root/ros2_ws/install/cmake_modules:${AMENT_PREFIX_PATH} CMAKE_PREFIX_PATH=/root/ros2_ws/install/robotis_manipulator:/root/ros2_ws/install/dynamixel_workbench_toolbox:/root/ros2_ws/install/dynamixel_sdk:/root/ros2_ws/install/cmake_modules:/opt/ros/humble LD_LIBRARY_PATH=/root/ros2_ws/install/robotis_manipulator/lib:/root/ros2_ws/install/dynamixel_workbench_toolbox/lib:/root/ros2_ws/install/dynamixel_sdk/lib:${LD_LIBRARY_PATH} /usr/bin/cmake /root/ros2_ws/src/open_manipulator/open_manipulator_x_libs -DAMENT_CMAKE_SYMLINK_INSTALL=1 -DCMAKE_INSTALL_PREFIX=/root/ros2_ws/install/open_manipulator_x_libs
[0.088s] -- The C compiler identification is GNU 11.4.0
[0.164s] -- The CXX compiler identification is GNU 11.4.0
[0.174s] -- Detecting C compiler ABI info
[0.266s] -- Detecting C compiler ABI info - done
[0.272s] -- Check for working C compiler: /usr/bin/cc - skipped
[0.272s] -- Detecting C compile features
[0.273s] -- Detecting C compile features - done
[0.276s] -- Detecting CXX compiler ABI info
[0.374s] -- Detecting CXX compiler ABI info - done
[0.384s] -- Check for working CXX compiler: /usr/bin/c++ - skipped
[0.384s] -- Detecting CXX compile features
[0.385s] -- Detecting CXX compile features - done
[0.406s] -- Found ament_cmake: 1.3.12 (/opt/ros/humble/share/ament_cmake/cmake)
[0.608s] -- Found Python3: /usr/bin/python3 (found version "3.10.12") found components: Interpreter 
[0.688s] -- Override CMake install command with custom implementation using symlinks instead of copying resources
[0.726s] -- Found dynamixel_workbench_toolbox: 2.2.3 (/root/ros2_ws/install/dynamixel_workbench_toolbox/share/dynamixel_workbench_toolbox/cmake)
[0.805s] -- Found rosidl_generator_c: 3.1.7 (/opt/ros/humble/share/rosidl_generator_c/cmake)
[0.815s] -- Found rosidl_adapter: 3.1.7 (/opt/ros/humble/share/rosidl_adapter/cmake)
[0.830s] -- Found rosidl_generator_cpp: 3.1.7 (/opt/ros/humble/share/rosidl_generator_cpp/cmake)
[0.849s] -- Using all available rosidl_typesupport_c: rosidl_typesupport_fastrtps_c;rosidl_typesupport_introspection_c
[0.875s] -- Using all available rosidl_typesupport_cpp: rosidl_typesupport_fastrtps_cpp;rosidl_typesupport_introspection_cpp
[0.927s] -- Found rmw_implementation_cmake: 6.1.2 (/opt/ros/humble/share/rmw_implementation_cmake/cmake)
[0.930s] -- Found rmw_fastrtps_cpp: 6.2.8 (/opt/ros/humble/share/rmw_fastrtps_cpp/cmake)
[1.031s] -- Found OpenSSL: /usr/lib/x86_64-linux-gnu/libcrypto.so (found version "3.0.2")  
[1.079s] -- Found FastRTPS: /opt/ros/humble/include  
[1.153s] -- Using RMW implementation 'rmw_fastrtps_cpp' as default
[1.171s] -- Looking for pthread.h
[1.267s] -- Looking for pthread.h - found
[1.267s] -- Performing Test CMAKE_HAVE_LIBC_PTHREAD
[1.369s] -- Performing Test CMAKE_HAVE_LIBC_PTHREAD - Success
[1.370s] -- Found Threads: TRUE  
[1.417s] -- Found robotis_manipulator: 1.0.0 (/root/ros2_ws/install/robotis_manipulator/share/robotis_manipulator/cmake)
[1.515s] -- Configuring done
[1.527s] -- Generating done
[1.530s] -- Build files have been written to: /root/ros2_ws/build/open_manipulator_x_libs
[1.542s] Invoked command in '/root/ros2_ws/build/open_manipulator_x_libs' returned '0': AMENT_PREFIX_PATH=/root/ros2_ws/install/robotis_manipulator:/root/ros2_ws/install/dynamixel_workbench_toolbox:/root/ros2_ws/install/dynamixel_sdk:/root/ros2_ws/install/cmake_modules:${AMENT_PREFIX_PATH} CMAKE_PREFIX_PATH=/root/ros2_ws/install/robotis_manipulator:/root/ros2_ws/install/dynamixel_workbench_toolbox:/root/ros2_ws/install/dynamixel_sdk:/root/ros2_ws/install/cmake_modules:/opt/ros/humble LD_LIBRARY_PATH=/root/ros2_ws/install/robotis_manipulator/lib:/root/ros2_ws/install/dynamixel_workbench_toolbox/lib:/root/ros2_ws/install/dynamixel_sdk/lib:${LD_LIBRARY_PATH} /usr/bin/cmake /root/ros2_ws/src/open_manipulator/open_manipulator_x_libs -DAMENT_CMAKE_SYMLINK_INSTALL=1 -DCMAKE_INSTALL_PREFIX=/root/ros2_ws/install/open_manipulator_x_libs
[1.542s] Invoking command in '/root/ros2_ws/build/open_manipulator_x_libs': AMENT_PREFIX_PATH=/root/ros2_ws/install/robotis_manipulator:/root/ros2_ws/install/dynamixel_workbench_toolbox:/root/ros2_ws/install/dynamixel_sdk:/root/ros2_ws/install/cmake_modules:${AMENT_PREFIX_PATH} CMAKE_PREFIX_PATH=/root/ros2_ws/install/robotis_manipulator:/root/ros2_ws/install/dynamixel_workbench_toolbox:/root/ros2_ws/install/dynamixel_sdk:/root/ros2_ws/install/cmake_modules:/opt/ros/humble LD_LIBRARY_PATH=/root/ros2_ws/install/robotis_manipulator/lib:/root/ros2_ws/install/dynamixel_workbench_toolbox/lib:/root/ros2_ws/install/dynamixel_sdk/lib:${LD_LIBRARY_PATH} /usr/bin/cmake --build /root/ros2_ws/build/open_manipulator_x_libs -- -j24 -l24
[1.617s] [ 60%] [32mBuilding CXX object CMakeFiles/open_manipulator_x_libs.dir/src/dynamixel.cpp.o[0m
[1.617s] [ 60%] [32mBuilding CXX object CMakeFiles/open_manipulator_x_libs.dir/src/kinematics.cpp.o[0m
[1.618s] [ 60%] [32mBuilding CXX object CMakeFiles/open_manipulator_x_libs.dir/src/custom_trajectory.cpp.o[0m
[1.618s] [ 80%] [32mBuilding CXX object CMakeFiles/open_manipulator_x_libs.dir/src/open_manipulator_x.cpp.o[0m
[2.725s] [01m[K/root/ros2_ws/src/open_manipulator/open_manipulator_x_libs/src/kinematics.cpp:[m[K In member function ‘[01m[Kvirtual void kinematics::SolverUsingCRAndJacobian::setOption(const void*)[m[K’:
[2.726s] [01m[K/root/ros2_ws/src/open_manipulator/open_manipulator_x_libs/src/kinematics.cpp:25:54:[m[K [01;35m[Kwarning: [m[Kunused parameter ‘[01m[Karg[m[K’ [[01;35m[K-Wunused-parameter[m[K]
[2.726s]    25 | void SolverUsingCRAndJacobian::setOption([01;35m[Kconst void *arg[m[K){}
[2.726s]       |                                          [01;35m[K~~~~~~~~~~~~^~~[m[K
[2.740s] [01m[K/root/ros2_ws/src/open_manipulator/open_manipulator_x_libs/src/custom_trajectory.cpp:[m[K In member function ‘[01m[Kvirtual void custom_trajectory::Line::setOption(const void*)[m[K’:
[2.740s] [01m[K/root/ros2_ws/src/open_manipulator/open_manipulator_x_libs/src/custom_trajectory.cpp:93:34:[m[K [01;35m[Kwarning: [m[Kunused parameter ‘[01m[Karg[m[K’ [[01;35m[K-Wunused-parameter[m[K]
[2.740s]    93 | void Line::setOption([01;35m[Kconst void *arg[m[K) {}
[2.740s]       |                      [01;35m[K~~~~~~~~~~~~^~~[m[K
[2.742s] [01m[K/root/ros2_ws/src/open_manipulator/open_manipulator_x_libs/src/custom_trajectory.cpp:[m[K In member function ‘[01m[Kvirtual void custom_trajectory::Circle::setOption(const void*)[m[K’:
[2.742s] [01m[K/root/ros2_ws/src/open_manipulator/open_manipulator_x_libs/src/custom_trajectory.cpp:167:36:[m[K [01;35m[Kwarning: [m[Kunused parameter ‘[01m[Karg[m[K’ [[01;35m[K-Wunused-parameter[m[K]
[2.742s]   167 | void Circle::setOption([01;35m[Kconst void *arg[m[K){}
[2.742s]       |                        [01;35m[K~~~~~~~~~~~~^~~[m[K
[2.744s] [01m[K/root/ros2_ws/src/open_manipulator/open_manipulator_x_libs/src/custom_trajectory.cpp:[m[K In member function ‘[01m[Kvirtual void custom_trajectory::Rhombus::setOption(const void*)[m[K’:
[2.744s] [01m[K/root/ros2_ws/src/open_manipulator/open_manipulator_x_libs/src/custom_trajectory.cpp:260:37:[m[K [01;35m[Kwarning: [m[Kunused parameter ‘[01m[Karg[m[K’ [[01;35m[K-Wunused-parameter[m[K]
[2.744s]   260 | void Rhombus::setOption([01;35m[Kconst void *arg[m[K){}
[2.745s]       |                         [01;35m[K~~~~~~~~~~~~^~~[m[K
[2.746s] [01m[K/root/ros2_ws/src/open_manipulator/open_manipulator_x_libs/src/custom_trajectory.cpp:[m[K In member function ‘[01m[Kvirtual void custom_trajectory::Heart::setOption(const void*)[m[K’:
[2.746s] [01m[K/root/ros2_ws/src/open_manipulator/open_manipulator_x_libs/src/custom_trajectory.cpp:334:35:[m[K [01;35m[Kwarning: [m[Kunused parameter ‘[01m[Karg[m[K’ [[01;35m[K-Wunused-parameter[m[K]
[2.746s]   334 | void Heart::setOption([01;35m[Kconst void *arg[m[K){}
[2.746s]       |                       [01;35m[K~~~~~~~~~~~~^~~[m[K
[2.750s] [01m[K/root/ros2_ws/src/open_manipulator/open_manipulator_x_libs/src/dynamixel.cpp:[m[K In member function ‘[01m[Kbool dynamixel::JointDynamixel::write_goal_position(std::vector<unsigned char>, std::vector<double>)[m[K’:
[2.750s] [01m[K/root/ros2_ws/src/open_manipulator/open_manipulator_x_libs/src/dynamixel.cpp:268:11:[m[K [01;35m[Kwarning: [m[KISO C++ forbids variable length array ‘[01m[Kid_array[m[K’ [[01;35m[K-Wvla[m[K]
[2.750s]   268 |   uint8_t [01;35m[Kid_array[m[K[actuator_id.size()];
[2.750s]       |           [01;35m[K^~~~~~~~[m[K
[2.750s] [01m[K/root/ros2_ws/src/open_manipulator/open_manipulator_x_libs/src/dynamixel.cpp:269:11:[m[K [01;35m[Kwarning: [m[KISO C++ forbids variable length array ‘[01m[Kgoal_position[m[K’ [[01;35m[K-Wvla[m[K]
[2.750s]   269 |   int32_t [01;35m[Kgoal_position[m[K[actuator_id.size()];
[2.750s]       |           [01;35m[K^~~~~~~~~~~~~[m[K
[2.751s] [01m[K/root/ros2_ws/src/open_manipulator/open_manipulator_x_libs/src/dynamixel.cpp:[m[K In member function ‘[01m[Kstd::vector<robotis_manipulator::_Point> dynamixel::JointDynamixel::receive_all_dynamixel_value(std::vector<unsigned char>)[m[K’:
[2.751s] [01m[K/root/ros2_ws/src/open_manipulator/open_manipulator_x_libs/src/dynamixel.cpp:293:11:[m[K [01;35m[Kwarning: [m[KISO C++ forbids variable length array ‘[01m[Kid_array[m[K’ [[01;35m[K-Wvla[m[K]
[2.751s]   293 |   uint8_t [01;35m[Kid_array[m[K[actuator_id.size()];
[2.751s]       |           [01;35m[K^~~~~~~~[m[K
[2.751s] [01m[K/root/ros2_ws/src/open_manipulator/open_manipulator_x_libs/src/dynamixel.cpp:297:11:[m[K [01;35m[Kwarning: [m[KISO C++ forbids variable length array ‘[01m[Kget_current[m[K’ [[01;35m[K-Wvla[m[K]
[2.751s]   297 |   int32_t [01;35m[Kget_current[m[K[actuator_id.size()];
[2.751s]       |           [01;35m[K^~~~~~~~~~~[m[K
[2.751s] [01m[K/root/ros2_ws/src/open_manipulator/open_manipulator_x_libs/src/dynamixel.cpp:298:11:[m[K [01;35m[Kwarning: [m[KISO C++ forbids variable length array ‘[01m[Kget_velocity[m[K’ [[01;35m[K-Wvla[m[K]
[2.751s]   298 |   int32_t [01;35m[Kget_velocity[m[K[actuator_id.size()];
[2.751s]       |           [01;35m[K^~~~~~~~~~~~[m[K
[2.751s] [01m[K/root/ros2_ws/src/open_manipulator/open_manipulator_x_libs/src/dynamixel.cpp:299:11:[m[K [01;35m[Kwarning: [m[KISO C++ forbids variable length array ‘[01m[Kget_position[m[K’ [[01;35m[K-Wvla[m[K]
[2.751s]   299 |   int32_t [01;35m[Kget_position[m[K[actuator_id.size()];
[2.751s]       |           [01;35m[K^~~~~~~~~~~~[m[K
[2.754s] [01m[K/root/ros2_ws/src/open_manipulator/open_manipulator_x_libs/src/dynamixel.cpp:[m[K In member function ‘[01m[Kbool dynamixel::JointDynamixelProfileControl::write_goal_profiling_control_value(std::vector<unsigned char>, std::vector<robotis_manipulator::_Point>)[m[K’:
[2.755s] [01m[K/root/ros2_ws/src/open_manipulator/open_manipulator_x_libs/src/dynamixel.cpp:604:11:[m[K [01;35m[Kwarning: [m[KISO C++ forbids variable length array ‘[01m[Kid_array[m[K’ [[01;35m[K-Wvla[m[K]
[2.755s]   604 |   uint8_t [01;35m[Kid_array[m[K[actuator_id.size()];
[2.755s]       |           [01;35m[K^~~~~~~~[m[K
[2.755s] [01m[K/root/ros2_ws/src/open_manipulator/open_manipulator_x_libs/src/dynamixel.cpp:605:11:[m[K [01;35m[Kwarning: [m[KISO C++ forbids variable length array ‘[01m[Kgoal_value[m[K’ [[01;35m[K-Wvla[m[K]
[2.755s]   605 |   int32_t [01;35m[Kgoal_value[m[K[actuator_id.size()];
[2.755s]       |           [01;35m[K^~~~~~~~~~[m[K
[2.762s] [01m[K/root/ros2_ws/src/open_manipulator/open_manipulator_x_libs/src/dynamixel.cpp:[m[K In member function ‘[01m[Kstd::vector<robotis_manipulator::_Point> dynamixel::JointDynamixelProfileControl::receive_all_dynamixel_value(std::vector<unsigned char>)[m[K’:
[2.762s] [01m[K/root/ros2_ws/src/open_manipulator/open_manipulator_x_libs/src/dynamixel.cpp:641:11:[m[K [01;35m[Kwarning: [m[KISO C++ forbids variable length array ‘[01m[Kid_array[m[K’ [[01;35m[K-Wvla[m[K]
[2.762s]   641 |   uint8_t [01;35m[Kid_array[m[K[actuator_id.size()];
[2.762s]       |           [01;35m[K^~~~~~~~[m[K
[2.762s] [01m[K/root/ros2_ws/src/open_manipulator/open_manipulator_x_libs/src/dynamixel.cpp:645:11:[m[K [01;35m[Kwarning: [m[KISO C++ forbids variable length array ‘[01m[Kget_current[m[K’ [[01;35m[K-Wvla[m[K]
[2.762s]   645 |   int32_t [01;35m[Kget_current[m[K[actuator_id.size()];
[2.762s]       |           [01;35m[K^~~~~~~~~~~[m[K
[2.762s] [01m[K/root/ros2_ws/src/open_manipulator/open_manipulator_x_libs/src/dynamixel.cpp:646:11:[m[K [01;35m[Kwarning: [m[KISO C++ forbids variable length array ‘[01m[Kget_velocity[m[K’ [[01;35m[K-Wvla[m[K]
[2.762s]   646 |   int32_t [01;35m[Kget_velocity[m[K[actuator_id.size()];
[2.763s]       |           [01;35m[K^~~~~~~~~~~~[m[K
[2.763s] [01m[K/root/ros2_ws/src/open_manipulator/open_manipulator_x_libs/src/dynamixel.cpp:647:11:[m[K [01;35m[Kwarning: [m[KISO C++ forbids variable length array ‘[01m[Kget_position[m[K’ [[01;35m[K-Wvla[m[K]
[2.763s]   647 |   int32_t [01;35m[Kget_position[m[K[actuator_id.size()];
[2.763s]       |           [01;35m[K^~~~~~~~~~~~[m[K
[2.856s] [01m[K/root/ros2_ws/src/open_manipulator/open_manipulator_x_libs/src/kinematics.cpp:[m[K In member function ‘[01m[Kvirtual void kinematics::SolverUsingCRAndSRJacobian::setOption(const void*)[m[K’:
[2.856s] [01m[K/root/ros2_ws/src/open_manipulator/open_manipulator_x_libs/src/kinematics.cpp:179:56:[m[K [01;35m[Kwarning: [m[Kunused parameter ‘[01m[Karg[m[K’ [[01;35m[K-Wunused-parameter[m[K]
[2.856s]   179 | void SolverUsingCRAndSRJacobian::setOption([01;35m[Kconst void *arg[m[K){}
[2.856s]       |                                            [01;35m[K~~~~~~~~~~~~^~~[m[K
[2.937s] [01m[K/root/ros2_ws/src/open_manipulator/open_manipulator_x_libs/src/kinematics.cpp:[m[K In member function ‘[01m[Kvirtual void kinematics::SolverUsingCRAndSRPositionOnlyJacobian::setOption(const void*)[m[K’:
[2.937s] [01m[K/root/ros2_ws/src/open_manipulator/open_manipulator_x_libs/src/kinematics.cpp:445:68:[m[K [01;35m[Kwarning: [m[Kunused parameter ‘[01m[Karg[m[K’ [[01;35m[K-Wunused-parameter[m[K]
[2.937s]   445 | void SolverUsingCRAndSRPositionOnlyJacobian::setOption([01;35m[Kconst void *arg[m[K){}
[2.937s]       |                                                        [01;35m[K~~~~~~~~~~~~^~~[m[K
[2.998s] [01m[K/root/ros2_ws/src/open_manipulator/open_manipulator_x_libs/src/kinematics.cpp:[m[K In member function ‘[01m[Kvirtual void kinematics::SolverCustomizedforOMChain::setOption(const void*)[m[K’:
[2.998s] [01m[K/root/ros2_ws/src/open_manipulator/open_manipulator_x_libs/src/kinematics.cpp:711:56:[m[K [01;35m[Kwarning: [m[Kunused parameter ‘[01m[Karg[m[K’ [[01;35m[K-Wunused-parameter[m[K]
[2.998s]   711 | void SolverCustomizedforOMChain::setOption([01;35m[Kconst void *arg[m[K){}
[2.998s]       |                                            [01;35m[K~~~~~~~~~~~~^~~[m[K
[9.566s] [100%] [32m[1mLinking CXX shared library libopen_manipulator_x_libs.so[0m
[9.953s] [100%] Built target open_manipulator_x_libs
[9.969s] Invoked command in '/root/ros2_ws/build/open_manipulator_x_libs' returned '0': AMENT_PREFIX_PATH=/root/ros2_ws/install/robotis_manipulator:/root/ros2_ws/install/dynamixel_workbench_toolbox:/root/ros2_ws/install/dynamixel_sdk:/root/ros2_ws/install/cmake_modules:${AMENT_PREFIX_PATH} CMAKE_PREFIX_PATH=/root/ros2_ws/install/robotis_manipulator:/root/ros2_ws/install/dynamixel_workbench_toolbox:/root/ros2_ws/install/dynamixel_sdk:/root/ros2_ws/install/cmake_modules:/opt/ros/humble LD_LIBRARY_PATH=/root/ros2_ws/install/robotis_manipulator/lib:/root/ros2_ws/install/dynamixel_workbench_toolbox/lib:/root/ros2_ws/install/dynamixel_sdk/lib:${LD_LIBRARY_PATH} /usr/bin/cmake --build /root/ros2_ws/build/open_manipulator_x_libs -- -j24 -l24
[9.971s] Invoking command in '/root/ros2_ws/build/open_manipulator_x_libs': AMENT_PREFIX_PATH=/root/ros2_ws/install/robotis_manipulator:/root/ros2_ws/install/dynamixel_workbench_toolbox:/root/ros2_ws/install/dynamixel_sdk:/root/ros2_ws/install/cmake_modules:${AMENT_PREFIX_PATH} CMAKE_PREFIX_PATH=/root/ros2_ws/install/robotis_manipulator:/root/ros2_ws/install/dynamixel_workbench_toolbox:/root/ros2_ws/install/dynamixel_sdk:/root/ros2_ws/install/cmake_modules:/opt/ros/humble LD_LIBRARY_PATH=/root/ros2_ws/install/robotis_manipulator/lib:/root/ros2_ws/install/dynamixel_workbench_toolbox/lib:/root/ros2_ws/install/dynamixel_sdk/lib:${LD_LIBRARY_PATH} /usr/bin/cmake --install /root/ros2_ws/build/open_manipulator_x_libs
[9.980s] -- Install configuration: ""
[9.981s] -- Execute custom install script
[9.982s] -- Symlinking: /root/ros2_ws/install/open_manipulator_x_libs/lib/libopen_manipulator_x_libs.so
[9.993s] -- Symlinking: /root/ros2_ws/install/open_manipulator_x_libs/include//open_manipulator_x_libs/custom_trajectory.hpp
[10.003s] -- Symlinking: /root/ros2_ws/install/open_manipulator_x_libs/include//open_manipulator_x_libs/dynamixel.hpp
[10.013s] -- Symlinking: /root/ros2_ws/install/open_manipulator_x_libs/include//open_manipulator_x_libs/kinematics.hpp
[10.024s] -- Symlinking: /root/ros2_ws/install/open_manipulator_x_libs/include//open_manipulator_x_libs/open_manipulator_x.hpp
[10.034s] -- Symlinking: /root/ros2_ws/install/open_manipulator_x_libs/share/open_manipulator_x_libs/environment/library_path.sh
[10.044s] -- Symlinking: /root/ros2_ws/install/open_manipulator_x_libs/share/open_manipulator_x_libs/environment/library_path.dsv
[10.056s] -- Symlinking: /root/ros2_ws/install/open_manipulator_x_libs/share/ament_index/resource_index/package_run_dependencies/open_manipulator_x_libs
[10.068s] -- Symlinking: /root/ros2_ws/install/open_manipulator_x_libs/share/ament_index/resource_index/parent_prefix_path/open_manipulator_x_libs
[10.081s] -- Symlinking: /root/ros2_ws/install/open_manipulator_x_libs/share/open_manipulator_x_libs/environment/ament_prefix_path.sh
[10.092s] -- Symlinking: /root/ros2_ws/install/open_manipulator_x_libs/share/open_manipulator_x_libs/environment/ament_prefix_path.dsv
[10.102s] -- Symlinking: /root/ros2_ws/install/open_manipulator_x_libs/share/open_manipulator_x_libs/environment/path.sh
[10.111s] -- Symlinking: /root/ros2_ws/install/open_manipulator_x_libs/share/open_manipulator_x_libs/environment/path.dsv
[10.121s] -- Symlinking: /root/ros2_ws/install/open_manipulator_x_libs/share/open_manipulator_x_libs/local_setup.bash
[10.130s] -- Symlinking: /root/ros2_ws/install/open_manipulator_x_libs/share/open_manipulator_x_libs/local_setup.sh
[10.139s] -- Symlinking: /root/ros2_ws/install/open_manipulator_x_libs/share/open_manipulator_x_libs/local_setup.zsh
[10.149s] -- Symlinking: /root/ros2_ws/install/open_manipulator_x_libs/share/open_manipulator_x_libs/local_setup.dsv
[10.159s] -- Symlinking: /root/ros2_ws/install/open_manipulator_x_libs/share/open_manipulator_x_libs/package.dsv
[10.168s] -- Symlinking: /root/ros2_ws/install/open_manipulator_x_libs/share/ament_index/resource_index/packages/open_manipulator_x_libs
[10.177s] -- Symlinking: /root/ros2_ws/install/open_manipulator_x_libs/share/open_manipulator_x_libs/cmake/ament_cmake_export_include_directories-extras.cmake
[10.187s] -- Symlinking: /root/ros2_ws/install/open_manipulator_x_libs/share/open_manipulator_x_libs/cmake/ament_cmake_export_dependencies-extras.cmake
[10.196s] -- Symlinking: /root/ros2_ws/install/open_manipulator_x_libs/share/open_manipulator_x_libs/cmake/ament_cmake_export_libraries-extras.cmake
[10.205s] -- Symlinking: /root/ros2_ws/install/open_manipulator_x_libs/share/open_manipulator_x_libs/cmake/open_manipulator_x_libsConfig.cmake
[10.214s] -- Symlinking: /root/ros2_ws/install/open_manipulator_x_libs/share/open_manipulator_x_libs/cmake/open_manipulator_x_libsConfig-version.cmake
[10.223s] -- Symlinking: /root/ros2_ws/install/open_manipulator_x_libs/share/open_manipulator_x_libs/package.xml
[10.235s] Invoked command in '/root/ros2_ws/build/open_manipulator_x_libs' returned '0': AMENT_PREFIX_PATH=/root/ros2_ws/install/robotis_manipulator:/root/ros2_ws/install/dynamixel_workbench_toolbox:/root/ros2_ws/install/dynamixel_sdk:/root/ros2_ws/install/cmake_modules:${AMENT_PREFIX_PATH} CMAKE_PREFIX_PATH=/root/ros2_ws/install/robotis_manipulator:/root/ros2_ws/install/dynamixel_workbench_toolbox:/root/ros2_ws/install/dynamixel_sdk:/root/ros2_ws/install/cmake_modules:/opt/ros/humble LD_LIBRARY_PATH=/root/ros2_ws/install/robotis_manipulator/lib:/root/ros2_ws/install/dynamixel_workbench_toolbox/lib:/root/ros2_ws/install/dynamixel_sdk/lib:${LD_LIBRARY_PATH} /usr/bin/cmake --install /root/ros2_ws/build/open_manipulator_x_libs
