[0.583s] Invoking command in '/root/ros2_ws/RBE-500-Foundations-Of-Robotics/src/team_project': PYTHONPATH=/root/ros2_ws/RBE-500-Foundations-Of-Robotics/build/team_project/prefix_override:/usr/lib/python3/dist-packages/colcon_core/task/python/colcon_distutils_commands:/root/ros2_ws/RBE-500-Foundations-Of-Robotics/install/team_project/lib/python3.10/site-packages:${PYTHONPATH} /usr/bin/python3 -W ignore:setup.py install is deprecated -W ignore:easy_install command is deprecated setup.py egg_info --egg-base ../../build/team_project build --build-base /root/ros2_ws/RBE-500-Foundations-Of-Robotics/build/team_project/build install --record /root/ros2_ws/RBE-500-Foundations-Of-Robotics/build/team_project/install.log --single-version-externally-managed install_data
[0.774s] running egg_info
[0.774s] creating ../../build/team_project/team_project.egg-info
[0.774s] writing ../../build/team_project/team_project.egg-info/PKG-INFO
[0.775s] writing dependency_links to ../../build/team_project/team_project.egg-info/dependency_links.txt
[0.775s] writing entry points to ../../build/team_project/team_project.egg-info/entry_points.txt
[0.775s] writing requirements to ../../build/team_project/team_project.egg-info/requires.txt
[0.775s] writing top-level names to ../../build/team_project/team_project.egg-info/top_level.txt
[0.775s] writing manifest file '../../build/team_project/team_project.egg-info/SOURCES.txt'
[0.776s] reading manifest file '../../build/team_project/team_project.egg-info/SOURCES.txt'
[0.776s] adding license file 'LICENSE'
[0.776s] writing manifest file '../../build/team_project/team_project.egg-info/SOURCES.txt'
[0.776s] running build
[0.777s] running build_py
[0.777s] creating /root/ros2_ws/RBE-500-Foundations-Of-Robotics/build/team_project/build
[0.777s] creating /root/ros2_ws/RBE-500-Foundations-Of-Robotics/build/team_project/build/lib
[0.777s] creating /root/ros2_ws/RBE-500-Foundations-Of-Robotics/build/team_project/build/lib/team_project
[0.777s] copying team_project/constants.py -> /root/ros2_ws/RBE-500-Foundations-Of-Robotics/build/team_project/build/lib/team_project
[0.777s] copying team_project/utils.py -> /root/ros2_ws/RBE-500-Foundations-Of-Robotics/build/team_project/build/lib/team_project
[0.777s] copying team_project/fwd_kinematics.py -> /root/ros2_ws/RBE-500-Foundations-Of-Robotics/build/team_project/build/lib/team_project
[0.777s] copying team_project/__init__.py -> /root/ros2_ws/RBE-500-Foundations-Of-Robotics/build/team_project/build/lib/team_project
[0.777s] copying team_project/inv_kinematics.py -> /root/ros2_ws/RBE-500-Foundations-Of-Robotics/build/team_project/build/lib/team_project
[0.777s] running install
[0.777s] running install_lib
[0.778s] creating /root/ros2_ws/RBE-500-Foundations-Of-Robotics/install/team_project/lib/python3.10/site-packages/team_project
[0.778s] copying /root/ros2_ws/RBE-500-Foundations-Of-Robotics/build/team_project/build/lib/team_project/constants.py -> /root/ros2_ws/RBE-500-Foundations-Of-Robotics/install/team_project/lib/python3.10/site-packages/team_project
[0.778s] copying /root/ros2_ws/RBE-500-Foundations-Of-Robotics/build/team_project/build/lib/team_project/utils.py -> /root/ros2_ws/RBE-500-Foundations-Of-Robotics/install/team_project/lib/python3.10/site-packages/team_project
[0.778s] copying /root/ros2_ws/RBE-500-Foundations-Of-Robotics/build/team_project/build/lib/team_project/fwd_kinematics.py -> /root/ros2_ws/RBE-500-Foundations-Of-Robotics/install/team_project/lib/python3.10/site-packages/team_project
[0.778s] copying /root/ros2_ws/RBE-500-Foundations-Of-Robotics/build/team_project/build/lib/team_project/__init__.py -> /root/ros2_ws/RBE-500-Foundations-Of-Robotics/install/team_project/lib/python3.10/site-packages/team_project
[0.778s] copying /root/ros2_ws/RBE-500-Foundations-Of-Robotics/build/team_project/build/lib/team_project/inv_kinematics.py -> /root/ros2_ws/RBE-500-Foundations-Of-Robotics/install/team_project/lib/python3.10/site-packages/team_project
[0.778s] byte-compiling /root/ros2_ws/RBE-500-Foundations-Of-Robotics/install/team_project/lib/python3.10/site-packages/team_project/constants.py to constants.cpython-310.pyc
[0.778s] byte-compiling /root/ros2_ws/RBE-500-Foundations-Of-Robotics/install/team_project/lib/python3.10/site-packages/team_project/utils.py to utils.cpython-310.pyc
[0.779s] byte-compiling /root/ros2_ws/RBE-500-Foundations-Of-Robotics/install/team_project/lib/python3.10/site-packages/team_project/fwd_kinematics.py to fwd_kinematics.cpython-310.pyc
[0.780s] byte-compiling /root/ros2_ws/RBE-500-Foundations-Of-Robotics/install/team_project/lib/python3.10/site-packages/team_project/__init__.py to __init__.cpython-310.pyc
[0.780s] byte-compiling /root/ros2_ws/RBE-500-Foundations-Of-Robotics/install/team_project/lib/python3.10/site-packages/team_project/inv_kinematics.py to inv_kinematics.cpython-310.pyc
[0.780s] running install_data
[0.780s] creating /root/ros2_ws/RBE-500-Foundations-Of-Robotics/install/team_project/share/ament_index
[0.780s] creating /root/ros2_ws/RBE-500-Foundations-Of-Robotics/install/team_project/share/ament_index/resource_index
[0.781s] creating /root/ros2_ws/RBE-500-Foundations-Of-Robotics/install/team_project/share/ament_index/resource_index/packages
[0.781s] copying resource/team_project -> /root/ros2_ws/RBE-500-Foundations-Of-Robotics/install/team_project/share/ament_index/resource_index/packages
[0.781s] copying package.xml -> /root/ros2_ws/RBE-500-Foundations-Of-Robotics/install/team_project/share/team_project
[0.781s] running install_egg_info
[0.782s] Copying ../../build/team_project/team_project.egg-info to /root/ros2_ws/RBE-500-Foundations-Of-Robotics/install/team_project/lib/python3.10/site-packages/team_project-0.0.0-py3.10.egg-info
[0.782s] running install_scripts
[0.801s] Installing fwd_kinematics script to /root/ros2_ws/RBE-500-Foundations-Of-Robotics/install/team_project/lib/team_project
[0.801s] Installing inv_kinematics script to /root/ros2_ws/RBE-500-Foundations-Of-Robotics/install/team_project/lib/team_project
[0.801s] writing list of installed files to '/root/ros2_ws/RBE-500-Foundations-Of-Robotics/build/team_project/install.log'
[0.821s] Invoked command in '/root/ros2_ws/RBE-500-Foundations-Of-Robotics/src/team_project' returned '0': PYTHONPATH=/root/ros2_ws/RBE-500-Foundations-Of-Robotics/build/team_project/prefix_override:/usr/lib/python3/dist-packages/colcon_core/task/python/colcon_distutils_commands:/root/ros2_ws/RBE-500-Foundations-Of-Robotics/install/team_project/lib/python3.10/site-packages:${PYTHONPATH} /usr/bin/python3 -W ignore:setup.py install is deprecated -W ignore:easy_install command is deprecated setup.py egg_info --egg-base ../../build/team_project build --build-base /root/ros2_ws/RBE-500-Foundations-Of-Robotics/build/team_project/build install --record /root/ros2_ws/RBE-500-Foundations-Of-Robotics/build/team_project/install.log --single-version-externally-managed install_data
