[0.021s] Invoking command in '/root/ros2_ws/RBE-500-Foundations-Of-Robotics/build/interfaces_pkg': CMAKE_PREFIX_PATH=/opt/ros/humble /usr/bin/cmake /root/ros2_ws/RBE-500-Foundations-Of-Robotics/src/interfaces_pkg -DCMAKE_INSTALL_PREFIX=/root/ros2_ws/RBE-500-Foundations-Of-Robotics/install/interfaces_pkg
[0.163s] -- The C compiler identification is GNU 11.4.0
[0.248s] -- The CXX compiler identification is GNU 11.4.0
[0.259s] -- Detecting C compiler ABI info
[0.344s] -- Detecting C compiler ABI info - done
[0.352s] -- Check for working C compiler: /usr/bin/cc - skipped
[0.354s] -- Detecting C compile features
[0.355s] -- Detecting C compile features - done
[0.360s] -- Detecting CXX compiler ABI info
[0.456s] -- Detecting CXX compiler ABI info - done
[0.465s] -- Check for working CXX compiler: /usr/bin/c++ - skipped
[0.466s] -- Detecting CXX compile features
[0.466s] -- Detecting CXX compile features - done
[0.476s] -- Found ament_cmake: 1.3.12 (/opt/ros/humble/share/ament_cmake/cmake)
[0.659s] -- Found Python3: /usr/bin/python3 (found version "3.10.12") found components: Interpreter 
[0.788s] -- Found rosidl_default_generators: 1.2.0 (/opt/ros/humble/share/rosidl_default_generators/cmake)
[0.793s] -- Using all available rosidl_typesupport_c: rosidl_typesupport_fastrtps_c;rosidl_typesupport_introspection_c
[0.804s] -- Found rosidl_adapter: 3.1.7 (/opt/ros/humble/share/rosidl_adapter/cmake)
[0.869s] -- Using all available rosidl_typesupport_cpp: rosidl_typesupport_fastrtps_cpp;rosidl_typesupport_introspection_cpp
[0.920s] -- Found geometry_msgs: 4.9.0 (/opt/ros/humble/share/geometry_msgs/cmake)
[1.234s] [31mCMake Error at /opt/ros/humble/share/rosidl_cmake/cmake/rosidl_generate_interfaces.cmake:229 (message):
[1.235s]   Packages installing interfaces must include
[1.235s]   '<member_of_group>rosidl_interface_packages</member_of_group>' in their
[1.235s]   package.xml
[1.235s] Call Stack (most recent call first):
[1.235s]   CMakeLists.txt:9 (rosidl_generate_interfaces)
[1.235s] 
[1.235s] [0m
[1.235s] -- Configuring incomplete, errors occurred!
[1.235s] See also "/root/ros2_ws/RBE-500-Foundations-Of-Robotics/build/interfaces_pkg/CMakeFiles/CMakeOutput.log".
[1.243s] Invoked command in '/root/ros2_ws/RBE-500-Foundations-Of-Robotics/build/interfaces_pkg' returned '1': CMAKE_PREFIX_PATH=/opt/ros/humble /usr/bin/cmake /root/ros2_ws/RBE-500-Foundations-Of-Robotics/src/interfaces_pkg -DCMAKE_INSTALL_PREFIX=/root/ros2_ws/RBE-500-Foundations-Of-Robotics/install/interfaces_pkg
